[0.023s] Invoking command in '/home/liu/final_assessment/ros_ws/build/armor_interface': CMAKE_PREFIX_PATH=${CMAKE_PREFIX_PATH}:/home/liu/final_assessment/ros_ws/install/bringup:/home/liu/ros2_ws/install/launch_testing_examples:/home/liu/ros2_ws/install/examples_rclpy_pointcloud_publisher:/home/liu/ros2_ws/install/examples_rclpy_minimal_subscriber:/home/liu/ros2_ws/install/examples_rclpy_minimal_service:/home/liu/ros2_ws/install/examples_rclpy_minimal_publisher:/home/liu/ros2_ws/install/examples_rclpy_minimal_client:/home/liu/ros2_ws/install/examples_rclpy_minimal_action_server:/home/liu/ros2_ws/install/examples_rclpy_minimal_action_client:/home/liu/ros2_ws/install/examples_rclpy_guard_conditions:/home/liu/ros2_ws/install/examples_rclpy_executors:/opt/ros/humble /usr/bin/cmake --build /home/liu/final_assessment/ros_ws/build/armor_interface -- -j24 -l24
[0.215s] [  2%] Built target armor_interface__cpp
[0.215s] [ 12%] Built target armor_interface__rosidl_generator_c
[0.215s] [ 12%] Built target ament_cmake_python_copy_armor_interface
[0.215s] [ 23%] Built target armor_interface__rosidl_typesupport_fastrtps_cpp
[0.215s] [ 53%] Built target armor_interface__rosidl_typesupport_introspection_cpp
[0.215s] [ 53%] Built target armor_interface__rosidl_typesupport_fastrtps_c
[0.215s] [ 53%] Built target armor_interface__rosidl_typesupport_cpp
[0.215s] [ 64%] Built target armor_interface__rosidl_typesupport_introspection_c
[0.215s] [ 74%] Built target armor_interface__rosidl_typesupport_c
[0.215s] [ 74%] Built target armor_interface
[0.215s] [ 76%] Built target armor_interface__py
[0.215s] [ 84%] Built target armor_interface__rosidl_generator_py
[0.215s] [ 89%] Built target armor_interface__rosidl_typesupport_fastrtps_c__pyext
[0.215s] [ 94%] Built target armor_interface__rosidl_typesupport_c__pyext
[0.215s] [100%] Built target armor_interface__rosidl_typesupport_introspection_c__pyext
[0.232s] running egg_info
[0.232s] writing armor_interface.egg-info/PKG-INFO
[0.233s] writing dependency_links to armor_interface.egg-info/dependency_links.txt
[0.233s] writing top-level names to armor_interface.egg-info/top_level.txt
[0.234s] reading manifest file 'armor_interface.egg-info/SOURCES.txt'
[0.234s] writing manifest file 'armor_interface.egg-info/SOURCES.txt'
[0.253s] [100%] Built target ament_cmake_python_build_armor_interface_egg
[0.262s] Invoked command in '/home/liu/final_assessment/ros_ws/build/armor_interface' returned '0': CMAKE_PREFIX_PATH=${CMAKE_PREFIX_PATH}:/home/liu/final_assessment/ros_ws/install/bringup:/home/liu/ros2_ws/install/launch_testing_examples:/home/liu/ros2_ws/install/examples_rclpy_pointcloud_publisher:/home/liu/ros2_ws/install/examples_rclpy_minimal_subscriber:/home/liu/ros2_ws/install/examples_rclpy_minimal_service:/home/liu/ros2_ws/install/examples_rclpy_minimal_publisher:/home/liu/ros2_ws/install/examples_rclpy_minimal_client:/home/liu/ros2_ws/install/examples_rclpy_minimal_action_server:/home/liu/ros2_ws/install/examples_rclpy_minimal_action_client:/home/liu/ros2_ws/install/examples_rclpy_guard_conditions:/home/liu/ros2_ws/install/examples_rclpy_executors:/opt/ros/humble /usr/bin/cmake --build /home/liu/final_assessment/ros_ws/build/armor_interface -- -j24 -l24
[0.270s] Invoking command in '/home/liu/final_assessment/ros_ws/build/armor_interface': CMAKE_PREFIX_PATH=${CMAKE_PREFIX_PATH}:/home/liu/final_assessment/ros_ws/install/bringup:/home/liu/ros2_ws/install/launch_testing_examples:/home/liu/ros2_ws/install/examples_rclpy_pointcloud_publisher:/home/liu/ros2_ws/install/examples_rclpy_minimal_subscriber:/home/liu/ros2_ws/install/examples_rclpy_minimal_service:/home/liu/ros2_ws/install/examples_rclpy_minimal_publisher:/home/liu/ros2_ws/install/examples_rclpy_minimal_client:/home/liu/ros2_ws/install/examples_rclpy_minimal_action_server:/home/liu/ros2_ws/install/examples_rclpy_minimal_action_client:/home/liu/ros2_ws/install/examples_rclpy_guard_conditions:/home/liu/ros2_ws/install/examples_rclpy_executors:/opt/ros/humble /usr/bin/cmake --install /home/liu/final_assessment/ros_ws/build/armor_interface
[0.275s] -- Install configuration: ""
[0.275s] -- Up-to-date: /home/liu/final_assessment/ros_ws/install/armor_interface/share/ament_index/resource_index/rosidl_interfaces/armor_interface
[0.276s] -- Up-to-date: /home/liu/final_assessment/ros_ws/install/armor_interface/include/armor_interface/armor_interface
[0.276s] -- Up-to-date: /home/liu/final_assessment/ros_ws/install/armor_interface/include/armor_interface/armor_interface/msg
[0.276s] -- Up-to-date: /home/liu/final_assessment/ros_ws/install/armor_interface/include/armor_interface/armor_interface/msg/detail
[0.276s] -- Up-to-date: /home/liu/final_assessment/ros_ws/install/armor_interface/include/armor_interface/armor_interface/msg/detail/armor_points__functions.h
[0.276s] -- Up-to-date: /home/liu/final_assessment/ros_ws/install/armor_interface/include/armor_interface/armor_interface/msg/detail/armor_pose__struct.h
[0.276s] -- Up-to-date: /home/liu/final_assessment/ros_ws/install/armor_interface/include/armor_interface/armor_interface/msg/detail/armor_pose__type_support.h
[0.276s] -- Up-to-date: /home/liu/final_assessment/ros_ws/install/armor_interface/include/armor_interface/armor_interface/msg/detail/armor_pose__functions.h
[0.276s] -- Up-to-date: /home/liu/final_assessment/ros_ws/install/armor_interface/include/armor_interface/armor_interface/msg/detail/armor_points__type_support.h
[0.276s] -- Up-to-date: /home/liu/final_assessment/ros_ws/install/armor_interface/include/armor_interface/armor_interface/msg/detail/armor_points__struct.h
[0.276s] -- Up-to-date: /home/liu/final_assessment/ros_ws/install/armor_interface/include/armor_interface/armor_interface/msg/detail/armor_points__functions.c
[0.276s] -- Up-to-date: /home/liu/final_assessment/ros_ws/install/armor_interface/include/armor_interface/armor_interface/msg/detail/armor_pose__functions.c
[0.276s] -- Up-to-date: /home/liu/final_assessment/ros_ws/install/armor_interface/include/armor_interface/armor_interface/msg/armor_pose.h
[0.276s] -- Up-to-date: /home/liu/final_assessment/ros_ws/install/armor_interface/include/armor_interface/armor_interface/msg/rosidl_generator_c__visibility_control.h
[0.276s] -- Up-to-date: /home/liu/final_assessment/ros_ws/install/armor_interface/include/armor_interface/armor_interface/msg/armor_points.h
[0.276s] -- Up-to-date: /home/liu/final_assessment/ros_ws/install/armor_interface/share/armor_interface/environment/library_path.sh
[0.276s] -- Up-to-date: /home/liu/final_assessment/ros_ws/install/armor_interface/share/armor_interface/environment/library_path.dsv
[0.276s] -- Up-to-date: /home/liu/final_assessment/ros_ws/install/armor_interface/lib/libarmor_interface__rosidl_generator_c.so
[0.276s] -- Up-to-date: /home/liu/final_assessment/ros_ws/install/armor_interface/include/armor_interface/armor_interface
[0.276s] -- Up-to-date: /home/liu/final_assessment/ros_ws/install/armor_interface/include/armor_interface/armor_interface/msg
[0.276s] -- Up-to-date: /home/liu/final_assessment/ros_ws/install/armor_interface/include/armor_interface/armor_interface/msg/detail
[0.276s] -- Up-to-date: /home/liu/final_assessment/ros_ws/install/armor_interface/include/armor_interface/armor_interface/msg/detail/armor_pose__rosidl_typesupport_fastrtps_c.h
[0.276s] -- Up-to-date: /home/liu/final_assessment/ros_ws/install/armor_interface/include/armor_interface/armor_interface/msg/detail/armor_points__rosidl_typesupport_fastrtps_c.h
[0.276s] -- Up-to-date: /home/liu/final_assessment/ros_ws/install/armor_interface/include/armor_interface/armor_interface/msg/rosidl_typesupport_fastrtps_c__visibility_control.h
[0.276s] -- Up-to-date: /home/liu/final_assessment/ros_ws/install/armor_interface/lib/libarmor_interface__rosidl_typesupport_fastrtps_c.so
[0.276s] -- Up-to-date: /home/liu/final_assessment/ros_ws/install/armor_interface/include/armor_interface/armor_interface
[0.277s] -- Up-to-date: /home/liu/final_assessment/ros_ws/install/armor_interface/include/armor_interface/armor_interface/msg
[0.277s] -- Up-to-date: /home/liu/final_assessment/ros_ws/install/armor_interface/include/armor_interface/armor_interface/msg/detail
[0.277s] -- Up-to-date: /home/liu/final_assessment/ros_ws/install/armor_interface/include/armor_interface/armor_interface/msg/detail/armor_pose__rosidl_typesupport_introspection_c.h
[0.277s] -- Up-to-date: /home/liu/final_assessment/ros_ws/install/armor_interface/include/armor_interface/armor_interface/msg/detail/armor_pose__type_support.c
[0.277s] -- Up-to-date: /home/liu/final_assessment/ros_ws/install/armor_interface/include/armor_interface/armor_interface/msg/detail/armor_points__rosidl_typesupport_introspection_c.h
[0.277s] -- Up-to-date: /home/liu/final_assessment/ros_ws/install/armor_interface/include/armor_interface/armor_interface/msg/detail/armor_points__type_support.c
[0.277s] -- Up-to-date: /home/liu/final_assessment/ros_ws/install/armor_interface/include/armor_interface/armor_interface/msg/rosidl_typesupport_introspection_c__visibility_control.h
[0.277s] -- Up-to-date: /home/liu/final_assessment/ros_ws/install/armor_interface/lib/libarmor_interface__rosidl_typesupport_introspection_c.so
[0.277s] -- Up-to-date: /home/liu/final_assessment/ros_ws/install/armor_interface/lib/libarmor_interface__rosidl_typesupport_c.so
[0.277s] -- Up-to-date: /home/liu/final_assessment/ros_ws/install/armor_interface/include/armor_interface/armor_interface
[0.277s] -- Up-to-date: /home/liu/final_assessment/ros_ws/install/armor_interface/include/armor_interface/armor_interface/msg
[0.277s] -- Up-to-date: /home/liu/final_assessment/ros_ws/install/armor_interface/include/armor_interface/armor_interface/msg/detail
[0.277s] -- Up-to-date: /home/liu/final_assessment/ros_ws/install/armor_interface/include/armor_interface/armor_interface/msg/detail/armor_pose__type_support.hpp
[0.277s] -- Up-to-date: /home/liu/final_assessment/ros_ws/install/armor_interface/include/armor_interface/armor_interface/msg/detail/armor_pose__builder.hpp
[0.277s] -- Up-to-date: /home/liu/final_assessment/ros_ws/install/armor_interface/include/armor_interface/armor_interface/msg/detail/armor_pose__struct.hpp
[0.277s] -- Up-to-date: /home/liu/final_assessment/ros_ws/install/armor_interface/include/armor_interface/armor_interface/msg/detail/armor_points__traits.hpp
[0.277s] -- Up-to-date: /home/liu/final_assessment/ros_ws/install/armor_interface/include/armor_interface/armor_interface/msg/detail/armor_pose__traits.hpp
[0.278s] -- Up-to-date: /home/liu/final_assessment/ros_ws/install/armor_interface/include/armor_interface/armor_interface/msg/detail/armor_points__builder.hpp
[0.278s] -- Up-to-date: /home/liu/final_assessment/ros_ws/install/armor_interface/include/armor_interface/armor_interface/msg/detail/armor_points__type_support.hpp
[0.278s] -- Up-to-date: /home/liu/final_assessment/ros_ws/install/armor_interface/include/armor_interface/armor_interface/msg/detail/armor_points__struct.hpp
[0.278s] -- Up-to-date: /home/liu/final_assessment/ros_ws/install/armor_interface/include/armor_interface/armor_interface/msg/armor_pose.hpp
[0.278s] -- Up-to-date: /home/liu/final_assessment/ros_ws/install/armor_interface/include/armor_interface/armor_interface/msg/armor_points.hpp
[0.278s] -- Up-to-date: /home/liu/final_assessment/ros_ws/install/armor_interface/include/armor_interface/armor_interface/msg/rosidl_generator_cpp__visibility_control.hpp
[0.278s] -- Up-to-date: /home/liu/final_assessment/ros_ws/install/armor_interface/include/armor_interface/armor_interface
[0.278s] -- Up-to-date: /home/liu/final_assessment/ros_ws/install/armor_interface/include/armor_interface/armor_interface/msg
[0.278s] -- Up-to-date: /home/liu/final_assessment/ros_ws/install/armor_interface/include/armor_interface/armor_interface/msg/detail
[0.278s] -- Up-to-date: /home/liu/final_assessment/ros_ws/install/armor_interface/include/armor_interface/armor_interface/msg/detail/armor_points__rosidl_typesupport_fastrtps_cpp.hpp
[0.278s] -- Up-to-date: /home/liu/final_assessment/ros_ws/install/armor_interface/include/armor_interface/armor_interface/msg/detail/armor_pose__rosidl_typesupport_fastrtps_cpp.hpp
[0.278s] -- Up-to-date: /home/liu/final_assessment/ros_ws/install/armor_interface/include/armor_interface/armor_interface/msg/detail/dds_fastrtps
[0.278s] -- Up-to-date: /home/liu/final_assessment/ros_ws/install/armor_interface/include/armor_interface/armor_interface/msg/rosidl_typesupport_fastrtps_cpp__visibility_control.h
[0.278s] -- Up-to-date: /home/liu/final_assessment/ros_ws/install/armor_interface/lib/libarmor_interface__rosidl_typesupport_fastrtps_cpp.so
[0.278s] -- Up-to-date: /home/liu/final_assessment/ros_ws/install/armor_interface/include/armor_interface/armor_interface
[0.278s] -- Up-to-date: /home/liu/final_assessment/ros_ws/install/armor_interface/include/armor_interface/armor_interface/msg
[0.278s] -- Up-to-date: /home/liu/final_assessment/ros_ws/install/armor_interface/include/armor_interface/armor_interface/msg/detail
[0.278s] -- Up-to-date: /home/liu/final_assessment/ros_ws/install/armor_interface/include/armor_interface/armor_interface/msg/detail/armor_points__rosidl_typesupport_introspection_cpp.hpp
[0.278s] -- Up-to-date: /home/liu/final_assessment/ros_ws/install/armor_interface/include/armor_interface/armor_interface/msg/detail/armor_pose__type_support.cpp
[0.278s] -- Up-to-date: /home/liu/final_assessment/ros_ws/install/armor_interface/include/armor_interface/armor_interface/msg/detail/armor_pose__rosidl_typesupport_introspection_cpp.hpp
[0.279s] -- Up-to-date: /home/liu/final_assessment/ros_ws/install/armor_interface/include/armor_interface/armor_interface/msg/detail/armor_points__type_support.cpp
[0.279s] -- Up-to-date: /home/liu/final_assessment/ros_ws/install/armor_interface/lib/libarmor_interface__rosidl_typesupport_introspection_cpp.so
[0.279s] -- Up-to-date: /home/liu/final_assessment/ros_ws/install/armor_interface/lib/libarmor_interface__rosidl_typesupport_cpp.so
[0.279s] -- Up-to-date: /home/liu/final_assessment/ros_ws/install/armor_interface/share/armor_interface/environment/pythonpath.sh
[0.279s] -- Up-to-date: /home/liu/final_assessment/ros_ws/install/armor_interface/share/armor_interface/environment/pythonpath.dsv
[0.279s] -- Up-to-date: /home/liu/final_assessment/ros_ws/install/armor_interface/local/lib/python3.10/dist-packages/armor_interface-0.0.1-py3.10.egg-info
[0.279s] -- Installing: /home/liu/final_assessment/ros_ws/install/armor_interface/local/lib/python3.10/dist-packages/armor_interface-0.0.1-py3.10.egg-info/PKG-INFO
[0.279s] -- Installing: /home/liu/final_assessment/ros_ws/install/armor_interface/local/lib/python3.10/dist-packages/armor_interface-0.0.1-py3.10.egg-info/SOURCES.txt
[0.279s] -- Installing: /home/liu/final_assessment/ros_ws/install/armor_interface/local/lib/python3.10/dist-packages/armor_interface-0.0.1-py3.10.egg-info/dependency_links.txt
[0.279s] -- Installing: /home/liu/final_assessment/ros_ws/install/armor_interface/local/lib/python3.10/dist-packages/armor_interface-0.0.1-py3.10.egg-info/top_level.txt
[0.279s] -- Up-to-date: /home/liu/final_assessment/ros_ws/install/armor_interface/local/lib/python3.10/dist-packages/armor_interface
[0.279s] -- Up-to-date: /home/liu/final_assessment/ros_ws/install/armor_interface/local/lib/python3.10/dist-packages/armor_interface/libarmor_interface__rosidl_generator_py.so
[0.279s] -- Up-to-date: /home/liu/final_assessment/ros_ws/install/armor_interface/local/lib/python3.10/dist-packages/armor_interface/__init__.py
[0.279s] -- Up-to-date: /home/liu/final_assessment/ros_ws/install/armor_interface/local/lib/python3.10/dist-packages/armor_interface/armor_interface_s__rosidl_typesupport_introspection_c.cpython-310-x86_64-linux-gnu.so
[0.279s] -- Up-to-date: /home/liu/final_assessment/ros_ws/install/armor_interface/local/lib/python3.10/dist-packages/armor_interface/_armor_interface_s.ep.rosidl_typesupport_fastrtps_c.c
[0.279s] -- Up-to-date: /home/liu/final_assessment/ros_ws/install/armor_interface/local/lib/python3.10/dist-packages/armor_interface/armor_interface_s__rosidl_typesupport_c.cpython-310-x86_64-linux-gnu.so
[0.279s] -- Up-to-date: /home/liu/final_assessment/ros_ws/install/armor_interface/local/lib/python3.10/dist-packages/armor_interface/_armor_interface_s.ep.rosidl_typesupport_c.c
[0.279s] -- Up-to-date: /home/liu/final_assessment/ros_ws/install/armor_interface/local/lib/python3.10/dist-packages/armor_interface/msg
[0.279s] -- Up-to-date: /home/liu/final_assessment/ros_ws/install/armor_interface/local/lib/python3.10/dist-packages/armor_interface/msg/_armor_pose.py
[0.279s] -- Up-to-date: /home/liu/final_assessment/ros_ws/install/armor_interface/local/lib/python3.10/dist-packages/armor_interface/msg/_armor_points.py
[0.279s] -- Up-to-date: /home/liu/final_assessment/ros_ws/install/armor_interface/local/lib/python3.10/dist-packages/armor_interface/msg/__init__.py
[0.279s] -- Up-to-date: /home/liu/final_assessment/ros_ws/install/armor_interface/local/lib/python3.10/dist-packages/armor_interface/msg/_armor_points_s.c
[0.279s] -- Up-to-date: /home/liu/final_assessment/ros_ws/install/armor_interface/local/lib/python3.10/dist-packages/armor_interface/msg/_armor_pose_s.c
[0.279s] -- Up-to-date: /home/liu/final_assessment/ros_ws/install/armor_interface/local/lib/python3.10/dist-packages/armor_interface/armor_interface_s__rosidl_typesupport_fastrtps_c.cpython-310-x86_64-linux-gnu.so
[0.280s] -- Up-to-date: /home/liu/final_assessment/ros_ws/install/armor_interface/local/lib/python3.10/dist-packages/armor_interface/_armor_interface_s.ep.rosidl_typesupport_introspection_c.c
[0.303s] Listing '/home/liu/final_assessment/ros_ws/install/armor_interface/local/lib/python3.10/dist-packages/armor_interface'...
[0.303s] Listing '/home/liu/final_assessment/ros_ws/install/armor_interface/local/lib/python3.10/dist-packages/armor_interface/msg'...
[0.306s] -- Up-to-date: /home/liu/final_assessment/ros_ws/install/armor_interface/local/lib/python3.10/dist-packages/armor_interface/armor_interface_s__rosidl_typesupport_fastrtps_c.cpython-310-x86_64-linux-gnu.so
[0.307s] -- Up-to-date: /home/liu/final_assessment/ros_ws/install/armor_interface/local/lib/python3.10/dist-packages/armor_interface/armor_interface_s__rosidl_typesupport_introspection_c.cpython-310-x86_64-linux-gnu.so
[0.307s] -- Up-to-date: /home/liu/final_assessment/ros_ws/install/armor_interface/local/lib/python3.10/dist-packages/armor_interface/armor_interface_s__rosidl_typesupport_c.cpython-310-x86_64-linux-gnu.so
[0.307s] -- Up-to-date: /home/liu/final_assessment/ros_ws/install/armor_interface/lib/libarmor_interface__rosidl_generator_py.so
[0.307s] -- Up-to-date: /home/liu/final_assessment/ros_ws/install/armor_interface/share/armor_interface/msg/ArmorPose.idl
[0.307s] -- Up-to-date: /home/liu/final_assessment/ros_ws/install/armor_interface/share/armor_interface/msg/ArmorPoints.idl
[0.307s] -- Up-to-date: /home/liu/final_assessment/ros_ws/install/armor_interface/share/armor_interface/msg/ArmorPose.msg
[0.307s] -- Up-to-date: /home/liu/final_assessment/ros_ws/install/armor_interface/share/armor_interface/msg/ArmorPoints.msg
[0.307s] -- Up-to-date: /home/liu/final_assessment/ros_ws/install/armor_interface/share/ament_index/resource_index/package_run_dependencies/armor_interface
[0.307s] -- Up-to-date: /home/liu/final_assessment/ros_ws/install/armor_interface/share/ament_index/resource_index/parent_prefix_path/armor_interface
[0.307s] -- Up-to-date: /home/liu/final_assessment/ros_ws/install/armor_interface/share/armor_interface/environment/ament_prefix_path.sh
[0.307s] -- Up-to-date: /home/liu/final_assessment/ros_ws/install/armor_interface/share/armor_interface/environment/ament_prefix_path.dsv
[0.307s] -- Up-to-date: /home/liu/final_assessment/ros_ws/install/armor_interface/share/armor_interface/environment/path.sh
[0.307s] -- Up-to-date: /home/liu/final_assessment/ros_ws/install/armor_interface/share/armor_interface/environment/path.dsv
[0.308s] -- Up-to-date: /home/liu/final_assessment/ros_ws/install/armor_interface/share/armor_interface/local_setup.bash
[0.308s] -- Up-to-date: /home/liu/final_assessment/ros_ws/install/armor_interface/share/armor_interface/local_setup.sh
[0.308s] -- Up-to-date: /home/liu/final_assessment/ros_ws/install/armor_interface/share/armor_interface/local_setup.zsh
[0.308s] -- Up-to-date: /home/liu/final_assessment/ros_ws/install/armor_interface/share/armor_interface/local_setup.dsv
[0.308s] -- Installing: /home/liu/final_assessment/ros_ws/install/armor_interface/share/armor_interface/package.dsv
[0.308s] -- Up-to-date: /home/liu/final_assessment/ros_ws/install/armor_interface/share/ament_index/resource_index/packages/armor_interface
[0.308s] -- Up-to-date: /home/liu/final_assessment/ros_ws/install/armor_interface/share/armor_interface/cmake/export_armor_interface__rosidl_generator_cExport.cmake
[0.308s] -- Up-to-date: /home/liu/final_assessment/ros_ws/install/armor_interface/share/armor_interface/cmake/export_armor_interface__rosidl_generator_cExport-noconfig.cmake
[0.308s] -- Up-to-date: /home/liu/final_assessment/ros_ws/install/armor_interface/share/armor_interface/cmake/export_armor_interface__rosidl_typesupport_fastrtps_cExport.cmake
[0.308s] -- Up-to-date: /home/liu/final_assessment/ros_ws/install/armor_interface/share/armor_interface/cmake/export_armor_interface__rosidl_typesupport_fastrtps_cExport-noconfig.cmake
[0.308s] -- Up-to-date: /home/liu/final_assessment/ros_ws/install/armor_interface/share/armor_interface/cmake/armor_interface__rosidl_typesupport_introspection_cExport.cmake
[0.308s] -- Up-to-date: /home/liu/final_assessment/ros_ws/install/armor_interface/share/armor_interface/cmake/armor_interface__rosidl_typesupport_introspection_cExport-noconfig.cmake
[0.308s] -- Up-to-date: /home/liu/final_assessment/ros_ws/install/armor_interface/share/armor_interface/cmake/armor_interface__rosidl_typesupport_cExport.cmake
[0.308s] -- Up-to-date: /home/liu/final_assessment/ros_ws/install/armor_interface/share/armor_interface/cmake/armor_interface__rosidl_typesupport_cExport-noconfig.cmake
[0.308s] -- Up-to-date: /home/liu/final_assessment/ros_ws/install/armor_interface/share/armor_interface/cmake/export_armor_interface__rosidl_generator_cppExport.cmake
[0.308s] -- Up-to-date: /home/liu/final_assessment/ros_ws/install/armor_interface/share/armor_interface/cmake/export_armor_interface__rosidl_typesupport_fastrtps_cppExport.cmake
[0.308s] -- Up-to-date: /home/liu/final_assessment/ros_ws/install/armor_interface/share/armor_interface/cmake/export_armor_interface__rosidl_typesupport_fastrtps_cppExport-noconfig.cmake
[0.308s] -- Up-to-date: /home/liu/final_assessment/ros_ws/install/armor_interface/share/armor_interface/cmake/armor_interface__rosidl_typesupport_introspection_cppExport.cmake
[0.308s] -- Up-to-date: /home/liu/final_assessment/ros_ws/install/armor_interface/share/armor_interface/cmake/armor_interface__rosidl_typesupport_introspection_cppExport-noconfig.cmake
[0.308s] -- Up-to-date: /home/liu/final_assessment/ros_ws/install/armor_interface/share/armor_interface/cmake/armor_interface__rosidl_typesupport_cppExport.cmake
[0.308s] -- Up-to-date: /home/liu/final_assessment/ros_ws/install/armor_interface/share/armor_interface/cmake/armor_interface__rosidl_typesupport_cppExport-noconfig.cmake
[0.308s] -- Up-to-date: /home/liu/final_assessment/ros_ws/install/armor_interface/share/armor_interface/cmake/export_armor_interface__rosidl_generator_pyExport.cmake
[0.308s] -- Up-to-date: /home/liu/final_assessment/ros_ws/install/armor_interface/share/armor_interface/cmake/export_armor_interface__rosidl_generator_pyExport-noconfig.cmake
[0.308s] -- Up-to-date: /home/liu/final_assessment/ros_ws/install/armor_interface/share/armor_interface/cmake/rosidl_cmake-extras.cmake
[0.309s] -- Up-to-date: /home/liu/final_assessment/ros_ws/install/armor_interface/share/armor_interface/cmake/ament_cmake_export_include_directories-extras.cmake
[0.309s] -- Up-to-date: /home/liu/final_assessment/ros_ws/install/armor_interface/share/armor_interface/cmake/ament_cmake_export_libraries-extras.cmake
[0.309s] -- Up-to-date: /home/liu/final_assessment/ros_ws/install/armor_interface/share/armor_interface/cmake/ament_cmake_export_targets-extras.cmake
[0.309s] -- Up-to-date: /home/liu/final_assessment/ros_ws/install/armor_interface/share/armor_interface/cmake/rosidl_cmake_export_typesupport_targets-extras.cmake
[0.309s] -- Up-to-date: /home/liu/final_assessment/ros_ws/install/armor_interface/share/armor_interface/cmake/ament_cmake_export_dependencies-extras.cmake
[0.309s] -- Up-to-date: /home/liu/final_assessment/ros_ws/install/armor_interface/share/armor_interface/cmake/rosidl_cmake_export_typesupport_libraries-extras.cmake
[0.309s] -- Up-to-date: /home/liu/final_assessment/ros_ws/install/armor_interface/share/armor_interface/cmake/armor_interfaceConfig.cmake
[0.309s] -- Up-to-date: /home/liu/final_assessment/ros_ws/install/armor_interface/share/armor_interface/cmake/armor_interfaceConfig-version.cmake
[0.309s] -- Up-to-date: /home/liu/final_assessment/ros_ws/install/armor_interface/share/armor_interface/package.xml
[0.311s] Invoked command in '/home/liu/final_assessment/ros_ws/build/armor_interface' returned '0': CMAKE_PREFIX_PATH=${CMAKE_PREFIX_PATH}:/home/liu/final_assessment/ros_ws/install/bringup:/home/liu/ros2_ws/install/launch_testing_examples:/home/liu/ros2_ws/install/examples_rclpy_pointcloud_publisher:/home/liu/ros2_ws/install/examples_rclpy_minimal_subscriber:/home/liu/ros2_ws/install/examples_rclpy_minimal_service:/home/liu/ros2_ws/install/examples_rclpy_minimal_publisher:/home/liu/ros2_ws/install/examples_rclpy_minimal_client:/home/liu/ros2_ws/install/examples_rclpy_minimal_action_server:/home/liu/ros2_ws/install/examples_rclpy_minimal_action_client:/home/liu/ros2_ws/install/examples_rclpy_guard_conditions:/home/liu/ros2_ws/install/examples_rclpy_executors:/opt/ros/humble /usr/bin/cmake --install /home/liu/final_assessment/ros_ws/build/armor_interface
