[0.020s] Invoking command in '/home/liu/final_assessment/ros_ws/build/kf_solve': CMAKE_PREFIX_PATH=${CMAKE_PREFIX_PATH}:/home/liu/final_assessment/ros_ws/install/bringup:/home/liu/ros2_ws/install/launch_testing_examples:/home/liu/ros2_ws/install/examples_rclpy_pointcloud_publisher:/home/liu/ros2_ws/install/examples_rclpy_minimal_subscriber:/home/liu/ros2_ws/install/examples_rclpy_minimal_service:/home/liu/ros2_ws/install/examples_rclpy_minimal_publisher:/home/liu/ros2_ws/install/examples_rclpy_minimal_client:/home/liu/ros2_ws/install/examples_rclpy_minimal_action_server:/home/liu/ros2_ws/install/examples_rclpy_minimal_action_client:/home/liu/ros2_ws/install/examples_rclpy_guard_conditions:/home/liu/ros2_ws/install/examples_rclpy_executors:/opt/ros/humble /usr/bin/cmake --build /home/liu/final_assessment/ros_ws/build/kf_solve -- -j24 -l24
[0.219s] [100%] Built target kf_solve
[0.219s] Invoked command in '/home/liu/final_assessment/ros_ws/build/kf_solve' returned '0': CMAKE_PREFIX_PATH=${CMAKE_PREFIX_PATH}:/home/liu/final_assessment/ros_ws/install/bringup:/home/liu/ros2_ws/install/launch_testing_examples:/home/liu/ros2_ws/install/examples_rclpy_pointcloud_publisher:/home/liu/ros2_ws/install/examples_rclpy_minimal_subscriber:/home/liu/ros2_ws/install/examples_rclpy_minimal_service:/home/liu/ros2_ws/install/examples_rclpy_minimal_publisher:/home/liu/ros2_ws/install/examples_rclpy_minimal_client:/home/liu/ros2_ws/install/examples_rclpy_minimal_action_server:/home/liu/ros2_ws/install/examples_rclpy_minimal_action_client:/home/liu/ros2_ws/install/examples_rclpy_guard_conditions:/home/liu/ros2_ws/install/examples_rclpy_executors:/opt/ros/humble /usr/bin/cmake --build /home/liu/final_assessment/ros_ws/build/kf_solve -- -j24 -l24
[0.228s] Invoking command in '/home/liu/final_assessment/ros_ws/build/kf_solve': CMAKE_PREFIX_PATH=${CMAKE_PREFIX_PATH}:/home/liu/final_assessment/ros_ws/install/bringup:/home/liu/ros2_ws/install/launch_testing_examples:/home/liu/ros2_ws/install/examples_rclpy_pointcloud_publisher:/home/liu/ros2_ws/install/examples_rclpy_minimal_subscriber:/home/liu/ros2_ws/install/examples_rclpy_minimal_service:/home/liu/ros2_ws/install/examples_rclpy_minimal_publisher:/home/liu/ros2_ws/install/examples_rclpy_minimal_client:/home/liu/ros2_ws/install/examples_rclpy_minimal_action_server:/home/liu/ros2_ws/install/examples_rclpy_minimal_action_client:/home/liu/ros2_ws/install/examples_rclpy_guard_conditions:/home/liu/ros2_ws/install/examples_rclpy_executors:/opt/ros/humble /usr/bin/cmake --install /home/liu/final_assessment/ros_ws/build/kf_solve
[0.238s] -- Install configuration: ""
[0.238s] -- Up-to-date: /home/liu/final_assessment/ros_ws/install/kf_solve/share/kf_solve/environment/library_path.sh
[0.238s] -- Up-to-date: /home/liu/final_assessment/ros_ws/install/kf_solve/share/kf_solve/environment/library_path.dsv
[0.238s] -- Up-to-date: /home/liu/final_assessment/ros_ws/install/kf_solve/lib/libkf_solve.so
[0.238s] -- Up-to-date: /home/liu/final_assessment/ros_ws/install/kf_solve/include
[0.238s] -- Up-to-date: /home/liu/final_assessment/ros_ws/install/kf_solve/include/kf_solve
[0.238s] -- Up-to-date: /home/liu/final_assessment/ros_ws/install/kf_solve/include/kf_solve/kalman_filter.hpp
[0.238s] -- Up-to-date: /home/liu/final_assessment/ros_ws/install/kf_solve/share/ament_index/resource_index/package_run_dependencies/kf_solve
[0.238s] -- Up-to-date: /home/liu/final_assessment/ros_ws/install/kf_solve/share/ament_index/resource_index/parent_prefix_path/kf_solve
[0.238s] -- Up-to-date: /home/liu/final_assessment/ros_ws/install/kf_solve/share/kf_solve/environment/ament_prefix_path.sh
[0.238s] -- Up-to-date: /home/liu/final_assessment/ros_ws/install/kf_solve/share/kf_solve/environment/ament_prefix_path.dsv
[0.238s] -- Up-to-date: /home/liu/final_assessment/ros_ws/install/kf_solve/share/kf_solve/environment/path.sh
[0.239s] -- Up-to-date: /home/liu/final_assessment/ros_ws/install/kf_solve/share/kf_solve/environment/path.dsv
[0.239s] -- Up-to-date: /home/liu/final_assessment/ros_ws/install/kf_solve/share/kf_solve/local_setup.bash
[0.239s] -- Up-to-date: /home/liu/final_assessment/ros_ws/install/kf_solve/share/kf_solve/local_setup.sh
[0.239s] -- Up-to-date: /home/liu/final_assessment/ros_ws/install/kf_solve/share/kf_solve/local_setup.zsh
[0.239s] -- Up-to-date: /home/liu/final_assessment/ros_ws/install/kf_solve/share/kf_solve/local_setup.dsv
[0.239s] -- Installing: /home/liu/final_assessment/ros_ws/install/kf_solve/share/kf_solve/package.dsv
[0.239s] -- Up-to-date: /home/liu/final_assessment/ros_ws/install/kf_solve/share/ament_index/resource_index/packages/kf_solve
[0.239s] -- Up-to-date: /home/liu/final_assessment/ros_ws/install/kf_solve/share/kf_solve/cmake/export_kf_solveExport.cmake
[0.239s] -- Up-to-date: /home/liu/final_assessment/ros_ws/install/kf_solve/share/kf_solve/cmake/export_kf_solveExport-noconfig.cmake
[0.239s] -- Up-to-date: /home/liu/final_assessment/ros_ws/install/kf_solve/share/kf_solve/cmake/ament_cmake_export_targets-extras.cmake
[0.239s] -- Up-to-date: /home/liu/final_assessment/ros_ws/install/kf_solve/share/kf_solve/cmake/ament_cmake_export_dependencies-extras.cmake
[0.239s] -- Up-to-date: /home/liu/final_assessment/ros_ws/install/kf_solve/share/kf_solve/cmake/kf_solveConfig.cmake
[0.239s] -- Up-to-date: /home/liu/final_assessment/ros_ws/install/kf_solve/share/kf_solve/cmake/kf_solveConfig-version.cmake
[0.239s] -- Up-to-date: /home/liu/final_assessment/ros_ws/install/kf_solve/share/kf_solve/package.xml
[0.240s] Invoked command in '/home/liu/final_assessment/ros_ws/build/kf_solve' returned '0': CMAKE_PREFIX_PATH=${CMAKE_PREFIX_PATH}:/home/liu/final_assessment/ros_ws/install/bringup:/home/liu/ros2_ws/install/launch_testing_examples:/home/liu/ros2_ws/install/examples_rclpy_pointcloud_publisher:/home/liu/ros2_ws/install/examples_rclpy_minimal_subscriber:/home/liu/ros2_ws/install/examples_rclpy_minimal_service:/home/liu/ros2_ws/install/examples_rclpy_minimal_publisher:/home/liu/ros2_ws/install/examples_rclpy_minimal_client:/home/liu/ros2_ws/install/examples_rclpy_minimal_action_server:/home/liu/ros2_ws/install/examples_rclpy_minimal_action_client:/home/liu/ros2_ws/install/examples_rclpy_guard_conditions:/home/liu/ros2_ws/install/examples_rclpy_executors:/opt/ros/humble /usr/bin/cmake --install /home/liu/final_assessment/ros_ws/build/kf_solve
