[0.074s] DEBUG:colcon:Command line arguments: ['/usr/bin/colcon', 'build']
[0.074s] DEBUG:colcon:Parsed command line arguments: Namespace(log_base=None, log_level=None, verb_name='build', build_base='build', install_base='install', merge_install=False, symlink_install=False, test_result_base=None, continue_on_error=False, executor='parallel', parallel_workers=24, event_handlers=None, ignore_user_meta=False, metas=['./colcon.meta'], base_paths=['.'], packages_ignore=None, packages_ignore_regex=None, paths=None, packages_up_to=None, packages_up_to_regex=None, packages_above=None, packages_above_and_dependencies=None, packages_above_depth=None, packages_select_by_dep=None, packages_skip_by_dep=None, packages_skip_up_to=None, packages_select_build_failed=False, packages_skip_build_finished=False, packages_select_test_failures=False, packages_skip_test_passed=False, packages_select=None, packages_skip=None, packages_select_regex=None, packages_skip_regex=None, packages_start=None, packages_end=None, allow_overriding=[], cmake_args=None, cmake_target=None, cmake_target_skip_unavailable=False, cmake_clean_cache=False, cmake_clean_first=False, cmake_force_configure=False, ament_cmake_args=None, catkin_cmake_args=None, catkin_skip_building_tests=False, mixin_files=None, mixin=None, verb_parser=<colcon_mixin.mixin.mixin_argument.MixinArgumentDecorator object at 0x729438943850>, verb_extension=<colcon_core.verb.build.BuildVerb object at 0x729438afd0f0>, main=<bound method BuildVerb.main of <colcon_core.verb.build.BuildVerb object at 0x729438afd0f0>>, mixin_verb=('build',))
[0.167s] Level 1:colcon.colcon_core.package_discovery:discover_packages(colcon_meta) check parameters
[0.167s] Level 1:colcon.colcon_core.package_discovery:discover_packages(recursive) check parameters
[0.167s] Level 1:colcon.colcon_core.package_discovery:discover_packages(ignore) check parameters
[0.167s] Level 1:colcon.colcon_core.package_discovery:discover_packages(path) check parameters
[0.167s] Level 1:colcon.colcon_core.package_discovery:discover_packages(colcon_meta) discover
[0.167s] Level 1:colcon.colcon_core.package_discovery:discover_packages(recursive) discover
[0.167s] INFO:colcon.colcon_core.package_discovery:Crawling recursively for packages in '/home/liu/final_assessment/ros_ws'
[0.167s] Level 1:colcon.colcon_core.package_identification:_identify(.) by extensions ['ignore', 'ignore_ament_install']
[0.167s] Level 1:colcon.colcon_core.package_identification:_identify(.) by extension 'ignore'
[0.167s] Level 1:colcon.colcon_core.package_identification:_identify(.) by extension 'ignore_ament_install'
[0.167s] Level 1:colcon.colcon_core.package_identification:_identify(.) by extensions ['colcon_pkg']
[0.167s] Level 1:colcon.colcon_core.package_identification:_identify(.) by extension 'colcon_pkg'
[0.167s] Level 1:colcon.colcon_core.package_identification:_identify(.) by extensions ['colcon_meta']
[0.167s] Level 1:colcon.colcon_core.package_identification:_identify(.) by extension 'colcon_meta'
[0.167s] Level 1:colcon.colcon_core.package_identification:_identify(.) by extensions ['ros']
[0.167s] Level 1:colcon.colcon_core.package_identification:_identify(.) by extension 'ros'
[0.174s] Level 1:colcon.colcon_core.package_identification:_identify(.) by extensions ['cmake', 'python']
[0.175s] Level 1:colcon.colcon_core.package_identification:_identify(.) by extension 'cmake'
[0.175s] Level 1:colcon.colcon_core.package_identification:_identify(.) by extension 'python'
[0.175s] Level 1:colcon.colcon_core.package_identification:_identify(.) by extensions ['python_setup_py']
[0.175s] Level 1:colcon.colcon_core.package_identification:_identify(.) by extension 'python_setup_py'
[0.175s] Level 1:colcon.colcon_core.package_identification:_identify(build) by extensions ['ignore', 'ignore_ament_install']
[0.175s] Level 1:colcon.colcon_core.package_identification:_identify(build) by extension 'ignore'
[0.175s] Level 1:colcon.colcon_core.package_identification:_identify(build) ignored
[0.175s] Level 1:colcon.colcon_core.package_identification:_identify(install) by extensions ['ignore', 'ignore_ament_install']
[0.175s] Level 1:colcon.colcon_core.package_identification:_identify(install) by extension 'ignore'
[0.175s] Level 1:colcon.colcon_core.package_identification:_identify(install) ignored
[0.175s] Level 1:colcon.colcon_core.package_identification:_identify(log) by extensions ['ignore', 'ignore_ament_install']
[0.175s] Level 1:colcon.colcon_core.package_identification:_identify(log) by extension 'ignore'
[0.175s] Level 1:colcon.colcon_core.package_identification:_identify(log) ignored
[0.175s] Level 1:colcon.colcon_core.package_identification:_identify(src) by extensions ['ignore', 'ignore_ament_install']
[0.175s] Level 1:colcon.colcon_core.package_identification:_identify(src) by extension 'ignore'
[0.175s] Level 1:colcon.colcon_core.package_identification:_identify(src) by extension 'ignore_ament_install'
[0.175s] Level 1:colcon.colcon_core.package_identification:_identify(src) by extensions ['colcon_pkg']
[0.175s] Level 1:colcon.colcon_core.package_identification:_identify(src) by extension 'colcon_pkg'
[0.175s] Level 1:colcon.colcon_core.package_identification:_identify(src) by extensions ['colcon_meta']
[0.175s] Level 1:colcon.colcon_core.package_identification:_identify(src) by extension 'colcon_meta'
[0.175s] Level 1:colcon.colcon_core.package_identification:_identify(src) by extensions ['ros']
[0.175s] Level 1:colcon.colcon_core.package_identification:_identify(src) by extension 'ros'
[0.175s] Level 1:colcon.colcon_core.package_identification:_identify(src) by extensions ['cmake', 'python']
[0.175s] Level 1:colcon.colcon_core.package_identification:_identify(src) by extension 'cmake'
[0.175s] Level 1:colcon.colcon_core.package_identification:_identify(src) by extension 'python'
[0.175s] Level 1:colcon.colcon_core.package_identification:_identify(src) by extensions ['python_setup_py']
[0.175s] Level 1:colcon.colcon_core.package_identification:_identify(src) by extension 'python_setup_py'
[0.175s] Level 1:colcon.colcon_core.package_identification:_identify(src/final_assessment) by extensions ['ignore', 'ignore_ament_install']
[0.175s] Level 1:colcon.colcon_core.package_identification:_identify(src/final_assessment) by extension 'ignore'
[0.175s] Level 1:colcon.colcon_core.package_identification:_identify(src/final_assessment) by extension 'ignore_ament_install'
[0.175s] Level 1:colcon.colcon_core.package_identification:_identify(src/final_assessment) by extensions ['colcon_pkg']
[0.175s] Level 1:colcon.colcon_core.package_identification:_identify(src/final_assessment) by extension 'colcon_pkg'
[0.176s] Level 1:colcon.colcon_core.package_identification:_identify(src/final_assessment) by extensions ['colcon_meta']
[0.176s] Level 1:colcon.colcon_core.package_identification:_identify(src/final_assessment) by extension 'colcon_meta'
[0.176s] Level 1:colcon.colcon_core.package_identification:_identify(src/final_assessment) by extensions ['ros']
[0.176s] Level 1:colcon.colcon_core.package_identification:_identify(src/final_assessment) by extension 'ros'
[0.177s] DEBUG:colcon.colcon_core.package_identification:Package 'src/final_assessment' with type 'ros.ament_cmake' and name 'final_assessment'
[0.177s] Level 1:colcon.colcon_core.package_discovery:discover_packages(recursive) using defaults
[0.177s] Level 1:colcon.colcon_core.package_discovery:discover_packages(ignore) discover
[0.177s] Level 1:colcon.colcon_core.package_discovery:discover_packages(ignore) using defaults
[0.177s] Level 1:colcon.colcon_core.package_discovery:discover_packages(path) discover
[0.177s] Level 1:colcon.colcon_core.package_discovery:discover_packages(path) using defaults
[0.196s] Level 1:colcon.colcon_core.package_discovery:discover_packages(prefix_path) check parameters
[0.196s] Level 1:colcon.colcon_core.package_discovery:discover_packages(prefix_path) discover
[0.198s] DEBUG:colcon.colcon_installed_package_information.package_discovery:Found 35 installed packages in /home/liu/ros2_ws/install
[0.198s] DEBUG:colcon.colcon_installed_package_information.package_discovery:Found 272 installed packages in /opt/ros/humble
[0.200s] Level 1:colcon.colcon_core.package_discovery:discover_packages(prefix_path) using defaults
[0.222s] Level 5:colcon.colcon_core.verb:set package 'final_assessment' build argument 'cmake_args' from command line to 'None'
[0.222s] Level 5:colcon.colcon_core.verb:set package 'final_assessment' build argument 'cmake_target' from command line to 'None'
[0.222s] Level 5:colcon.colcon_core.verb:set package 'final_assessment' build argument 'cmake_target_skip_unavailable' from command line to 'False'
[0.222s] Level 5:colcon.colcon_core.verb:set package 'final_assessment' build argument 'cmake_clean_cache' from command line to 'False'
[0.222s] Level 5:colcon.colcon_core.verb:set package 'final_assessment' build argument 'cmake_clean_first' from command line to 'False'
[0.222s] Level 5:colcon.colcon_core.verb:set package 'final_assessment' build argument 'cmake_force_configure' from command line to 'False'
[0.222s] Level 5:colcon.colcon_core.verb:set package 'final_assessment' build argument 'ament_cmake_args' from command line to 'None'
[0.222s] Level 5:colcon.colcon_core.verb:set package 'final_assessment' build argument 'catkin_cmake_args' from command line to 'None'
[0.222s] Level 5:colcon.colcon_core.verb:set package 'final_assessment' build argument 'catkin_skip_building_tests' from command line to 'False'
[0.222s] DEBUG:colcon.colcon_core.verb:Building package 'final_assessment' with the following arguments: {'ament_cmake_args': None, 'build_base': '/home/liu/final_assessment/ros_ws/build/final_assessment', 'catkin_cmake_args': None, 'catkin_skip_building_tests': False, 'cmake_args': None, 'cmake_clean_cache': False, 'cmake_clean_first': False, 'cmake_force_configure': False, 'cmake_target': None, 'cmake_target_skip_unavailable': False, 'install_base': '/home/liu/final_assessment/ros_ws/install/final_assessment', 'merge_install': False, 'path': '/home/liu/final_assessment/ros_ws/src/final_assessment', 'symlink_install': False, 'test_result_base': None}
[0.222s] INFO:colcon.colcon_core.executor:Executing jobs using 'parallel' executor
[0.223s] DEBUG:colcon.colcon_parallel_executor.executor.parallel:run_until_complete
[0.223s] INFO:colcon.colcon_ros.task.ament_cmake.build:Building ROS package in '/home/liu/final_assessment/ros_ws/src/final_assessment' with build type 'ament_cmake'
[0.223s] INFO:colcon.colcon_cmake.task.cmake.build:Building CMake package in '/home/liu/final_assessment/ros_ws/src/final_assessment'
[0.224s] INFO:colcon.colcon_core.plugin_system:Skipping extension 'colcon_core.shell.bat': Not used on non-Windows systems
[0.224s] INFO:colcon.colcon_core.shell:Skip shell extension 'powershell' for command environment: Not usable outside of PowerShell
[0.224s] DEBUG:colcon.colcon_core.shell:Skip shell extension 'dsv' for command environment
[0.232s] DEBUG:colcon.colcon_core.event_handler.log_command:Invoking command in '/home/liu/final_assessment/ros_ws/build/final_assessment': CMAKE_PREFIX_PATH=${CMAKE_PREFIX_PATH}:/home/liu/ros2_ws/install/launch_testing_examples:/home/liu/ros2_ws/install/examples_rclpy_pointcloud_publisher:/home/liu/ros2_ws/install/examples_rclpy_minimal_subscriber:/home/liu/ros2_ws/install/examples_rclpy_minimal_service:/home/liu/ros2_ws/install/examples_rclpy_minimal_publisher:/home/liu/ros2_ws/install/examples_rclpy_minimal_client:/home/liu/ros2_ws/install/examples_rclpy_minimal_action_server:/home/liu/ros2_ws/install/examples_rclpy_minimal_action_client:/home/liu/ros2_ws/install/examples_rclpy_guard_conditions:/home/liu/ros2_ws/install/examples_rclpy_executors:/opt/ros/humble /usr/bin/cmake --build /home/liu/final_assessment/ros_ws/build/final_assessment -- -j24 -l24
[5.622s] DEBUG:colcon.colcon_core.event_handler.log_command:Invoked command in '/home/liu/final_assessment/ros_ws/build/final_assessment' returned '0': CMAKE_PREFIX_PATH=${CMAKE_PREFIX_PATH}:/home/liu/ros2_ws/install/launch_testing_examples:/home/liu/ros2_ws/install/examples_rclpy_pointcloud_publisher:/home/liu/ros2_ws/install/examples_rclpy_minimal_subscriber:/home/liu/ros2_ws/install/examples_rclpy_minimal_service:/home/liu/ros2_ws/install/examples_rclpy_minimal_publisher:/home/liu/ros2_ws/install/examples_rclpy_minimal_client:/home/liu/ros2_ws/install/examples_rclpy_minimal_action_server:/home/liu/ros2_ws/install/examples_rclpy_minimal_action_client:/home/liu/ros2_ws/install/examples_rclpy_guard_conditions:/home/liu/ros2_ws/install/examples_rclpy_executors:/opt/ros/humble /usr/bin/cmake --build /home/liu/final_assessment/ros_ws/build/final_assessment -- -j24 -l24
[5.633s] DEBUG:colcon.colcon_core.event_handler.log_command:Invoking command in '/home/liu/final_assessment/ros_ws/build/final_assessment': CMAKE_PREFIX_PATH=${CMAKE_PREFIX_PATH}:/home/liu/ros2_ws/install/launch_testing_examples:/home/liu/ros2_ws/install/examples_rclpy_pointcloud_publisher:/home/liu/ros2_ws/install/examples_rclpy_minimal_subscriber:/home/liu/ros2_ws/install/examples_rclpy_minimal_service:/home/liu/ros2_ws/install/examples_rclpy_minimal_publisher:/home/liu/ros2_ws/install/examples_rclpy_minimal_client:/home/liu/ros2_ws/install/examples_rclpy_minimal_action_server:/home/liu/ros2_ws/install/examples_rclpy_minimal_action_client:/home/liu/ros2_ws/install/examples_rclpy_guard_conditions:/home/liu/ros2_ws/install/examples_rclpy_executors:/opt/ros/humble /usr/bin/cmake --install /home/liu/final_assessment/ros_ws/build/final_assessment
[5.647s] Level 1:colcon.colcon_core.environment:create_environment_scripts_only(final_assessment)
[5.648s] DEBUG:colcon.colcon_core.event_handler.log_command:Invoked command in '/home/liu/final_assessment/ros_ws/build/final_assessment' returned '0': CMAKE_PREFIX_PATH=${CMAKE_PREFIX_PATH}:/home/liu/ros2_ws/install/launch_testing_examples:/home/liu/ros2_ws/install/examples_rclpy_pointcloud_publisher:/home/liu/ros2_ws/install/examples_rclpy_minimal_subscriber:/home/liu/ros2_ws/install/examples_rclpy_minimal_service:/home/liu/ros2_ws/install/examples_rclpy_minimal_publisher:/home/liu/ros2_ws/install/examples_rclpy_minimal_client:/home/liu/ros2_ws/install/examples_rclpy_minimal_action_server:/home/liu/ros2_ws/install/examples_rclpy_minimal_action_client:/home/liu/ros2_ws/install/examples_rclpy_guard_conditions:/home/liu/ros2_ws/install/examples_rclpy_executors:/opt/ros/humble /usr/bin/cmake --install /home/liu/final_assessment/ros_ws/build/final_assessment
[5.650s] Level 1:colcon.colcon_core.environment:checking '/home/liu/final_assessment/ros_ws/install/final_assessment' for CMake module files
[5.651s] Level 1:colcon.colcon_core.environment:checking '/home/liu/final_assessment/ros_ws/install/final_assessment' for CMake config files
[5.651s] Level 1:colcon.colcon_core.shell:create_environment_hook('final_assessment', 'cmake_prefix_path')
[5.651s] INFO:colcon.colcon_core.shell:Creating environment hook '/home/liu/final_assessment/ros_ws/install/final_assessment/share/final_assessment/hook/cmake_prefix_path.ps1'
[5.652s] INFO:colcon.colcon_core.shell:Creating environment descriptor '/home/liu/final_assessment/ros_ws/install/final_assessment/share/final_assessment/hook/cmake_prefix_path.dsv'
[5.653s] INFO:colcon.colcon_core.shell:Creating environment hook '/home/liu/final_assessment/ros_ws/install/final_assessment/share/final_assessment/hook/cmake_prefix_path.sh'
[5.653s] Level 1:colcon.colcon_core.environment:checking '/home/liu/final_assessment/ros_ws/install/final_assessment/lib'
[5.654s] Level 1:colcon.colcon_core.environment:checking '/home/liu/final_assessment/ros_ws/install/final_assessment/bin'
[5.654s] Level 1:colcon.colcon_core.environment:checking '/home/liu/final_assessment/ros_ws/install/final_assessment/lib/pkgconfig/final_assessment.pc'
[5.654s] Level 1:colcon.colcon_core.environment:checking '/home/liu/final_assessment/ros_ws/install/final_assessment/lib/python3.10/site-packages'
[5.654s] Level 1:colcon.colcon_core.environment:checking '/home/liu/final_assessment/ros_ws/install/final_assessment/bin'
[5.654s] INFO:colcon.colcon_core.shell:Creating package script '/home/liu/final_assessment/ros_ws/install/final_assessment/share/final_assessment/package.ps1'
[5.655s] INFO:colcon.colcon_core.shell:Creating package descriptor '/home/liu/final_assessment/ros_ws/install/final_assessment/share/final_assessment/package.dsv'
[5.655s] INFO:colcon.colcon_core.shell:Creating package script '/home/liu/final_assessment/ros_ws/install/final_assessment/share/final_assessment/package.sh'
[5.656s] INFO:colcon.colcon_core.shell:Creating package script '/home/liu/final_assessment/ros_ws/install/final_assessment/share/final_assessment/package.bash'
[5.656s] INFO:colcon.colcon_core.shell:Creating package script '/home/liu/final_assessment/ros_ws/install/final_assessment/share/final_assessment/package.zsh'
[5.657s] Level 1:colcon.colcon_core.environment:create_file_with_runtime_dependencies(/home/liu/final_assessment/ros_ws/install/final_assessment/share/colcon-core/packages/final_assessment)
[5.657s] Level 1:colcon.colcon_core.environment:create_environment_scripts_only(final_assessment)
[5.657s] Level 1:colcon.colcon_core.environment:checking '/home/liu/final_assessment/ros_ws/install/final_assessment' for CMake module files
[5.657s] Level 1:colcon.colcon_core.environment:checking '/home/liu/final_assessment/ros_ws/install/final_assessment' for CMake config files
[5.657s] Level 1:colcon.colcon_core.shell:create_environment_hook('final_assessment', 'cmake_prefix_path')
[5.658s] INFO:colcon.colcon_core.shell:Creating environment hook '/home/liu/final_assessment/ros_ws/install/final_assessment/share/final_assessment/hook/cmake_prefix_path.ps1'
[5.658s] INFO:colcon.colcon_core.shell:Creating environment descriptor '/home/liu/final_assessment/ros_ws/install/final_assessment/share/final_assessment/hook/cmake_prefix_path.dsv'
[5.658s] INFO:colcon.colcon_core.shell:Creating environment hook '/home/liu/final_assessment/ros_ws/install/final_assessment/share/final_assessment/hook/cmake_prefix_path.sh'
[5.658s] Level 1:colcon.colcon_core.environment:checking '/home/liu/final_assessment/ros_ws/install/final_assessment/lib'
[5.658s] Level 1:colcon.colcon_core.environment:checking '/home/liu/final_assessment/ros_ws/install/final_assessment/bin'
[5.658s] Level 1:colcon.colcon_core.environment:checking '/home/liu/final_assessment/ros_ws/install/final_assessment/lib/pkgconfig/final_assessment.pc'
[5.658s] Level 1:colcon.colcon_core.environment:checking '/home/liu/final_assessment/ros_ws/install/final_assessment/lib/python3.10/site-packages'
[5.659s] Level 1:colcon.colcon_core.environment:checking '/home/liu/final_assessment/ros_ws/install/final_assessment/bin'
[5.659s] INFO:colcon.colcon_core.shell:Creating package script '/home/liu/final_assessment/ros_ws/install/final_assessment/share/final_assessment/package.ps1'
[5.659s] INFO:colcon.colcon_core.shell:Creating package descriptor '/home/liu/final_assessment/ros_ws/install/final_assessment/share/final_assessment/package.dsv'
[5.659s] INFO:colcon.colcon_core.shell:Creating package script '/home/liu/final_assessment/ros_ws/install/final_assessment/share/final_assessment/package.sh'
[5.659s] INFO:colcon.colcon_core.shell:Creating package script '/home/liu/final_assessment/ros_ws/install/final_assessment/share/final_assessment/package.bash'
[5.660s] INFO:colcon.colcon_core.shell:Creating package script '/home/liu/final_assessment/ros_ws/install/final_assessment/share/final_assessment/package.zsh'
[5.660s] Level 1:colcon.colcon_core.environment:create_file_with_runtime_dependencies(/home/liu/final_assessment/ros_ws/install/final_assessment/share/colcon-core/packages/final_assessment)
[5.660s] DEBUG:colcon.colcon_parallel_executor.executor.parallel:closing loop
[5.660s] DEBUG:colcon.colcon_parallel_executor.executor.parallel:loop closed
[5.661s] DEBUG:colcon.colcon_parallel_executor.executor.parallel:run_until_complete finished with '0'
[5.661s] DEBUG:colcon.colcon_core.event_reactor:joining thread
[5.664s] INFO:colcon.colcon_core.plugin_system:Skipping extension 'colcon_notification.desktop_notification.terminal_notifier': Not used on non-Darwin systems
[5.664s] INFO:colcon.colcon_core.plugin_system:Skipping extension 'colcon_notification.desktop_notification.win32': Not used on non-Windows systems
[5.664s] INFO:colcon.colcon_notification.desktop_notification:Sending desktop notification using 'notify2'
[5.681s] DEBUG:colcon.colcon_core.event_reactor:joined thread
[5.681s] INFO:colcon.colcon_core.shell:Creating prefix script '/home/liu/final_assessment/ros_ws/install/local_setup.ps1'
[5.682s] INFO:colcon.colcon_core.shell:Creating prefix util module '/home/liu/final_assessment/ros_ws/install/_local_setup_util_ps1.py'
[5.683s] INFO:colcon.colcon_core.shell:Creating prefix chain script '/home/liu/final_assessment/ros_ws/install/setup.ps1'
[5.684s] INFO:colcon.colcon_core.shell:Creating prefix script '/home/liu/final_assessment/ros_ws/install/local_setup.sh'
[5.684s] INFO:colcon.colcon_core.shell:Creating prefix util module '/home/liu/final_assessment/ros_ws/install/_local_setup_util_sh.py'
[5.685s] INFO:colcon.colcon_core.shell:Creating prefix chain script '/home/liu/final_assessment/ros_ws/install/setup.sh'
[5.686s] INFO:colcon.colcon_core.shell:Creating prefix script '/home/liu/final_assessment/ros_ws/install/local_setup.bash'
[5.686s] INFO:colcon.colcon_core.shell:Creating prefix chain script '/home/liu/final_assessment/ros_ws/install/setup.bash'
[5.687s] INFO:colcon.colcon_core.shell:Creating prefix script '/home/liu/final_assessment/ros_ws/install/local_setup.zsh'
[5.687s] INFO:colcon.colcon_core.shell:Creating prefix chain script '/home/liu/final_assessment/ros_ws/install/setup.zsh'
