[01m[K/home/liu/final_assessment/ros_ws/src/final_assessment/src/camera_info_publisher.cpp:[m[K In member function ‘[01m[Kvoid CameraInfoPublisher::publish_camera_info()[m[K’:
[01m[K/home/liu/final_assessment/ros_ws/src/final_assessment/src/camera_info_publisher.cpp:92:17:[m[K [01;31m[Kerror: [m[Kno match for ‘[01m[Koperator=[m[K’ (operand types are ‘[01m[Ksensor_msgs::msg::CameraInfo_<std::allocator<void> >::_k_type[m[K’ {aka ‘[01m[Kstd::array<double, 9>[m[K’} and ‘[01m[Kstd::vector<double, std::allocator<double> >[m[K’)
   92 |         msg.k = [01;31m[Kcamera_matrix_[m[K;
      |                 [01;31m[K^~~~~~~~~~~~~~[m[K
In file included from [01m[K/usr/include/c++/11/tuple:39[m[K,
                 from [01m[K/usr/include/c++/11/bits/unique_ptr.h:37[m[K,
                 from [01m[K/usr/include/c++/11/memory:76[m[K,
                 from [01m[K/opt/ros/humble/include/rclcpp/rclcpp/rclcpp.hpp:153[m[K,
                 from [01m[K/home/liu/final_assessment/ros_ws/src/final_assessment/src/camera_info_publisher.cpp:1[m[K:
[01m[K/usr/include/c++/11/array:95:12:[m[K [01;36m[Knote: [m[Kcandidate: ‘[01m[Kconstexpr std::array<double, 9>& std::array<double, 9>::operator=(const std::array<double, 9>&)[m[K’
   95 |     struct [01;36m[Karray[m[K
      |            [01;36m[K^~~~~[m[K
[01m[K/usr/include/c++/11/array:95:12:[m[K [01;36m[Knote: [m[K  no known conversion for argument 1 from ‘[01m[Kstd::vector<double, std::allocator<double> >[m[K’ to ‘[01m[Kconst std::array<double, 9>&[m[K’
[01m[K/usr/include/c++/11/array:95:12:[m[K [01;36m[Knote: [m[Kcandidate: ‘[01m[Kconstexpr std::array<double, 9>& std::array<double, 9>::operator=(std::array<double, 9>&&)[m[K’
[01m[K/usr/include/c++/11/array:95:12:[m[K [01;36m[Knote: [m[K  no known conversion for argument 1 from ‘[01m[Kstd::vector<double, std::allocator<double> >[m[K’ to ‘[01m[Kstd::array<double, 9>&&[m[K’
[01m[K/home/liu/final_assessment/ros_ws/src/final_assessment/src/camera_info_publisher.cpp:95:17:[m[K [01;31m[Kerror: [m[Kno match for ‘[01m[Koperator=[m[K’ (operand types are ‘[01m[Ksensor_msgs::msg::CameraInfo_<std::allocator<void> >::_r_type[m[K’ {aka ‘[01m[Kstd::array<double, 9>[m[K’} and ‘[01m[Kstd::vector<double, std::allocator<double> >[m[K’)
   95 |         msg.r = [01;31m[Krectification_matrix_[m[K;
      |                 [01;31m[K^~~~~~~~~~~~~~~~~~~~~[m[K
In file included from [01m[K/usr/include/c++/11/tuple:39[m[K,
                 from [01m[K/usr/include/c++/11/bits/unique_ptr.h:37[m[K,
                 from [01m[K/usr/include/c++/11/memory:76[m[K,
                 from [01m[K/opt/ros/humble/include/rclcpp/rclcpp/rclcpp.hpp:153[m[K,
                 from [01m[K/home/liu/final_assessment/ros_ws/src/final_assessment/src/camera_info_publisher.cpp:1[m[K:
[01m[K/usr/include/c++/11/array:95:12:[m[K [01;36m[Knote: [m[Kcandidate: ‘[01m[Kconstexpr std::array<double, 9>& std::array<double, 9>::operator=(const std::array<double, 9>&)[m[K’
   95 |     struct [01;36m[Karray[m[K
      |            [01;36m[K^~~~~[m[K
[01m[K/usr/include/c++/11/array:95:12:[m[K [01;36m[Knote: [m[K  no known conversion for argument 1 from ‘[01m[Kstd::vector<double, std::allocator<double> >[m[K’ to ‘[01m[Kconst std::array<double, 9>&[m[K’
[01m[K/usr/include/c++/11/array:95:12:[m[K [01;36m[Knote: [m[Kcandidate: ‘[01m[Kconstexpr std::array<double, 9>& std::array<double, 9>::operator=(std::array<double, 9>&&)[m[K’
[01m[K/usr/include/c++/11/array:95:12:[m[K [01;36m[Knote: [m[K  no known conversion for argument 1 from ‘[01m[Kstd::vector<double, std::allocator<double> >[m[K’ to ‘[01m[Kstd::array<double, 9>&&[m[K’
[01m[K/home/liu/final_assessment/ros_ws/src/final_assessment/src/camera_info_publisher.cpp:98:17:[m[K [01;31m[Kerror: [m[Kno match for ‘[01m[Koperator=[m[K’ (operand types are ‘[01m[Ksensor_msgs::msg::CameraInfo_<std::allocator<void> >::_p_type[m[K’ {aka ‘[01m[Kstd::array<double, 12>[m[K’} and ‘[01m[Kstd::vector<double, std::allocator<double> >[m[K’)
   98 |         msg.p = [01;31m[Kprojection_matrix_[m[K;
      |                 [01;31m[K^~~~~~~~~~~~~~~~~~[m[K
In file included from [01m[K/usr/include/c++/11/tuple:39[m[K,
                 from [01m[K/usr/include/c++/11/bits/unique_ptr.h:37[m[K,
                 from [01m[K/usr/include/c++/11/memory:76[m[K,
                 from [01m[K/opt/ros/humble/include/rclcpp/rclcpp/rclcpp.hpp:153[m[K,
                 from [01m[K/home/liu/final_assessment/ros_ws/src/final_assessment/src/camera_info_publisher.cpp:1[m[K:
[01m[K/usr/include/c++/11/array:95:12:[m[K [01;36m[Knote: [m[Kcandidate: ‘[01m[Kconstexpr std::array<double, 12>& std::array<double, 12>::operator=(const std::array<double, 12>&)[m[K’
   95 |     struct [01;36m[Karray[m[K
      |            [01;36m[K^~~~~[m[K
[01m[K/usr/include/c++/11/array:95:12:[m[K [01;36m[Knote: [m[K  no known conversion for argument 1 from ‘[01m[Kstd::vector<double, std::allocator<double> >[m[K’ to ‘[01m[Kconst std::array<double, 12>&[m[K’
[01m[K/usr/include/c++/11/array:95:12:[m[K [01;36m[Knote: [m[Kcandidate: ‘[01m[Kconstexpr std::array<double, 12>& std::array<double, 12>::operator=(std::array<double, 12>&&)[m[K’
[01m[K/usr/include/c++/11/array:95:12:[m[K [01;36m[Knote: [m[K  no known conversion for argument 1 from ‘[01m[Kstd::vector<double, std::allocator<double> >[m[K’ to ‘[01m[Kstd::array<double, 12>&&[m[K’
gmake[2]: *** [CMakeFiles/publisher.dir/build.make:76：CMakeFiles/publisher.dir/src/camera_info_publisher.cpp.o] 错误 1
gmake[1]: *** [CMakeFiles/Makefile2:137：CMakeFiles/publisher.dir/all] 错误 2
gmake: *** [Makefile:146：all] 错误 2
