[01m[K/home/liu/final_assessment/ros_ws/src/final_assessment/src/camera_info_publisher.cpp:140:27:[m[K [01;31m[Kerror: [m[Kstray ‘[01m[K#[m[K’ in program
  140 |     rclcpp::init(argc, arg[01;31m[K#[m[Kinclude "rclcpp/rclcpp.hpp"
      |                           [01;31m[K^[m[K
[01m[K/home/liu/final_assessment/ros_ws/src/final_assessment/src/camera_info_publisher.cpp:[m[K In function ‘[01m[Kint main(int, char**)[m[K’:
[01m[K/home/liu/final_assessment/ros_ws/src/final_assessment/src/camera_info_publisher.cpp:140:24:[m[K [01;31m[Kerror: [m[K‘[01m[Karg[m[K’ was not declared in this scope; did you mean ‘[01m[Kargc[m[K’?
  140 |     rclcpp::init(argc, [01;31m[Karg[m[K#include "rclcpp/rclcpp.hpp"
      |                        [01;31m[K^~~[m[K
      |                        [32m[Kargc[m[K
[01m[K/home/liu/final_assessment/ros_ws/src/final_assessment/src/camera_info_publisher.cpp:256:1:[m[K [01;31m[Kerror: [m[Ka function-definition is not allowed here before ‘[01m[K{[m[K’ token
  256 | [01;31m[K{[m[K
      | [01;31m[K^[m[K
[01m[K/home/liu/final_assessment/ros_ws/src/final_assessment/src/camera_info_publisher.cpp:263:1:[m[K [01;31m[Kerror: [m[K‘[01m[Kv[m[K’ was not declared in this scope
  263 | [01;31m[Kv[m[K);
      | [01;31m[K^[m[K
[01m[K/home/liu/final_assessment/ros_ws/src/final_assessment/src/camera_info_publisher.cpp:138:27:[m[K [01;35m[Kwarning: [m[Kunused parameter ‘[01m[Kargv[m[K’ [[01;35m[K]8;;https://gcc.gnu.org/onlinedocs/gcc/Warning-Options.html#index-Wunused-parameter-Wunused-parameter]8;;[m[K]
  138 | int main(int argc, [01;35m[Kchar * argv[][m[K)
      |                    [01;35m[K~~~~~~~^~~~~~[m[K
gmake[2]: *** [CMakeFiles/publisher.dir/build.make:76：CMakeFiles/publisher.dir/src/camera_info_publisher.cpp.o] 错误 1
gmake[1]: *** [CMakeFiles/Makefile2:137：CMakeFiles/publisher.dir/all] 错误 2
gmake: *** [Makefile:146：all] 错误 2
