-- Found ament_cmake: 1.3.12 (/opt/ros/humble/share/ament_cmake/cmake)
-- Found rclcpp: 16.0.14 (/opt/ros/humble/share/rclcpp/cmake)
-- Found rosidl_generator_c: 3.1.7 (/opt/ros/humble/share/rosidl_generator_c/cmake)
-- Found rosidl_adapter: 3.1.7 (/opt/ros/humble/share/rosidl_adapter/cmake)
-- Found rosidl_generator_cpp: 3.1.7 (/opt/ros/humble/share/rosidl_generator_cpp/cmake)
-- Using all available rosidl_typesupport_c: rosidl_typesupport_fastrtps_c;rosidl_typesupport_introspection_c
-- Using all available rosidl_typesupport_cpp: rosidl_typesupport_fastrtps_cpp;rosidl_typesupport_introspection_cpp
-- Found rmw_implementation_cmake: 6.1.2 (/opt/ros/humble/share/rmw_implementation_cmake/cmake)
-- Found rmw_fastrtps_cpp: 6.2.8 (/opt/ros/humble/share/rmw_fastrtps_cpp/cmake)
-- Using RMW implementation 'rmw_fastrtps_cpp' as default
-- Found armor_interface: 0.0.1 (/home/liu/final_assessment/ros_ws/install/armor_interface/share/armor_interface/cmake)
-- Found ament_lint_auto: 0.12.14 (/opt/ros/humble/share/ament_lint_auto/cmake)
-- Added test 'cppcheck' to perform static code analysis on C / C++ code
-- Configured cppcheck include dirs: 
-- Configured cppcheck exclude dirs and/or files: 
-- Added test 'lint_cmake' to check CMake code style
-- Added test 'uncrustify' to check C / C++ code style
-- Configured uncrustify additional arguments: 
-- Added test 'xmllint' to check XML markup files
-- Configuring done
-- Generating done
-- Build files have been written to: /home/liu/final_assessment/ros_ws/build/publisher_armor
[35m[1mConsolidate compiler generated dependencies of target publisher_armor[0m
[100%] Built target publisher_armor
-- Install configuration: ""
-- Up-to-date: /home/liu/final_assessment/ros_ws/install/publisher_armor/lib/publisher_armor/publisher_armor
-- Up-to-date: /home/liu/final_assessment/ros_ws/install/publisher_armor/share/ament_index/resource_index/package_run_dependencies/publisher_armor
-- Up-to-date: /home/liu/final_assessment/ros_ws/install/publisher_armor/share/ament_index/resource_index/parent_prefix_path/publisher_armor
-- Up-to-date: /home/liu/final_assessment/ros_ws/install/publisher_armor/share/publisher_armor/environment/ament_prefix_path.sh
-- Installing: /home/liu/final_assessment/ros_ws/install/publisher_armor/share/publisher_armor/environment/ament_prefix_path.dsv
-- Up-to-date: /home/liu/final_assessment/ros_ws/install/publisher_armor/share/publisher_armor/environment/path.sh
-- Installing: /home/liu/final_assessment/ros_ws/install/publisher_armor/share/publisher_armor/environment/path.dsv
-- Up-to-date: /home/liu/final_assessment/ros_ws/install/publisher_armor/share/publisher_armor/local_setup.bash
-- Up-to-date: /home/liu/final_assessment/ros_ws/install/publisher_armor/share/publisher_armor/local_setup.sh
-- Up-to-date: /home/liu/final_assessment/ros_ws/install/publisher_armor/share/publisher_armor/local_setup.zsh
-- Installing: /home/liu/final_assessment/ros_ws/install/publisher_armor/share/publisher_armor/local_setup.dsv
-- Installing: /home/liu/final_assessment/ros_ws/install/publisher_armor/share/publisher_armor/package.dsv
-- Up-to-date: /home/liu/final_assessment/ros_ws/install/publisher_armor/share/ament_index/resource_index/packages/publisher_armor
-- Up-to-date: /home/liu/final_assessment/ros_ws/install/publisher_armor/share/publisher_armor/cmake/publisher_armorConfig.cmake
-- Up-to-date: /home/liu/final_assessment/ros_ws/install/publisher_armor/share/publisher_armor/cmake/publisher_armorConfig-version.cmake
-- Up-to-date: /home/liu/final_assessment/ros_ws/install/publisher_armor/share/publisher_armor/package.xml
