[100%] Built target pnp_solve
-- Install configuration: ""
-- Up-to-date: /home/liu/final_assessment/ros_ws/install/pnp_solve/share/pnp_solve/environment/library_path.sh
-- Up-to-date: /home/liu/final_assessment/ros_ws/install/pnp_solve/share/pnp_solve/environment/library_path.dsv
-- Up-to-date: /home/liu/final_assessment/ros_ws/install/pnp_solve/lib/libpnp_solve.so
-- Up-to-date: /home/liu/final_assessment/ros_ws/install/pnp_solve/include
-- Up-to-date: /home/liu/final_assessment/ros_ws/install/pnp_solve/include/pnp_solve
-- Up-to-date: /home/liu/final_assessment/ros_ws/install/pnp_solve/include/pnp_solve/pnp_solve.hpp
-- Up-to-date: /home/liu/final_assessment/ros_ws/install/pnp_solve/share/ament_index/resource_index/package_run_dependencies/pnp_solve
-- Up-to-date: /home/liu/final_assessment/ros_ws/install/pnp_solve/share/ament_index/resource_index/parent_prefix_path/pnp_solve
-- Up-to-date: /home/liu/final_assessment/ros_ws/install/pnp_solve/share/pnp_solve/environment/ament_prefix_path.sh
-- Up-to-date: /home/liu/final_assessment/ros_ws/install/pnp_solve/share/pnp_solve/environment/ament_prefix_path.dsv
-- Up-to-date: /home/liu/final_assessment/ros_ws/install/pnp_solve/share/pnp_solve/environment/path.sh
-- Up-to-date: /home/liu/final_assessment/ros_ws/install/pnp_solve/share/pnp_solve/environment/path.dsv
-- Up-to-date: /home/liu/final_assessment/ros_ws/install/pnp_solve/share/pnp_solve/local_setup.bash
-- Up-to-date: /home/liu/final_assessment/ros_ws/install/pnp_solve/share/pnp_solve/local_setup.sh
-- Up-to-date: /home/liu/final_assessment/ros_ws/install/pnp_solve/share/pnp_solve/local_setup.zsh
-- Up-to-date: /home/liu/final_assessment/ros_ws/install/pnp_solve/share/pnp_solve/local_setup.dsv
-- Installing: /home/liu/final_assessment/ros_ws/install/pnp_solve/share/pnp_solve/package.dsv
-- Up-to-date: /home/liu/final_assessment/ros_ws/install/pnp_solve/share/ament_index/resource_index/packages/pnp_solve
-- Up-to-date: /home/liu/final_assessment/ros_ws/install/pnp_solve/share/pnp_solve/cmake/export_pnp_solveExport.cmake
-- Up-to-date: /home/liu/final_assessment/ros_ws/install/pnp_solve/share/pnp_solve/cmake/export_pnp_solveExport-noconfig.cmake
-- Up-to-date: /home/liu/final_assessment/ros_ws/install/pnp_solve/share/pnp_solve/cmake/ament_cmake_export_targets-extras.cmake
-- Up-to-date: /home/liu/final_assessment/ros_ws/install/pnp_solve/share/pnp_solve/cmake/ament_cmake_export_dependencies-extras.cmake
-- Up-to-date: /home/liu/final_assessment/ros_ws/install/pnp_solve/share/pnp_solve/cmake/pnp_solveConfig.cmake
-- Up-to-date: /home/liu/final_assessment/ros_ws/install/pnp_solve/share/pnp_solve/cmake/pnp_solveConfig-version.cmake
-- Up-to-date: /home/liu/final_assessment/ros_ws/install/pnp_solve/share/pnp_solve/package.xml
