[0.008s] Invoking command in '/home/liu/final_assessment/ros_ws/build/final_assessment': CMAKE_PREFIX_PATH=${CMAKE_PREFIX_PATH}:/home/liu/ros2_ws/install/launch_testing_examples:/home/liu/ros2_ws/install/examples_rclpy_pointcloud_publisher:/home/liu/ros2_ws/install/examples_rclpy_minimal_subscriber:/home/liu/ros2_ws/install/examples_rclpy_minimal_service:/home/liu/ros2_ws/install/examples_rclpy_minimal_publisher:/home/liu/ros2_ws/install/examples_rclpy_minimal_client:/home/liu/ros2_ws/install/examples_rclpy_minimal_action_server:/home/liu/ros2_ws/install/examples_rclpy_minimal_action_client:/home/liu/ros2_ws/install/examples_rclpy_guard_conditions:/home/liu/ros2_ws/install/examples_rclpy_executors:/opt/ros/humble /usr/bin/cmake /home/liu/final_assessment/ros_ws/src/final_assessment -DCMAKE_EXPORT_COMPILE_COMMANDS=ON -DCMAKE_INSTALL_PREFIX=/home/liu/final_assessment/ros_ws/install/final_assessment
[0.019s] -- Found ament_cmake: 1.3.12 (/opt/ros/humble/share/ament_cmake/cmake)
[0.122s] -- Found rclcpp: 16.0.14 (/opt/ros/humble/share/rclcpp/cmake)
[0.144s] -- Found rosidl_generator_c: 3.1.7 (/opt/ros/humble/share/rosidl_generator_c/cmake)
[0.146s] -- Found rosidl_adapter: 3.1.7 (/opt/ros/humble/share/rosidl_adapter/cmake)
[0.150s] -- Found rosidl_generator_cpp: 3.1.7 (/opt/ros/humble/share/rosidl_generator_cpp/cmake)
[0.157s] -- Using all available rosidl_typesupport_c: rosidl_typesupport_fastrtps_c;rosidl_typesupport_introspection_c
[0.165s] -- Using all available rosidl_typesupport_cpp: rosidl_typesupport_fastrtps_cpp;rosidl_typesupport_introspection_cpp
[0.186s] -- Found rmw_implementation_cmake: 6.1.2 (/opt/ros/humble/share/rmw_implementation_cmake/cmake)
[0.188s] -- Found rmw_fastrtps_cpp: 6.2.8 (/opt/ros/humble/share/rmw_fastrtps_cpp/cmake)
[0.268s] -- Using RMW implementation 'rmw_fastrtps_cpp' as default
[0.306s] -- Found sensor_msgs: 4.9.0 (/opt/ros/humble/share/sensor_msgs/cmake)
[0.330s] -- Found ament_lint_auto: 0.12.14 (/opt/ros/humble/share/ament_lint_auto/cmake)
[0.378s] -- Added test 'cppcheck' to perform static code analysis on C / C++ code
[0.378s] -- Configured cppcheck include dirs: 
[0.378s] -- Configured cppcheck exclude dirs and/or files: 
[0.378s] -- Added test 'lint_cmake' to check CMake code style
[0.379s] -- Added test 'uncrustify' to check C / C++ code style
[0.379s] -- Configured uncrustify additional arguments: 
[0.379s] -- Added test 'xmllint' to check XML markup files
[0.379s] -- Configuring done
[0.385s] -- Generating done
[0.387s] -- Build files have been written to: /home/liu/final_assessment/ros_ws/build/final_assessment
[0.391s] Invoked command in '/home/liu/final_assessment/ros_ws/build/final_assessment' returned '0': CMAKE_PREFIX_PATH=${CMAKE_PREFIX_PATH}:/home/liu/ros2_ws/install/launch_testing_examples:/home/liu/ros2_ws/install/examples_rclpy_pointcloud_publisher:/home/liu/ros2_ws/install/examples_rclpy_minimal_subscriber:/home/liu/ros2_ws/install/examples_rclpy_minimal_service:/home/liu/ros2_ws/install/examples_rclpy_minimal_publisher:/home/liu/ros2_ws/install/examples_rclpy_minimal_client:/home/liu/ros2_ws/install/examples_rclpy_minimal_action_server:/home/liu/ros2_ws/install/examples_rclpy_minimal_action_client:/home/liu/ros2_ws/install/examples_rclpy_guard_conditions:/home/liu/ros2_ws/install/examples_rclpy_executors:/opt/ros/humble /usr/bin/cmake /home/liu/final_assessment/ros_ws/src/final_assessment -DCMAKE_EXPORT_COMPILE_COMMANDS=ON -DCMAKE_INSTALL_PREFIX=/home/liu/final_assessment/ros_ws/install/final_assessment
[0.394s] Invoking command in '/home/liu/final_assessment/ros_ws/build/final_assessment': CMAKE_PREFIX_PATH=${CMAKE_PREFIX_PATH}:/home/liu/ros2_ws/install/launch_testing_examples:/home/liu/ros2_ws/install/examples_rclpy_pointcloud_publisher:/home/liu/ros2_ws/install/examples_rclpy_minimal_subscriber:/home/liu/ros2_ws/install/examples_rclpy_minimal_service:/home/liu/ros2_ws/install/examples_rclpy_minimal_publisher:/home/liu/ros2_ws/install/examples_rclpy_minimal_client:/home/liu/ros2_ws/install/examples_rclpy_minimal_action_server:/home/liu/ros2_ws/install/examples_rclpy_minimal_action_client:/home/liu/ros2_ws/install/examples_rclpy_guard_conditions:/home/liu/ros2_ws/install/examples_rclpy_executors:/opt/ros/humble /usr/bin/cmake --build /home/liu/final_assessment/ros_ws/build/final_assessment -- -j24 -l24
[0.440s] [ 50%] [32mBuilding CXX object CMakeFiles/publisher.dir/src/camera_info_publisher.cpp.o[0m
[3.351s] [100%] [32m[1mLinking CXX executable publisher[0m
[3.492s] [100%] Built target publisher
[3.501s] Invoked command in '/home/liu/final_assessment/ros_ws/build/final_assessment' returned '0': CMAKE_PREFIX_PATH=${CMAKE_PREFIX_PATH}:/home/liu/ros2_ws/install/launch_testing_examples:/home/liu/ros2_ws/install/examples_rclpy_pointcloud_publisher:/home/liu/ros2_ws/install/examples_rclpy_minimal_subscriber:/home/liu/ros2_ws/install/examples_rclpy_minimal_service:/home/liu/ros2_ws/install/examples_rclpy_minimal_publisher:/home/liu/ros2_ws/install/examples_rclpy_minimal_client:/home/liu/ros2_ws/install/examples_rclpy_minimal_action_server:/home/liu/ros2_ws/install/examples_rclpy_minimal_action_client:/home/liu/ros2_ws/install/examples_rclpy_guard_conditions:/home/liu/ros2_ws/install/examples_rclpy_executors:/opt/ros/humble /usr/bin/cmake --build /home/liu/final_assessment/ros_ws/build/final_assessment -- -j24 -l24
[3.510s] Invoking command in '/home/liu/final_assessment/ros_ws/build/final_assessment': CMAKE_PREFIX_PATH=${CMAKE_PREFIX_PATH}:/home/liu/ros2_ws/install/launch_testing_examples:/home/liu/ros2_ws/install/examples_rclpy_pointcloud_publisher:/home/liu/ros2_ws/install/examples_rclpy_minimal_subscriber:/home/liu/ros2_ws/install/examples_rclpy_minimal_service:/home/liu/ros2_ws/install/examples_rclpy_minimal_publisher:/home/liu/ros2_ws/install/examples_rclpy_minimal_client:/home/liu/ros2_ws/install/examples_rclpy_minimal_action_server:/home/liu/ros2_ws/install/examples_rclpy_minimal_action_client:/home/liu/ros2_ws/install/examples_rclpy_guard_conditions:/home/liu/ros2_ws/install/examples_rclpy_executors:/opt/ros/humble /usr/bin/cmake --install /home/liu/final_assessment/ros_ws/build/final_assessment
[3.517s] -- Install configuration: ""
[3.517s] -- Installing: /home/liu/final_assessment/ros_ws/install/final_assessment/lib/final_assessment/publisher
[3.518s] -- Set runtime path of "/home/liu/final_assessment/ros_ws/install/final_assessment/lib/final_assessment/publisher" to ""
[3.518s] -- Up-to-date: /home/liu/final_assessment/ros_ws/install/final_assessment/share/ament_index/resource_index/package_run_dependencies/final_assessment
[3.518s] -- Installing: /home/liu/final_assessment/ros_ws/install/final_assessment/share/ament_index/resource_index/parent_prefix_path/final_assessment
[3.518s] -- Up-to-date: /home/liu/final_assessment/ros_ws/install/final_assessment/share/final_assessment/environment/ament_prefix_path.sh
[3.518s] -- Installing: /home/liu/final_assessment/ros_ws/install/final_assessment/share/final_assessment/environment/ament_prefix_path.dsv
[3.518s] -- Up-to-date: /home/liu/final_assessment/ros_ws/install/final_assessment/share/final_assessment/environment/path.sh
[3.518s] -- Installing: /home/liu/final_assessment/ros_ws/install/final_assessment/share/final_assessment/environment/path.dsv
[3.518s] -- Up-to-date: /home/liu/final_assessment/ros_ws/install/final_assessment/share/final_assessment/local_setup.bash
[3.518s] -- Up-to-date: /home/liu/final_assessment/ros_ws/install/final_assessment/share/final_assessment/local_setup.sh
[3.518s] -- Up-to-date: /home/liu/final_assessment/ros_ws/install/final_assessment/share/final_assessment/local_setup.zsh
[3.518s] -- Installing: /home/liu/final_assessment/ros_ws/install/final_assessment/share/final_assessment/local_setup.dsv
[3.518s] -- Installing: /home/liu/final_assessment/ros_ws/install/final_assessment/share/final_assessment/package.dsv
[3.519s] -- Up-to-date: /home/liu/final_assessment/ros_ws/install/final_assessment/share/ament_index/resource_index/packages/final_assessment
[3.519s] -- Up-to-date: /home/liu/final_assessment/ros_ws/install/final_assessment/share/final_assessment/cmake/final_assessmentConfig.cmake
[3.519s] -- Up-to-date: /home/liu/final_assessment/ros_ws/install/final_assessment/share/final_assessment/cmake/final_assessmentConfig-version.cmake
[3.519s] -- Up-to-date: /home/liu/final_assessment/ros_ws/install/final_assessment/share/final_assessment/package.xml
[3.520s] Invoked command in '/home/liu/final_assessment/ros_ws/build/final_assessment' returned '0': CMAKE_PREFIX_PATH=${CMAKE_PREFIX_PATH}:/home/liu/ros2_ws/install/launch_testing_examples:/home/liu/ros2_ws/install/examples_rclpy_pointcloud_publisher:/home/liu/ros2_ws/install/examples_rclpy_minimal_subscriber:/home/liu/ros2_ws/install/examples_rclpy_minimal_service:/home/liu/ros2_ws/install/examples_rclpy_minimal_publisher:/home/liu/ros2_ws/install/examples_rclpy_minimal_client:/home/liu/ros2_ws/install/examples_rclpy_minimal_action_server:/home/liu/ros2_ws/install/examples_rclpy_minimal_action_client:/home/liu/ros2_ws/install/examples_rclpy_guard_conditions:/home/liu/ros2_ws/install/examples_rclpy_executors:/opt/ros/humble /usr/bin/cmake --install /home/liu/final_assessment/ros_ws/build/final_assessment
