-- Found ament_cmake: 1.3.12 (/opt/ros/humble/share/ament_cmake/cmake)
-- Found rclcpp: 16.0.14 (/opt/ros/humble/share/rclcpp/cmake)
-- Found rosidl_generator_c: 3.1.7 (/opt/ros/humble/share/rosidl_generator_c/cmake)
-- Found rosidl_adapter: 3.1.7 (/opt/ros/humble/share/rosidl_adapter/cmake)
-- Found rosidl_generator_cpp: 3.1.7 (/opt/ros/humble/share/rosidl_generator_cpp/cmake)
-- Using all available rosidl_typesupport_c: rosidl_typesupport_fastrtps_c;rosidl_typesupport_introspection_c
-- Using all available rosidl_typesupport_cpp: rosidl_typesupport_fastrtps_cpp;rosidl_typesupport_introspection_cpp
-- Found rmw_implementation_cmake: 6.1.2 (/opt/ros/humble/share/rmw_implementation_cmake/cmake)
-- Found rmw_fastrtps_cpp: 6.2.8 (/opt/ros/humble/share/rmw_fastrtps_cpp/cmake)
-- Using RMW implementation 'rmw_fastrtps_cpp' as default
-- Found sensor_msgs: 4.9.0 (/opt/ros/humble/share/sensor_msgs/cmake)
-- Found camera_info_manager: 3.1.12 (/opt/ros/humble/share/camera_info_manager/cmake)
-- Found ament_lint_auto: 0.12.14 (/opt/ros/humble/share/ament_lint_auto/cmake)
-- Added test 'cppcheck' to perform static code analysis on C / C++ code
-- Configured cppcheck include dirs: 
-- Configured cppcheck exclude dirs and/or files: 
-- Added test 'lint_cmake' to check CMake code style
-- Added test 'uncrustify' to check C / C++ code style
-- Configured uncrustify additional arguments: 
-- Added test 'xmllint' to check XML markup files
-- Configuring done
-- Generating done
-- Build files have been written to: /home/liu/final_assessment/ros_ws/build/publisher_camera
[35m[1mConsolidate compiler generated dependencies of target publisher_camera[0m
[ 50%] [32mBuilding CXX object CMakeFiles/publisher_camera.dir/src/publisher_camera.cpp.o[0m
[100%] [32m[1mLinking CXX executable publisher_camera[0m
[100%] Built target publisher_camera
-- Install configuration: ""
-- Installing: /home/liu/final_assessment/ros_ws/install/publisher_camera/lib/publisher_camera/publisher_camera
-- Set runtime path of "/home/liu/final_assessment/ros_ws/install/publisher_camera/lib/publisher_camera/publisher_camera" to ""
-- Up-to-date: /home/liu/final_assessment/ros_ws/install/publisher_camera/share/ament_index/resource_index/package_run_dependencies/publisher_camera
-- Up-to-date: /home/liu/final_assessment/ros_ws/install/publisher_camera/share/ament_index/resource_index/parent_prefix_path/publisher_camera
-- Up-to-date: /home/liu/final_assessment/ros_ws/install/publisher_camera/share/publisher_camera/environment/ament_prefix_path.sh
-- Installing: /home/liu/final_assessment/ros_ws/install/publisher_camera/share/publisher_camera/environment/ament_prefix_path.dsv
-- Up-to-date: /home/liu/final_assessment/ros_ws/install/publisher_camera/share/publisher_camera/environment/path.sh
-- Installing: /home/liu/final_assessment/ros_ws/install/publisher_camera/share/publisher_camera/environment/path.dsv
-- Up-to-date: /home/liu/final_assessment/ros_ws/install/publisher_camera/share/publisher_camera/local_setup.bash
-- Up-to-date: /home/liu/final_assessment/ros_ws/install/publisher_camera/share/publisher_camera/local_setup.sh
-- Up-to-date: /home/liu/final_assessment/ros_ws/install/publisher_camera/share/publisher_camera/local_setup.zsh
-- Installing: /home/liu/final_assessment/ros_ws/install/publisher_camera/share/publisher_camera/local_setup.dsv
-- Installing: /home/liu/final_assessment/ros_ws/install/publisher_camera/share/publisher_camera/package.dsv
-- Up-to-date: /home/liu/final_assessment/ros_ws/install/publisher_camera/share/ament_index/resource_index/packages/publisher_camera
-- Up-to-date: /home/liu/final_assessment/ros_ws/install/publisher_camera/share/publisher_camera/cmake/publisher_cameraConfig.cmake
-- Up-to-date: /home/liu/final_assessment/ros_ws/install/publisher_camera/share/publisher_camera/cmake/publisher_cameraConfig-version.cmake
-- Up-to-date: /home/liu/final_assessment/ros_ws/install/publisher_camera/share/publisher_camera/package.xml
