[0.174s] Invoking command in '/home/liu/final_assessment/ros_ws/build/publisher_camera': CMAKE_PREFIX_PATH=${CMAKE_PREFIX_PATH}:/home/liu/ros2_ws/install/launch_testing_examples:/home/liu/ros2_ws/install/examples_rclpy_pointcloud_publisher:/home/liu/ros2_ws/install/examples_rclpy_minimal_subscriber:/home/liu/ros2_ws/install/examples_rclpy_minimal_service:/home/liu/ros2_ws/install/examples_rclpy_minimal_publisher:/home/liu/ros2_ws/install/examples_rclpy_minimal_client:/home/liu/ros2_ws/install/examples_rclpy_minimal_action_server:/home/liu/ros2_ws/install/examples_rclpy_minimal_action_client:/home/liu/ros2_ws/install/examples_rclpy_guard_conditions:/home/liu/ros2_ws/install/examples_rclpy_executors:/opt/ros/humble /usr/bin/cmake /home/liu/final_assessment/ros_ws/src/publisher_camera -DCMAKE_EXPORT_COMPILE_COMMANDS=1 -DCMAKE_INSTALL_PREFIX=/home/liu/final_assessment/ros_ws/install/publisher_camera
[0.186s] -- Found ament_cmake: 1.3.12 (/opt/ros/humble/share/ament_cmake/cmake)
[0.297s] -- Found rclcpp: 16.0.14 (/opt/ros/humble/share/rclcpp/cmake)
[0.320s] -- Found rosidl_generator_c: 3.1.7 (/opt/ros/humble/share/rosidl_generator_c/cmake)
[0.322s] -- Found rosidl_adapter: 3.1.7 (/opt/ros/humble/share/rosidl_adapter/cmake)
[0.326s] -- Found rosidl_generator_cpp: 3.1.7 (/opt/ros/humble/share/rosidl_generator_cpp/cmake)
[0.335s] -- Using all available rosidl_typesupport_c: rosidl_typesupport_fastrtps_c;rosidl_typesupport_introspection_c
[0.345s] -- Using all available rosidl_typesupport_cpp: rosidl_typesupport_fastrtps_cpp;rosidl_typesupport_introspection_cpp
[0.371s] -- Found rmw_implementation_cmake: 6.1.2 (/opt/ros/humble/share/rmw_implementation_cmake/cmake)
[0.373s] -- Found rmw_fastrtps_cpp: 6.2.8 (/opt/ros/humble/share/rmw_fastrtps_cpp/cmake)
[0.467s] -- Using RMW implementation 'rmw_fastrtps_cpp' as default
[0.507s] -- Found sensor_msgs: 4.9.0 (/opt/ros/humble/share/sensor_msgs/cmake)
[0.530s] -- Found camera_info_manager: 3.1.12 (/opt/ros/humble/share/camera_info_manager/cmake)
[0.539s] -- Found ament_lint_auto: 0.12.14 (/opt/ros/humble/share/ament_lint_auto/cmake)
[0.596s] -- Added test 'cppcheck' to perform static code analysis on C / C++ code
[0.596s] -- Configured cppcheck include dirs: 
[0.596s] -- Configured cppcheck exclude dirs and/or files: 
[0.597s] -- Added test 'lint_cmake' to check CMake code style
[0.597s] -- Added test 'uncrustify' to check C / C++ code style
[0.597s] -- Configured uncrustify additional arguments: 
[0.597s] -- Added test 'xmllint' to check XML markup files
[0.598s] -- Configuring done
[0.605s] -- Generating done
[0.607s] -- Build files have been written to: /home/liu/final_assessment/ros_ws/build/publisher_camera
[0.613s] Invoked command in '/home/liu/final_assessment/ros_ws/build/publisher_camera' returned '0': CMAKE_PREFIX_PATH=${CMAKE_PREFIX_PATH}:/home/liu/ros2_ws/install/launch_testing_examples:/home/liu/ros2_ws/install/examples_rclpy_pointcloud_publisher:/home/liu/ros2_ws/install/examples_rclpy_minimal_subscriber:/home/liu/ros2_ws/install/examples_rclpy_minimal_service:/home/liu/ros2_ws/install/examples_rclpy_minimal_publisher:/home/liu/ros2_ws/install/examples_rclpy_minimal_client:/home/liu/ros2_ws/install/examples_rclpy_minimal_action_server:/home/liu/ros2_ws/install/examples_rclpy_minimal_action_client:/home/liu/ros2_ws/install/examples_rclpy_guard_conditions:/home/liu/ros2_ws/install/examples_rclpy_executors:/opt/ros/humble /usr/bin/cmake /home/liu/final_assessment/ros_ws/src/publisher_camera -DCMAKE_EXPORT_COMPILE_COMMANDS=1 -DCMAKE_INSTALL_PREFIX=/home/liu/final_assessment/ros_ws/install/publisher_camera
[0.614s] Invoking command in '/home/liu/final_assessment/ros_ws/build/publisher_camera': CMAKE_PREFIX_PATH=${CMAKE_PREFIX_PATH}:/home/liu/ros2_ws/install/launch_testing_examples:/home/liu/ros2_ws/install/examples_rclpy_pointcloud_publisher:/home/liu/ros2_ws/install/examples_rclpy_minimal_subscriber:/home/liu/ros2_ws/install/examples_rclpy_minimal_service:/home/liu/ros2_ws/install/examples_rclpy_minimal_publisher:/home/liu/ros2_ws/install/examples_rclpy_minimal_client:/home/liu/ros2_ws/install/examples_rclpy_minimal_action_server:/home/liu/ros2_ws/install/examples_rclpy_minimal_action_client:/home/liu/ros2_ws/install/examples_rclpy_guard_conditions:/home/liu/ros2_ws/install/examples_rclpy_executors:/opt/ros/humble /usr/bin/cmake --build /home/liu/final_assessment/ros_ws/build/publisher_camera -- -j24 -l24
[0.647s] [35m[1mConsolidate compiler generated dependencies of target publisher_camera[0m
[0.660s] [ 50%] [32mBuilding CXX object CMakeFiles/publisher_camera.dir/src/publisher_camera.cpp.o[0m
[3.306s] [100%] [32m[1mLinking CXX executable publisher_camera[0m
[3.437s] [100%] Built target publisher_camera
[3.448s] Invoked command in '/home/liu/final_assessment/ros_ws/build/publisher_camera' returned '0': CMAKE_PREFIX_PATH=${CMAKE_PREFIX_PATH}:/home/liu/ros2_ws/install/launch_testing_examples:/home/liu/ros2_ws/install/examples_rclpy_pointcloud_publisher:/home/liu/ros2_ws/install/examples_rclpy_minimal_subscriber:/home/liu/ros2_ws/install/examples_rclpy_minimal_service:/home/liu/ros2_ws/install/examples_rclpy_minimal_publisher:/home/liu/ros2_ws/install/examples_rclpy_minimal_client:/home/liu/ros2_ws/install/examples_rclpy_minimal_action_server:/home/liu/ros2_ws/install/examples_rclpy_minimal_action_client:/home/liu/ros2_ws/install/examples_rclpy_guard_conditions:/home/liu/ros2_ws/install/examples_rclpy_executors:/opt/ros/humble /usr/bin/cmake --build /home/liu/final_assessment/ros_ws/build/publisher_camera -- -j24 -l24
[3.449s] Invoking command in '/home/liu/final_assessment/ros_ws/build/publisher_camera': CMAKE_PREFIX_PATH=${CMAKE_PREFIX_PATH}:/home/liu/ros2_ws/install/launch_testing_examples:/home/liu/ros2_ws/install/examples_rclpy_pointcloud_publisher:/home/liu/ros2_ws/install/examples_rclpy_minimal_subscriber:/home/liu/ros2_ws/install/examples_rclpy_minimal_service:/home/liu/ros2_ws/install/examples_rclpy_minimal_publisher:/home/liu/ros2_ws/install/examples_rclpy_minimal_client:/home/liu/ros2_ws/install/examples_rclpy_minimal_action_server:/home/liu/ros2_ws/install/examples_rclpy_minimal_action_client:/home/liu/ros2_ws/install/examples_rclpy_guard_conditions:/home/liu/ros2_ws/install/examples_rclpy_executors:/opt/ros/humble /usr/bin/cmake --install /home/liu/final_assessment/ros_ws/build/publisher_camera
[3.453s] -- Install configuration: ""
[3.453s] -- Installing: /home/liu/final_assessment/ros_ws/install/publisher_camera/lib/publisher_camera/publisher_camera
[3.454s] -- Set runtime path of "/home/liu/final_assessment/ros_ws/install/publisher_camera/lib/publisher_camera/publisher_camera" to ""
[3.454s] -- Up-to-date: /home/liu/final_assessment/ros_ws/install/publisher_camera/share/ament_index/resource_index/package_run_dependencies/publisher_camera
[3.454s] -- Up-to-date: /home/liu/final_assessment/ros_ws/install/publisher_camera/share/ament_index/resource_index/parent_prefix_path/publisher_camera
[3.454s] -- Up-to-date: /home/liu/final_assessment/ros_ws/install/publisher_camera/share/publisher_camera/environment/ament_prefix_path.sh
[3.454s] -- Installing: /home/liu/final_assessment/ros_ws/install/publisher_camera/share/publisher_camera/environment/ament_prefix_path.dsv
[3.455s] -- Up-to-date: /home/liu/final_assessment/ros_ws/install/publisher_camera/share/publisher_camera/environment/path.sh
[3.455s] -- Installing: /home/liu/final_assessment/ros_ws/install/publisher_camera/share/publisher_camera/environment/path.dsv
[3.455s] -- Up-to-date: /home/liu/final_assessment/ros_ws/install/publisher_camera/share/publisher_camera/local_setup.bash
[3.455s] -- Up-to-date: /home/liu/final_assessment/ros_ws/install/publisher_camera/share/publisher_camera/local_setup.sh
[3.455s] -- Up-to-date: /home/liu/final_assessment/ros_ws/install/publisher_camera/share/publisher_camera/local_setup.zsh
[3.455s] -- Installing: /home/liu/final_assessment/ros_ws/install/publisher_camera/share/publisher_camera/local_setup.dsv
[3.455s] -- Installing: /home/liu/final_assessment/ros_ws/install/publisher_camera/share/publisher_camera/package.dsv
[3.455s] -- Up-to-date: /home/liu/final_assessment/ros_ws/install/publisher_camera/share/ament_index/resource_index/packages/publisher_camera
[3.455s] -- Up-to-date: /home/liu/final_assessment/ros_ws/install/publisher_camera/share/publisher_camera/cmake/publisher_cameraConfig.cmake
[3.455s] -- Up-to-date: /home/liu/final_assessment/ros_ws/install/publisher_camera/share/publisher_camera/cmake/publisher_cameraConfig-version.cmake
[3.455s] -- Up-to-date: /home/liu/final_assessment/ros_ws/install/publisher_camera/share/publisher_camera/package.xml
[3.456s] Invoked command in '/home/liu/final_assessment/ros_ws/build/publisher_camera' returned '0': CMAKE_PREFIX_PATH=${CMAKE_PREFIX_PATH}:/home/liu/ros2_ws/install/launch_testing_examples:/home/liu/ros2_ws/install/examples_rclpy_pointcloud_publisher:/home/liu/ros2_ws/install/examples_rclpy_minimal_subscriber:/home/liu/ros2_ws/install/examples_rclpy_minimal_service:/home/liu/ros2_ws/install/examples_rclpy_minimal_publisher:/home/liu/ros2_ws/install/examples_rclpy_minimal_client:/home/liu/ros2_ws/install/examples_rclpy_minimal_action_server:/home/liu/ros2_ws/install/examples_rclpy_minimal_action_client:/home/liu/ros2_ws/install/examples_rclpy_guard_conditions:/home/liu/ros2_ws/install/examples_rclpy_executors:/opt/ros/humble /usr/bin/cmake --install /home/liu/final_assessment/ros_ws/build/publisher_camera
