[35m[1mConsolidate compiler generated dependencies of target publisher[0m
[ 50%] [32mBuilding CXX object CMakeFiles/publisher.dir/src/camera_info_publisher.cpp.o[0m
[100%] [32m[1mLinking CXX executable publisher[0m
[100%] Built target publisher
-- Install configuration: ""
-- Installing: /home/liu/final_assessment/install/final_assessment/lib/final_assessment/publisher
-- Set runtime path of "/home/liu/final_assessment/install/final_assessment/lib/final_assessment/publisher" to ""
-- Installing: /home/liu/final_assessment/install/final_assessment/share/ament_index/resource_index/package_run_dependencies/final_assessment
-- Installing: /home/liu/final_assessment/install/final_assessment/share/ament_index/resource_index/parent_prefix_path/final_assessment
-- Installing: /home/liu/final_assessment/install/final_assessment/share/final_assessment/environment/ament_prefix_path.sh
-- Installing: /home/liu/final_assessment/install/final_assessment/share/final_assessment/environment/ament_prefix_path.dsv
-- Installing: /home/liu/final_assessment/install/final_assessment/share/final_assessment/environment/path.sh
-- Installing: /home/liu/final_assessment/install/final_assessment/share/final_assessment/environment/path.dsv
-- Installing: /home/liu/final_assessment/install/final_assessment/share/final_assessment/local_setup.bash
-- Installing: /home/liu/final_assessment/install/final_assessment/share/final_assessment/local_setup.sh
-- Installing: /home/liu/final_assessment/install/final_assessment/share/final_assessment/local_setup.zsh
-- Installing: /home/liu/final_assessment/install/final_assessment/share/final_assessment/local_setup.dsv
-- Installing: /home/liu/final_assessment/install/final_assessment/share/final_assessment/package.dsv
-- Installing: /home/liu/final_assessment/install/final_assessment/share/ament_index/resource_index/packages/final_assessment
-- Installing: /home/liu/final_assessment/install/final_assessment/share/final_assessment/cmake/final_assessmentConfig.cmake
-- Installing: /home/liu/final_assessment/install/final_assessment/share/final_assessment/cmake/final_assessmentConfig-version.cmake
-- Installing: /home/liu/final_assessment/install/final_assessment/share/final_assessment/package.xml
