[0.010s] Invoking command in '/home/liu/final_assessment/build/final_assessment': CMAKE_PREFIX_PATH=${CMAKE_PREFIX_PATH}:/home/liu/ros2_ws/install/launch_testing_examples:/home/liu/ros2_ws/install/examples_rclpy_pointcloud_publisher:/home/liu/ros2_ws/install/examples_rclpy_minimal_subscriber:/home/liu/ros2_ws/install/examples_rclpy_minimal_service:/home/liu/ros2_ws/install/examples_rclpy_minimal_publisher:/home/liu/ros2_ws/install/examples_rclpy_minimal_client:/home/liu/ros2_ws/install/examples_rclpy_minimal_action_server:/home/liu/ros2_ws/install/examples_rclpy_minimal_action_client:/home/liu/ros2_ws/install/examples_rclpy_guard_conditions:/home/liu/ros2_ws/install/examples_rclpy_executors:/opt/ros/humble /usr/bin/cmake --build /home/liu/final_assessment/build/final_assessment -- -j24 -l24
[0.060s] [35m[1mConsolidate compiler generated dependencies of target publisher[0m
[0.084s] [ 50%] [32mBuilding CXX object CMakeFiles/publisher.dir/src/camera_info_publisher.cpp.o[0m
[3.022s] [100%] [32m[1mLinking CXX executable publisher[0m
[3.162s] [100%] Built target publisher
[3.172s] Invoked command in '/home/liu/final_assessment/build/final_assessment' returned '0': CMAKE_PREFIX_PATH=${CMAKE_PREFIX_PATH}:/home/liu/ros2_ws/install/launch_testing_examples:/home/liu/ros2_ws/install/examples_rclpy_pointcloud_publisher:/home/liu/ros2_ws/install/examples_rclpy_minimal_subscriber:/home/liu/ros2_ws/install/examples_rclpy_minimal_service:/home/liu/ros2_ws/install/examples_rclpy_minimal_publisher:/home/liu/ros2_ws/install/examples_rclpy_minimal_client:/home/liu/ros2_ws/install/examples_rclpy_minimal_action_server:/home/liu/ros2_ws/install/examples_rclpy_minimal_action_client:/home/liu/ros2_ws/install/examples_rclpy_guard_conditions:/home/liu/ros2_ws/install/examples_rclpy_executors:/opt/ros/humble /usr/bin/cmake --build /home/liu/final_assessment/build/final_assessment -- -j24 -l24
[3.181s] Invoking command in '/home/liu/final_assessment/build/final_assessment': CMAKE_PREFIX_PATH=${CMAKE_PREFIX_PATH}:/home/liu/ros2_ws/install/launch_testing_examples:/home/liu/ros2_ws/install/examples_rclpy_pointcloud_publisher:/home/liu/ros2_ws/install/examples_rclpy_minimal_subscriber:/home/liu/ros2_ws/install/examples_rclpy_minimal_service:/home/liu/ros2_ws/install/examples_rclpy_minimal_publisher:/home/liu/ros2_ws/install/examples_rclpy_minimal_client:/home/liu/ros2_ws/install/examples_rclpy_minimal_action_server:/home/liu/ros2_ws/install/examples_rclpy_minimal_action_client:/home/liu/ros2_ws/install/examples_rclpy_guard_conditions:/home/liu/ros2_ws/install/examples_rclpy_executors:/opt/ros/humble /usr/bin/cmake --install /home/liu/final_assessment/build/final_assessment
[3.191s] -- Install configuration: ""
[3.192s] -- Installing: /home/liu/final_assessment/install/final_assessment/lib/final_assessment/publisher
[3.193s] -- Set runtime path of "/home/liu/final_assessment/install/final_assessment/lib/final_assessment/publisher" to ""
[3.193s] -- Installing: /home/liu/final_assessment/install/final_assessment/share/ament_index/resource_index/package_run_dependencies/final_assessment
[3.193s] -- Installing: /home/liu/final_assessment/install/final_assessment/share/ament_index/resource_index/parent_prefix_path/final_assessment
[3.193s] -- Installing: /home/liu/final_assessment/install/final_assessment/share/final_assessment/environment/ament_prefix_path.sh
[3.193s] -- Installing: /home/liu/final_assessment/install/final_assessment/share/final_assessment/environment/ament_prefix_path.dsv
[3.193s] -- Installing: /home/liu/final_assessment/install/final_assessment/share/final_assessment/environment/path.sh
[3.194s] -- Installing: /home/liu/final_assessment/install/final_assessment/share/final_assessment/environment/path.dsv
[3.194s] -- Installing: /home/liu/final_assessment/install/final_assessment/share/final_assessment/local_setup.bash
[3.194s] -- Installing: /home/liu/final_assessment/install/final_assessment/share/final_assessment/local_setup.sh
[3.194s] -- Installing: /home/liu/final_assessment/install/final_assessment/share/final_assessment/local_setup.zsh
[3.194s] -- Installing: /home/liu/final_assessment/install/final_assessment/share/final_assessment/local_setup.dsv
[3.194s] -- Installing: /home/liu/final_assessment/install/final_assessment/share/final_assessment/package.dsv
[3.194s] -- Installing: /home/liu/final_assessment/install/final_assessment/share/ament_index/resource_index/packages/final_assessment
[3.194s] -- Installing: /home/liu/final_assessment/install/final_assessment/share/final_assessment/cmake/final_assessmentConfig.cmake
[3.194s] -- Installing: /home/liu/final_assessment/install/final_assessment/share/final_assessment/cmake/final_assessmentConfig-version.cmake
[3.194s] -- Installing: /home/liu/final_assessment/install/final_assessment/share/final_assessment/package.xml
[3.196s] Invoked command in '/home/liu/final_assessment/build/final_assessment' returned '0': CMAKE_PREFIX_PATH=${CMAKE_PREFIX_PATH}:/home/liu/ros2_ws/install/launch_testing_examples:/home/liu/ros2_ws/install/examples_rclpy_pointcloud_publisher:/home/liu/ros2_ws/install/examples_rclpy_minimal_subscriber:/home/liu/ros2_ws/install/examples_rclpy_minimal_service:/home/liu/ros2_ws/install/examples_rclpy_minimal_publisher:/home/liu/ros2_ws/install/examples_rclpy_minimal_client:/home/liu/ros2_ws/install/examples_rclpy_minimal_action_server:/home/liu/ros2_ws/install/examples_rclpy_minimal_action_client:/home/liu/ros2_ws/install/examples_rclpy_guard_conditions:/home/liu/ros2_ws/install/examples_rclpy_executors:/opt/ros/humble /usr/bin/cmake --install /home/liu/final_assessment/build/final_assessment
