[0.208s] Invoking command in '/home/liu/final_assessment/ros_ws/build/publisher_camera': CMAKE_PREFIX_PATH=${CMAKE_PREFIX_PATH}:/home/liu/ros2_ws/install/launch_testing_examples:/home/liu/ros2_ws/install/examples_rclpy_pointcloud_publisher:/home/liu/ros2_ws/install/examples_rclpy_minimal_subscriber:/home/liu/ros2_ws/install/examples_rclpy_minimal_service:/home/liu/ros2_ws/install/examples_rclpy_minimal_publisher:/home/liu/ros2_ws/install/examples_rclpy_minimal_client:/home/liu/ros2_ws/install/examples_rclpy_minimal_action_server:/home/liu/ros2_ws/install/examples_rclpy_minimal_action_client:/home/liu/ros2_ws/install/examples_rclpy_guard_conditions:/home/liu/ros2_ws/install/examples_rclpy_executors:/opt/ros/humble /usr/bin/cmake /home/liu/final_assessment/ros_ws/src/publisher_camera -DCMAKE_INSTALL_PREFIX=/home/liu/final_assessment/ros_ws/install/publisher_camera
[0.253s] -- The C compiler identification is GNU 11.4.0
[0.298s] -- The CXX compiler identification is GNU 11.4.0
[0.305s] -- Detecting C compiler ABI info
[0.364s] -- Detecting C compiler ABI info - done
[0.369s] -- Check for working C compiler: /usr/bin/cc - skipped
[0.370s] -- Detecting C compile features
[0.370s] -- Detecting C compile features - done
[0.372s] -- Detecting CXX compiler ABI info
[0.441s] -- Detecting CXX compiler ABI info - done
[0.447s] -- Check for working CXX compiler: /usr/bin/c++ - skipped
[0.447s] -- Detecting CXX compile features
[0.447s] -- Detecting CXX compile features - done
[0.450s] -- Found ament_cmake: 1.3.12 (/opt/ros/humble/share/ament_cmake/cmake)
[0.579s] -- Found Python3: /usr/bin/python3 (found version "3.10.12") found components: Interpreter 
[0.667s] -- Found rclcpp: 16.0.14 (/opt/ros/humble/share/rclcpp/cmake)
[0.723s] -- Found rosidl_generator_c: 3.1.7 (/opt/ros/humble/share/rosidl_generator_c/cmake)
[0.729s] -- Found rosidl_adapter: 3.1.7 (/opt/ros/humble/share/rosidl_adapter/cmake)
[0.739s] -- Found rosidl_generator_cpp: 3.1.7 (/opt/ros/humble/share/rosidl_generator_cpp/cmake)
[0.752s] -- Using all available rosidl_typesupport_c: rosidl_typesupport_fastrtps_c;rosidl_typesupport_introspection_c
[0.770s] -- Using all available rosidl_typesupport_cpp: rosidl_typesupport_fastrtps_cpp;rosidl_typesupport_introspection_cpp
[0.826s] -- Found rmw_implementation_cmake: 6.1.2 (/opt/ros/humble/share/rmw_implementation_cmake/cmake)
[0.831s] -- Found rmw_fastrtps_cpp: 6.2.8 (/opt/ros/humble/share/rmw_fastrtps_cpp/cmake)
[0.923s] -- Found OpenSSL: /usr/lib/x86_64-linux-gnu/libcrypto.so (found version "3.0.2")  
[0.949s] -- Found FastRTPS: /opt/ros/humble/include  
[0.987s] -- Using RMW implementation 'rmw_fastrtps_cpp' as default
[1.000s] -- Looking for pthread.h
[1.058s] -- Looking for pthread.h - found
[1.059s] -- Performing Test CMAKE_HAVE_LIBC_PTHREAD
[1.119s] -- Performing Test CMAKE_HAVE_LIBC_PTHREAD - Success
[1.120s] -- Found Threads: TRUE  
[1.172s] -- Found sensor_msgs: 4.9.0 (/opt/ros/humble/share/sensor_msgs/cmake)
[1.202s] -- Found camera_info_manager: 3.1.12 (/opt/ros/humble/share/camera_info_manager/cmake)
[1.223s] -- Found ament_lint_auto: 0.12.14 (/opt/ros/humble/share/ament_lint_auto/cmake)
[1.295s] -- Added test 'cppcheck' to perform static code analysis on C / C++ code
[1.295s] -- Configured cppcheck include dirs: 
[1.295s] -- Configured cppcheck exclude dirs and/or files: 
[1.296s] -- Added test 'lint_cmake' to check CMake code style
[1.297s] -- Added test 'uncrustify' to check C / C++ code style
[1.298s] -- Configured uncrustify additional arguments: 
[1.298s] -- Added test 'xmllint' to check XML markup files
[1.300s] -- Configuring done
[1.306s] -- Generating done
[1.308s] -- Build files have been written to: /home/liu/final_assessment/ros_ws/build/publisher_camera
[1.315s] Invoked command in '/home/liu/final_assessment/ros_ws/build/publisher_camera' returned '0': CMAKE_PREFIX_PATH=${CMAKE_PREFIX_PATH}:/home/liu/ros2_ws/install/launch_testing_examples:/home/liu/ros2_ws/install/examples_rclpy_pointcloud_publisher:/home/liu/ros2_ws/install/examples_rclpy_minimal_subscriber:/home/liu/ros2_ws/install/examples_rclpy_minimal_service:/home/liu/ros2_ws/install/examples_rclpy_minimal_publisher:/home/liu/ros2_ws/install/examples_rclpy_minimal_client:/home/liu/ros2_ws/install/examples_rclpy_minimal_action_server:/home/liu/ros2_ws/install/examples_rclpy_minimal_action_client:/home/liu/ros2_ws/install/examples_rclpy_guard_conditions:/home/liu/ros2_ws/install/examples_rclpy_executors:/opt/ros/humble /usr/bin/cmake /home/liu/final_assessment/ros_ws/src/publisher_camera -DCMAKE_INSTALL_PREFIX=/home/liu/final_assessment/ros_ws/install/publisher_camera
[1.317s] Invoking command in '/home/liu/final_assessment/ros_ws/build/publisher_camera': CMAKE_PREFIX_PATH=${CMAKE_PREFIX_PATH}:/home/liu/ros2_ws/install/launch_testing_examples:/home/liu/ros2_ws/install/examples_rclpy_pointcloud_publisher:/home/liu/ros2_ws/install/examples_rclpy_minimal_subscriber:/home/liu/ros2_ws/install/examples_rclpy_minimal_service:/home/liu/ros2_ws/install/examples_rclpy_minimal_publisher:/home/liu/ros2_ws/install/examples_rclpy_minimal_client:/home/liu/ros2_ws/install/examples_rclpy_minimal_action_server:/home/liu/ros2_ws/install/examples_rclpy_minimal_action_client:/home/liu/ros2_ws/install/examples_rclpy_guard_conditions:/home/liu/ros2_ws/install/examples_rclpy_executors:/opt/ros/humble /usr/bin/cmake --build /home/liu/final_assessment/ros_ws/build/publisher_camera -- -j24 -l24
[1.361s] [ 50%] [32mBuilding CXX object CMakeFiles/publisher_camera.dir/src/publisher_camera.cpp.o[0m
[4.134s] [100%] [32m[1mLinking CXX executable publisher_camera[0m
[4.259s] [100%] Built target publisher_camera
[4.268s] Invoked command in '/home/liu/final_assessment/ros_ws/build/publisher_camera' returned '0': CMAKE_PREFIX_PATH=${CMAKE_PREFIX_PATH}:/home/liu/ros2_ws/install/launch_testing_examples:/home/liu/ros2_ws/install/examples_rclpy_pointcloud_publisher:/home/liu/ros2_ws/install/examples_rclpy_minimal_subscriber:/home/liu/ros2_ws/install/examples_rclpy_minimal_service:/home/liu/ros2_ws/install/examples_rclpy_minimal_publisher:/home/liu/ros2_ws/install/examples_rclpy_minimal_client:/home/liu/ros2_ws/install/examples_rclpy_minimal_action_server:/home/liu/ros2_ws/install/examples_rclpy_minimal_action_client:/home/liu/ros2_ws/install/examples_rclpy_guard_conditions:/home/liu/ros2_ws/install/examples_rclpy_executors:/opt/ros/humble /usr/bin/cmake --build /home/liu/final_assessment/ros_ws/build/publisher_camera -- -j24 -l24
[4.270s] Invoking command in '/home/liu/final_assessment/ros_ws/build/publisher_camera': CMAKE_PREFIX_PATH=${CMAKE_PREFIX_PATH}:/home/liu/ros2_ws/install/launch_testing_examples:/home/liu/ros2_ws/install/examples_rclpy_pointcloud_publisher:/home/liu/ros2_ws/install/examples_rclpy_minimal_subscriber:/home/liu/ros2_ws/install/examples_rclpy_minimal_service:/home/liu/ros2_ws/install/examples_rclpy_minimal_publisher:/home/liu/ros2_ws/install/examples_rclpy_minimal_client:/home/liu/ros2_ws/install/examples_rclpy_minimal_action_server:/home/liu/ros2_ws/install/examples_rclpy_minimal_action_client:/home/liu/ros2_ws/install/examples_rclpy_guard_conditions:/home/liu/ros2_ws/install/examples_rclpy_executors:/opt/ros/humble /usr/bin/cmake --install /home/liu/final_assessment/ros_ws/build/publisher_camera
[4.276s] -- Install configuration: ""
[4.276s] -- Installing: /home/liu/final_assessment/ros_ws/install/publisher_camera/lib/publisher_camera/publisher_camera
[4.276s] -- Set runtime path of "/home/liu/final_assessment/ros_ws/install/publisher_camera/lib/publisher_camera/publisher_camera" to ""
[4.276s] -- Installing: /home/liu/final_assessment/ros_ws/install/publisher_camera/share/ament_index/resource_index/package_run_dependencies/publisher_camera
[4.276s] -- Installing: /home/liu/final_assessment/ros_ws/install/publisher_camera/share/ament_index/resource_index/parent_prefix_path/publisher_camera
[4.277s] -- Installing: /home/liu/final_assessment/ros_ws/install/publisher_camera/share/publisher_camera/environment/ament_prefix_path.sh
[4.277s] -- Installing: /home/liu/final_assessment/ros_ws/install/publisher_camera/share/publisher_camera/environment/ament_prefix_path.dsv
[4.277s] -- Installing: /home/liu/final_assessment/ros_ws/install/publisher_camera/share/publisher_camera/environment/path.sh
[4.277s] -- Installing: /home/liu/final_assessment/ros_ws/install/publisher_camera/share/publisher_camera/environment/path.dsv
[4.277s] -- Installing: /home/liu/final_assessment/ros_ws/install/publisher_camera/share/publisher_camera/local_setup.bash
[4.277s] -- Installing: /home/liu/final_assessment/ros_ws/install/publisher_camera/share/publisher_camera/local_setup.sh
[4.277s] -- Installing: /home/liu/final_assessment/ros_ws/install/publisher_camera/share/publisher_camera/local_setup.zsh
[4.277s] -- Installing: /home/liu/final_assessment/ros_ws/install/publisher_camera/share/publisher_camera/local_setup.dsv
[4.277s] -- Installing: /home/liu/final_assessment/ros_ws/install/publisher_camera/share/publisher_camera/package.dsv
[4.277s] -- Installing: /home/liu/final_assessment/ros_ws/install/publisher_camera/share/ament_index/resource_index/packages/publisher_camera
[4.277s] -- Installing: /home/liu/final_assessment/ros_ws/install/publisher_camera/share/publisher_camera/cmake/publisher_cameraConfig.cmake
[4.277s] -- Installing: /home/liu/final_assessment/ros_ws/install/publisher_camera/share/publisher_camera/cmake/publisher_cameraConfig-version.cmake
[4.277s] -- Installing: /home/liu/final_assessment/ros_ws/install/publisher_camera/share/publisher_camera/package.xml
[4.279s] Invoked command in '/home/liu/final_assessment/ros_ws/build/publisher_camera' returned '0': CMAKE_PREFIX_PATH=${CMAKE_PREFIX_PATH}:/home/liu/ros2_ws/install/launch_testing_examples:/home/liu/ros2_ws/install/examples_rclpy_pointcloud_publisher:/home/liu/ros2_ws/install/examples_rclpy_minimal_subscriber:/home/liu/ros2_ws/install/examples_rclpy_minimal_service:/home/liu/ros2_ws/install/examples_rclpy_minimal_publisher:/home/liu/ros2_ws/install/examples_rclpy_minimal_client:/home/liu/ros2_ws/install/examples_rclpy_minimal_action_server:/home/liu/ros2_ws/install/examples_rclpy_minimal_action_client:/home/liu/ros2_ws/install/examples_rclpy_guard_conditions:/home/liu/ros2_ws/install/examples_rclpy_executors:/opt/ros/humble /usr/bin/cmake --install /home/liu/final_assessment/ros_ws/build/publisher_camera
