[0.009s] Invoking command in '/home/liu/final_assessment/ros_ws/build/final_assessment': CMAKE_PREFIX_PATH=${CMAKE_PREFIX_PATH}:/home/liu/ros2_ws/install/launch_testing_examples:/home/liu/ros2_ws/install/examples_rclpy_pointcloud_publisher:/home/liu/ros2_ws/install/examples_rclpy_minimal_subscriber:/home/liu/ros2_ws/install/examples_rclpy_minimal_service:/home/liu/ros2_ws/install/examples_rclpy_minimal_publisher:/home/liu/ros2_ws/install/examples_rclpy_minimal_client:/home/liu/ros2_ws/install/examples_rclpy_minimal_action_server:/home/liu/ros2_ws/install/examples_rclpy_minimal_action_client:/home/liu/ros2_ws/install/examples_rclpy_guard_conditions:/home/liu/ros2_ws/install/examples_rclpy_executors:/opt/ros/humble /usr/bin/cmake --build /home/liu/final_assessment/ros_ws/build/final_assessment -- -j24 -l24
[0.034s] -- Found ament_cmake: 1.3.12 (/opt/ros/humble/share/ament_cmake/cmake)
[0.146s] -- Found rclcpp: 16.0.14 (/opt/ros/humble/share/rclcpp/cmake)
[0.164s] -- Found rosidl_generator_c: 3.1.7 (/opt/ros/humble/share/rosidl_generator_c/cmake)
[0.166s] -- Found rosidl_adapter: 3.1.7 (/opt/ros/humble/share/rosidl_adapter/cmake)
[0.170s] -- Found rosidl_generator_cpp: 3.1.7 (/opt/ros/humble/share/rosidl_generator_cpp/cmake)
[0.176s] -- Using all available rosidl_typesupport_c: rosidl_typesupport_fastrtps_c;rosidl_typesupport_introspection_c
[0.185s] -- Using all available rosidl_typesupport_cpp: rosidl_typesupport_fastrtps_cpp;rosidl_typesupport_introspection_cpp
[0.206s] -- Found rmw_implementation_cmake: 6.1.2 (/opt/ros/humble/share/rmw_implementation_cmake/cmake)
[0.208s] -- Found rmw_fastrtps_cpp: 6.2.8 (/opt/ros/humble/share/rmw_fastrtps_cpp/cmake)
[0.291s] -- Using RMW implementation 'rmw_fastrtps_cpp' as default
[0.330s] -- Found ament_lint_auto: 0.12.14 (/opt/ros/humble/share/ament_lint_auto/cmake)
[0.381s] -- Added test 'cppcheck' to perform static code analysis on C / C++ code
[0.381s] -- Configured cppcheck include dirs: 
[0.381s] -- Configured cppcheck exclude dirs and/or files: 
[0.381s] -- Added test 'lint_cmake' to check CMake code style
[0.382s] -- Added test 'uncrustify' to check C / C++ code style
[0.382s] -- Configured uncrustify additional arguments: 
[0.382s] -- Added test 'xmllint' to check XML markup files
[0.382s] -- Configuring done
[0.388s] -- Generating done
[0.391s] -- Build files have been written to: /home/liu/final_assessment/ros_ws/build/final_assessment
[0.436s] [ 25%] [32mBuilding CXX object CMakeFiles/publisher.dir/src/calculated_armor_plate_attitude_publish.cpp.o[0m
[0.437s] [ 50%] [32mBuilding CXX object CMakeFiles/subscriber.dir/src/calculated_armor_plate_attitude_subscribe.cpp.o[0m
[2.936s] [ 75%] [32m[1mLinking CXX executable publisher[0m
[3.057s] [ 75%] Built target publisher
[5.161s] [100%] [32m[1mLinking CXX executable subscriber[0m
[5.389s] [100%] Built target subscriber
[5.398s] Invoked command in '/home/liu/final_assessment/ros_ws/build/final_assessment' returned '0': CMAKE_PREFIX_PATH=${CMAKE_PREFIX_PATH}:/home/liu/ros2_ws/install/launch_testing_examples:/home/liu/ros2_ws/install/examples_rclpy_pointcloud_publisher:/home/liu/ros2_ws/install/examples_rclpy_minimal_subscriber:/home/liu/ros2_ws/install/examples_rclpy_minimal_service:/home/liu/ros2_ws/install/examples_rclpy_minimal_publisher:/home/liu/ros2_ws/install/examples_rclpy_minimal_client:/home/liu/ros2_ws/install/examples_rclpy_minimal_action_server:/home/liu/ros2_ws/install/examples_rclpy_minimal_action_client:/home/liu/ros2_ws/install/examples_rclpy_guard_conditions:/home/liu/ros2_ws/install/examples_rclpy_executors:/opt/ros/humble /usr/bin/cmake --build /home/liu/final_assessment/ros_ws/build/final_assessment -- -j24 -l24
[5.410s] Invoking command in '/home/liu/final_assessment/ros_ws/build/final_assessment': CMAKE_PREFIX_PATH=${CMAKE_PREFIX_PATH}:/home/liu/ros2_ws/install/launch_testing_examples:/home/liu/ros2_ws/install/examples_rclpy_pointcloud_publisher:/home/liu/ros2_ws/install/examples_rclpy_minimal_subscriber:/home/liu/ros2_ws/install/examples_rclpy_minimal_service:/home/liu/ros2_ws/install/examples_rclpy_minimal_publisher:/home/liu/ros2_ws/install/examples_rclpy_minimal_client:/home/liu/ros2_ws/install/examples_rclpy_minimal_action_server:/home/liu/ros2_ws/install/examples_rclpy_minimal_action_client:/home/liu/ros2_ws/install/examples_rclpy_guard_conditions:/home/liu/ros2_ws/install/examples_rclpy_executors:/opt/ros/humble /usr/bin/cmake --install /home/liu/final_assessment/ros_ws/build/final_assessment
[5.419s] -- Install configuration: ""
[5.419s] -- Installing: /home/liu/final_assessment/ros_ws/install/final_assessment/lib/final_assessment/publisher
[5.421s] -- Set runtime path of "/home/liu/final_assessment/ros_ws/install/final_assessment/lib/final_assessment/publisher" to ""
[5.421s] -- Up-to-date: /home/liu/final_assessment/ros_ws/install/final_assessment/share/ament_index/resource_index/package_run_dependencies/final_assessment
[5.421s] -- Up-to-date: /home/liu/final_assessment/ros_ws/install/final_assessment/share/ament_index/resource_index/parent_prefix_path/final_assessment
[5.421s] -- Up-to-date: /home/liu/final_assessment/ros_ws/install/final_assessment/share/final_assessment/environment/ament_prefix_path.sh
[5.421s] -- Installing: /home/liu/final_assessment/ros_ws/install/final_assessment/share/final_assessment/environment/ament_prefix_path.dsv
[5.422s] -- Up-to-date: /home/liu/final_assessment/ros_ws/install/final_assessment/share/final_assessment/environment/path.sh
[5.422s] -- Installing: /home/liu/final_assessment/ros_ws/install/final_assessment/share/final_assessment/environment/path.dsv
[5.422s] -- Up-to-date: /home/liu/final_assessment/ros_ws/install/final_assessment/share/final_assessment/local_setup.bash
[5.422s] -- Up-to-date: /home/liu/final_assessment/ros_ws/install/final_assessment/share/final_assessment/local_setup.sh
[5.422s] -- Up-to-date: /home/liu/final_assessment/ros_ws/install/final_assessment/share/final_assessment/local_setup.zsh
[5.422s] -- Installing: /home/liu/final_assessment/ros_ws/install/final_assessment/share/final_assessment/local_setup.dsv
[5.422s] -- Installing: /home/liu/final_assessment/ros_ws/install/final_assessment/share/final_assessment/package.dsv
[5.422s] -- Up-to-date: /home/liu/final_assessment/ros_ws/install/final_assessment/share/ament_index/resource_index/packages/final_assessment
[5.422s] -- Up-to-date: /home/liu/final_assessment/ros_ws/install/final_assessment/share/final_assessment/cmake/final_assessmentConfig.cmake
[5.422s] -- Up-to-date: /home/liu/final_assessment/ros_ws/install/final_assessment/share/final_assessment/cmake/final_assessmentConfig-version.cmake
[5.422s] -- Up-to-date: /home/liu/final_assessment/ros_ws/install/final_assessment/share/final_assessment/package.xml
[5.424s] Invoked command in '/home/liu/final_assessment/ros_ws/build/final_assessment' returned '0': CMAKE_PREFIX_PATH=${CMAKE_PREFIX_PATH}:/home/liu/ros2_ws/install/launch_testing_examples:/home/liu/ros2_ws/install/examples_rclpy_pointcloud_publisher:/home/liu/ros2_ws/install/examples_rclpy_minimal_subscriber:/home/liu/ros2_ws/install/examples_rclpy_minimal_service:/home/liu/ros2_ws/install/examples_rclpy_minimal_publisher:/home/liu/ros2_ws/install/examples_rclpy_minimal_client:/home/liu/ros2_ws/install/examples_rclpy_minimal_action_server:/home/liu/ros2_ws/install/examples_rclpy_minimal_action_client:/home/liu/ros2_ws/install/examples_rclpy_guard_conditions:/home/liu/ros2_ws/install/examples_rclpy_executors:/opt/ros/humble /usr/bin/cmake --install /home/liu/final_assessment/ros_ws/build/final_assessment
