-- The C compiler identification is GNU 11.4.0
-- The CXX compiler identification is GNU 11.4.0
-- Detecting C compiler ABI info
-- Detecting C compiler ABI info - done
-- Check for working C compiler: /usr/bin/cc - skipped
-- Detecting C compile features
-- Detecting C compile features - done
-- Detecting CXX compiler ABI info
-- Detecting CXX compiler ABI info - done
-- Check for working CXX compiler: /usr/bin/c++ - skipped
-- Detecting CXX compile features
-- Detecting CXX compile features - done
-- Found ament_cmake: 1.3.12 (/opt/ros/humble/share/ament_cmake/cmake)
-- Found Python3: /usr/bin/python3 (found version "3.10.12") found components: Interpreter 
-- Configuring done
-- Generating done
-- Build files have been written to: /home/liu/final_assessment/ros_ws/build/kf_solve
[ 50%] [32mBuilding CXX object CMakeFiles/kf_solve.dir/src/kalman_filter.cpp.o[0m
[100%] [32m[1mLinking CXX shared library libkf_solve.so[0m
[100%] Built target kf_solve
-- Install configuration: ""
-- Installing: /home/liu/final_assessment/ros_ws/install/kf_solve/share/kf_solve/environment/library_path.sh
-- Installing: /home/liu/final_assessment/ros_ws/install/kf_solve/share/kf_solve/environment/library_path.dsv
-- Installing: /home/liu/final_assessment/ros_ws/install/kf_solve/lib/libkf_solve.so
-- Installing: /home/liu/final_assessment/ros_ws/install/kf_solve/include
-- Installing: /home/liu/final_assessment/ros_ws/install/kf_solve/include/kf_solve
-- Installing: /home/liu/final_assessment/ros_ws/install/kf_solve/include/kf_solve/kalman_filter.hpp
-- Installing: /home/liu/final_assessment/ros_ws/install/kf_solve/share/ament_index/resource_index/package_run_dependencies/kf_solve
-- Installing: /home/liu/final_assessment/ros_ws/install/kf_solve/share/ament_index/resource_index/parent_prefix_path/kf_solve
-- Installing: /home/liu/final_assessment/ros_ws/install/kf_solve/share/kf_solve/environment/ament_prefix_path.sh
-- Installing: /home/liu/final_assessment/ros_ws/install/kf_solve/share/kf_solve/environment/ament_prefix_path.dsv
-- Installing: /home/liu/final_assessment/ros_ws/install/kf_solve/share/kf_solve/environment/path.sh
-- Installing: /home/liu/final_assessment/ros_ws/install/kf_solve/share/kf_solve/environment/path.dsv
-- Installing: /home/liu/final_assessment/ros_ws/install/kf_solve/share/kf_solve/local_setup.bash
-- Installing: /home/liu/final_assessment/ros_ws/install/kf_solve/share/kf_solve/local_setup.sh
-- Installing: /home/liu/final_assessment/ros_ws/install/kf_solve/share/kf_solve/local_setup.zsh
-- Installing: /home/liu/final_assessment/ros_ws/install/kf_solve/share/kf_solve/local_setup.dsv
-- Installing: /home/liu/final_assessment/ros_ws/install/kf_solve/share/kf_solve/package.dsv
-- Installing: /home/liu/final_assessment/ros_ws/install/kf_solve/share/ament_index/resource_index/packages/kf_solve
-- Installing: /home/liu/final_assessment/ros_ws/install/kf_solve/share/kf_solve/cmake/export_kf_solveExport.cmake
-- Installing: /home/liu/final_assessment/ros_ws/install/kf_solve/share/kf_solve/cmake/export_kf_solveExport-noconfig.cmake
-- Installing: /home/liu/final_assessment/ros_ws/install/kf_solve/share/kf_solve/cmake/ament_cmake_export_targets-extras.cmake
-- Installing: /home/liu/final_assessment/ros_ws/install/kf_solve/share/kf_solve/cmake/ament_cmake_export_dependencies-extras.cmake
-- Installing: /home/liu/final_assessment/ros_ws/install/kf_solve/share/kf_solve/cmake/kf_solveConfig.cmake
-- Installing: /home/liu/final_assessment/ros_ws/install/kf_solve/share/kf_solve/cmake/kf_solveConfig-version.cmake
-- Installing: /home/liu/final_assessment/ros_ws/install/kf_solve/share/kf_solve/package.xml
