[0.017s] Invoking command in '/home/liu/final_assessment/ros_ws/build/kf_solve': CMAKE_PREFIX_PATH=${CMAKE_PREFIX_PATH}:/home/liu/ros2_ws/install/launch_testing_examples:/home/liu/ros2_ws/install/examples_rclpy_pointcloud_publisher:/home/liu/ros2_ws/install/examples_rclpy_minimal_subscriber:/home/liu/ros2_ws/install/examples_rclpy_minimal_service:/home/liu/ros2_ws/install/examples_rclpy_minimal_publisher:/home/liu/ros2_ws/install/examples_rclpy_minimal_client:/home/liu/ros2_ws/install/examples_rclpy_minimal_action_server:/home/liu/ros2_ws/install/examples_rclpy_minimal_action_client:/home/liu/ros2_ws/install/examples_rclpy_guard_conditions:/home/liu/ros2_ws/install/examples_rclpy_executors:/opt/ros/humble /usr/bin/cmake /home/liu/final_assessment/ros_ws/src/kf_solve -DCMAKE_INSTALL_PREFIX=/home/liu/final_assessment/ros_ws/install/kf_solve
[0.214s] -- The C compiler identification is GNU 11.4.0
[0.214s] -- The CXX compiler identification is GNU 11.4.0
[0.214s] -- Detecting C compiler ABI info
[0.214s] -- Detecting C compiler ABI info - done
[0.214s] -- Check for working C compiler: /usr/bin/cc - skipped
[0.214s] -- Detecting C compile features
[0.214s] -- Detecting C compile features - done
[0.214s] -- Detecting CXX compiler ABI info
[0.248s] -- Detecting CXX compiler ABI info - done
[0.253s] -- Check for working CXX compiler: /usr/bin/c++ - skipped
[0.254s] -- Detecting CXX compile features
[0.254s] -- Detecting CXX compile features - done
[0.258s] -- Found ament_cmake: 1.3.12 (/opt/ros/humble/share/ament_cmake/cmake)
[0.389s] -- Found Python3: /usr/bin/python3 (found version "3.10.12") found components: Interpreter 
[0.530s] -- Configuring done
[0.532s] -- Generating done
[0.533s] -- Build files have been written to: /home/liu/final_assessment/ros_ws/build/kf_solve
[0.536s] Invoked command in '/home/liu/final_assessment/ros_ws/build/kf_solve' returned '0': CMAKE_PREFIX_PATH=${CMAKE_PREFIX_PATH}:/home/liu/ros2_ws/install/launch_testing_examples:/home/liu/ros2_ws/install/examples_rclpy_pointcloud_publisher:/home/liu/ros2_ws/install/examples_rclpy_minimal_subscriber:/home/liu/ros2_ws/install/examples_rclpy_minimal_service:/home/liu/ros2_ws/install/examples_rclpy_minimal_publisher:/home/liu/ros2_ws/install/examples_rclpy_minimal_client:/home/liu/ros2_ws/install/examples_rclpy_minimal_action_server:/home/liu/ros2_ws/install/examples_rclpy_minimal_action_client:/home/liu/ros2_ws/install/examples_rclpy_guard_conditions:/home/liu/ros2_ws/install/examples_rclpy_executors:/opt/ros/humble /usr/bin/cmake /home/liu/final_assessment/ros_ws/src/kf_solve -DCMAKE_INSTALL_PREFIX=/home/liu/final_assessment/ros_ws/install/kf_solve
[0.538s] Invoking command in '/home/liu/final_assessment/ros_ws/build/kf_solve': CMAKE_PREFIX_PATH=${CMAKE_PREFIX_PATH}:/home/liu/ros2_ws/install/launch_testing_examples:/home/liu/ros2_ws/install/examples_rclpy_pointcloud_publisher:/home/liu/ros2_ws/install/examples_rclpy_minimal_subscriber:/home/liu/ros2_ws/install/examples_rclpy_minimal_service:/home/liu/ros2_ws/install/examples_rclpy_minimal_publisher:/home/liu/ros2_ws/install/examples_rclpy_minimal_client:/home/liu/ros2_ws/install/examples_rclpy_minimal_action_server:/home/liu/ros2_ws/install/examples_rclpy_minimal_action_client:/home/liu/ros2_ws/install/examples_rclpy_guard_conditions:/home/liu/ros2_ws/install/examples_rclpy_executors:/opt/ros/humble /usr/bin/cmake --build /home/liu/final_assessment/ros_ws/build/kf_solve -- -j24 -l24
[0.579s] [ 50%] [32mBuilding CXX object CMakeFiles/kf_solve.dir/src/kalman_filter.cpp.o[0m
[5.231s] [100%] [32m[1mLinking CXX shared library libkf_solve.so[0m
[5.380s] [100%] Built target kf_solve
[5.388s] Invoked command in '/home/liu/final_assessment/ros_ws/build/kf_solve' returned '0': CMAKE_PREFIX_PATH=${CMAKE_PREFIX_PATH}:/home/liu/ros2_ws/install/launch_testing_examples:/home/liu/ros2_ws/install/examples_rclpy_pointcloud_publisher:/home/liu/ros2_ws/install/examples_rclpy_minimal_subscriber:/home/liu/ros2_ws/install/examples_rclpy_minimal_service:/home/liu/ros2_ws/install/examples_rclpy_minimal_publisher:/home/liu/ros2_ws/install/examples_rclpy_minimal_client:/home/liu/ros2_ws/install/examples_rclpy_minimal_action_server:/home/liu/ros2_ws/install/examples_rclpy_minimal_action_client:/home/liu/ros2_ws/install/examples_rclpy_guard_conditions:/home/liu/ros2_ws/install/examples_rclpy_executors:/opt/ros/humble /usr/bin/cmake --build /home/liu/final_assessment/ros_ws/build/kf_solve -- -j24 -l24
[5.390s] Invoking command in '/home/liu/final_assessment/ros_ws/build/kf_solve': CMAKE_PREFIX_PATH=${CMAKE_PREFIX_PATH}:/home/liu/ros2_ws/install/launch_testing_examples:/home/liu/ros2_ws/install/examples_rclpy_pointcloud_publisher:/home/liu/ros2_ws/install/examples_rclpy_minimal_subscriber:/home/liu/ros2_ws/install/examples_rclpy_minimal_service:/home/liu/ros2_ws/install/examples_rclpy_minimal_publisher:/home/liu/ros2_ws/install/examples_rclpy_minimal_client:/home/liu/ros2_ws/install/examples_rclpy_minimal_action_server:/home/liu/ros2_ws/install/examples_rclpy_minimal_action_client:/home/liu/ros2_ws/install/examples_rclpy_guard_conditions:/home/liu/ros2_ws/install/examples_rclpy_executors:/opt/ros/humble /usr/bin/cmake --install /home/liu/final_assessment/ros_ws/build/kf_solve
[5.395s] -- Install configuration: ""
[5.395s] -- Installing: /home/liu/final_assessment/ros_ws/install/kf_solve/share/kf_solve/environment/library_path.sh
[5.395s] -- Installing: /home/liu/final_assessment/ros_ws/install/kf_solve/share/kf_solve/environment/library_path.dsv
[5.395s] -- Installing: /home/liu/final_assessment/ros_ws/install/kf_solve/lib/libkf_solve.so
[5.398s] -- Installing: /home/liu/final_assessment/ros_ws/install/kf_solve/include
[5.398s] -- Installing: /home/liu/final_assessment/ros_ws/install/kf_solve/include/kf_solve
[5.398s] -- Installing: /home/liu/final_assessment/ros_ws/install/kf_solve/include/kf_solve/kalman_filter.hpp
[5.399s] -- Installing: /home/liu/final_assessment/ros_ws/install/kf_solve/share/ament_index/resource_index/package_run_dependencies/kf_solve
[5.399s] -- Installing: /home/liu/final_assessment/ros_ws/install/kf_solve/share/ament_index/resource_index/parent_prefix_path/kf_solve
[5.399s] -- Installing: /home/liu/final_assessment/ros_ws/install/kf_solve/share/kf_solve/environment/ament_prefix_path.sh
[5.399s] -- Installing: /home/liu/final_assessment/ros_ws/install/kf_solve/share/kf_solve/environment/ament_prefix_path.dsv
[5.399s] -- Installing: /home/liu/final_assessment/ros_ws/install/kf_solve/share/kf_solve/environment/path.sh
[5.399s] -- Installing: /home/liu/final_assessment/ros_ws/install/kf_solve/share/kf_solve/environment/path.dsv
[5.399s] -- Installing: /home/liu/final_assessment/ros_ws/install/kf_solve/share/kf_solve/local_setup.bash
[5.399s] -- Installing: /home/liu/final_assessment/ros_ws/install/kf_solve/share/kf_solve/local_setup.sh
[5.399s] -- Installing: /home/liu/final_assessment/ros_ws/install/kf_solve/share/kf_solve/local_setup.zsh
[5.399s] -- Installing: /home/liu/final_assessment/ros_ws/install/kf_solve/share/kf_solve/local_setup.dsv
[5.399s] -- Installing: /home/liu/final_assessment/ros_ws/install/kf_solve/share/kf_solve/package.dsv
[5.399s] -- Installing: /home/liu/final_assessment/ros_ws/install/kf_solve/share/ament_index/resource_index/packages/kf_solve
[5.399s] -- Installing: /home/liu/final_assessment/ros_ws/install/kf_solve/share/kf_solve/cmake/export_kf_solveExport.cmake
[5.399s] -- Installing: /home/liu/final_assessment/ros_ws/install/kf_solve/share/kf_solve/cmake/export_kf_solveExport-noconfig.cmake
[5.399s] -- Installing: /home/liu/final_assessment/ros_ws/install/kf_solve/share/kf_solve/cmake/ament_cmake_export_targets-extras.cmake
[5.399s] -- Installing: /home/liu/final_assessment/ros_ws/install/kf_solve/share/kf_solve/cmake/ament_cmake_export_dependencies-extras.cmake
[5.399s] -- Installing: /home/liu/final_assessment/ros_ws/install/kf_solve/share/kf_solve/cmake/kf_solveConfig.cmake
[5.400s] -- Installing: /home/liu/final_assessment/ros_ws/install/kf_solve/share/kf_solve/cmake/kf_solveConfig-version.cmake
[5.400s] -- Installing: /home/liu/final_assessment/ros_ws/install/kf_solve/share/kf_solve/package.xml
[5.404s] Invoked command in '/home/liu/final_assessment/ros_ws/build/kf_solve' returned '0': CMAKE_PREFIX_PATH=${CMAKE_PREFIX_PATH}:/home/liu/ros2_ws/install/launch_testing_examples:/home/liu/ros2_ws/install/examples_rclpy_pointcloud_publisher:/home/liu/ros2_ws/install/examples_rclpy_minimal_subscriber:/home/liu/ros2_ws/install/examples_rclpy_minimal_service:/home/liu/ros2_ws/install/examples_rclpy_minimal_publisher:/home/liu/ros2_ws/install/examples_rclpy_minimal_client:/home/liu/ros2_ws/install/examples_rclpy_minimal_action_server:/home/liu/ros2_ws/install/examples_rclpy_minimal_action_client:/home/liu/ros2_ws/install/examples_rclpy_guard_conditions:/home/liu/ros2_ws/install/examples_rclpy_executors:/opt/ros/humble /usr/bin/cmake --install /home/liu/final_assessment/ros_ws/build/kf_solve
