[0.020s] Invoking command in '/home/liu/final_assessment/ros_ws/build/armor_interface': CMAKE_PREFIX_PATH=${CMAKE_PREFIX_PATH}:/home/liu/ros2_ws/install/launch_testing_examples:/home/liu/ros2_ws/install/examples_rclpy_pointcloud_publisher:/home/liu/ros2_ws/install/examples_rclpy_minimal_subscriber:/home/liu/ros2_ws/install/examples_rclpy_minimal_service:/home/liu/ros2_ws/install/examples_rclpy_minimal_publisher:/home/liu/ros2_ws/install/examples_rclpy_minimal_client:/home/liu/ros2_ws/install/examples_rclpy_minimal_action_server:/home/liu/ros2_ws/install/examples_rclpy_minimal_action_client:/home/liu/ros2_ws/install/examples_rclpy_guard_conditions:/home/liu/ros2_ws/install/examples_rclpy_executors:/opt/ros/humble /usr/bin/cmake /home/liu/final_assessment/ros_ws/src/armor_interface -DCMAKE_INSTALL_PREFIX=/home/liu/final_assessment/ros_ws/install/armor_interface
[0.217s] -- The C compiler identification is GNU 11.4.0
[0.219s] -- The CXX compiler identification is GNU 11.4.0
[0.219s] -- Detecting C compiler ABI info
[0.219s] -- Detecting C compiler ABI info - done
[0.219s] -- Check for working C compiler: /usr/bin/cc - skipped
[0.219s] -- Detecting C compile features
[0.219s] -- Detecting C compile features - done
[0.219s] -- Detecting CXX compiler ABI info
[0.255s] -- Detecting CXX compiler ABI info - done
[0.261s] -- Check for working CXX compiler: /usr/bin/c++ - skipped
[0.261s] -- Detecting CXX compile features
[0.261s] -- Detecting CXX compile features - done
[0.264s] -- Found ament_cmake: 1.3.12 (/opt/ros/humble/share/ament_cmake/cmake)
[0.386s] -- Found Python3: /usr/bin/python3 (found version "3.10.12") found components: Interpreter 
[0.483s] -- Found rosidl_default_generators: 1.2.0 (/opt/ros/humble/share/rosidl_default_generators/cmake)
[0.490s] -- Using all available rosidl_typesupport_c: rosidl_typesupport_fastrtps_c;rosidl_typesupport_introspection_c
[0.498s] -- Found rosidl_adapter: 3.1.7 (/opt/ros/humble/share/rosidl_adapter/cmake)
[0.544s] -- Using all available rosidl_typesupport_cpp: rosidl_typesupport_fastrtps_cpp;rosidl_typesupport_introspection_cpp
[0.768s] -- Found ament_cmake_ros: 0.10.0 (/opt/ros/humble/share/ament_cmake_ros/cmake)
[0.918s] -- Using all available rosidl_typesupport_c: rosidl_typesupport_fastrtps_c;rosidl_typesupport_introspection_c
[1.108s] -- Using all available rosidl_typesupport_cpp: rosidl_typesupport_fastrtps_cpp;rosidl_typesupport_introspection_cpp
[1.127s] -- Found PythonInterp: /usr/bin/python3 (found suitable version "3.10.12", minimum required is "3.6") 
[1.130s] -- Found python_cmake_module: 0.10.0 (/opt/ros/humble/share/python_cmake_module/cmake)
[1.154s] -- Found PythonLibs: /usr/lib/x86_64-linux-gnu/libpython3.10.so (found suitable version "3.10.12", minimum required is "3.5") 
[1.154s] -- Using PYTHON_EXECUTABLE: /usr/bin/python3
[1.154s] -- Using PYTHON_INCLUDE_DIRS: /usr/include/python3.10
[1.154s] -- Using PYTHON_LIBRARIES: /usr/lib/x86_64-linux-gnu/libpython3.10.so
[1.171s] -- Found PythonExtra: .so  
[1.210s] -- Configuring done
[1.226s] -- Generating done
[1.232s] -- Build files have been written to: /home/liu/final_assessment/ros_ws/build/armor_interface
[1.237s] Invoked command in '/home/liu/final_assessment/ros_ws/build/armor_interface' returned '0': CMAKE_PREFIX_PATH=${CMAKE_PREFIX_PATH}:/home/liu/ros2_ws/install/launch_testing_examples:/home/liu/ros2_ws/install/examples_rclpy_pointcloud_publisher:/home/liu/ros2_ws/install/examples_rclpy_minimal_subscriber:/home/liu/ros2_ws/install/examples_rclpy_minimal_service:/home/liu/ros2_ws/install/examples_rclpy_minimal_publisher:/home/liu/ros2_ws/install/examples_rclpy_minimal_client:/home/liu/ros2_ws/install/examples_rclpy_minimal_action_server:/home/liu/ros2_ws/install/examples_rclpy_minimal_action_client:/home/liu/ros2_ws/install/examples_rclpy_guard_conditions:/home/liu/ros2_ws/install/examples_rclpy_executors:/opt/ros/humble /usr/bin/cmake /home/liu/final_assessment/ros_ws/src/armor_interface -DCMAKE_INSTALL_PREFIX=/home/liu/final_assessment/ros_ws/install/armor_interface
[1.238s] Invoking command in '/home/liu/final_assessment/ros_ws/build/armor_interface': CMAKE_PREFIX_PATH=${CMAKE_PREFIX_PATH}:/home/liu/ros2_ws/install/launch_testing_examples:/home/liu/ros2_ws/install/examples_rclpy_pointcloud_publisher:/home/liu/ros2_ws/install/examples_rclpy_minimal_subscriber:/home/liu/ros2_ws/install/examples_rclpy_minimal_service:/home/liu/ros2_ws/install/examples_rclpy_minimal_publisher:/home/liu/ros2_ws/install/examples_rclpy_minimal_client:/home/liu/ros2_ws/install/examples_rclpy_minimal_action_server:/home/liu/ros2_ws/install/examples_rclpy_minimal_action_client:/home/liu/ros2_ws/install/examples_rclpy_guard_conditions:/home/liu/ros2_ws/install/examples_rclpy_executors:/opt/ros/humble /usr/bin/cmake --build /home/liu/final_assessment/ros_ws/build/armor_interface -- -j24 -l24
[1.272s] [  2%] [34m[1mGenerating C code for ROS interfaces[0m
[1.281s] [  5%] [34m[1mGenerating C++ code for ROS interfaces[0m
[1.289s] [  5%] Built target ament_cmake_python_copy_armor_interface
[1.445s] running egg_info
[1.445s] creating armor_interface.egg-info
[1.445s] writing armor_interface.egg-info/PKG-INFO
[1.445s] writing dependency_links to armor_interface.egg-info/dependency_links.txt
[1.445s] writing top-level names to armor_interface.egg-info/top_level.txt
[1.445s] writing manifest file 'armor_interface.egg-info/SOURCES.txt'
[1.447s] reading manifest file 'armor_interface.egg-info/SOURCES.txt'
[1.447s] writing manifest file 'armor_interface.egg-info/SOURCES.txt'
[1.466s] [  5%] Built target ament_cmake_python_build_armor_interface_egg
[1.568s] [ 10%] [32mBuilding C object CMakeFiles/armor_interface__rosidl_generator_c.dir/rosidl_generator_c/armor_interface/msg/detail/armor_points__functions.c.o[0m
[1.568s] [ 10%] [32mBuilding C object CMakeFiles/armor_interface__rosidl_generator_c.dir/rosidl_generator_c/armor_interface/msg/detail/armor_pose__functions.c.o[0m
[1.607s] [ 12%] [32m[1mLinking C shared library libarmor_interface__rosidl_generator_c.so[0m
[1.613s] [ 12%] Built target armor_interface__cpp
[1.622s] [ 17%] [34m[1mGenerating C++ introspection for ROS interfaces[0m
[1.622s] [ 17%] [34m[1mGenerating C++ type support for eProsima Fast-RTPS[0m
[1.623s] [ 20%] [34m[1mGenerating C++ type support dispatch for ROS interfaces[0m
[1.644s] [ 20%] Built target armor_interface__rosidl_generator_c
[1.655s] [ 23%] [34m[1mGenerating C type support for eProsima Fast-RTPS[0m
[1.656s] [ 25%] [34m[1mGenerating C type support dispatch for ROS interfaces[0m
[1.656s] [ 28%] [34m[1mGenerating C introspection for ROS interfaces[0m
[1.916s] [ 30%] [32mBuilding CXX object CMakeFiles/armor_interface__rosidl_typesupport_introspection_cpp.dir/rosidl_typesupport_introspection_cpp/armor_interface/msg/detail/armor_points__type_support.cpp.o[0m
[1.918s] [ 33%] [32mBuilding CXX object CMakeFiles/armor_interface__rosidl_typesupport_introspection_cpp.dir/rosidl_typesupport_introspection_cpp/armor_interface/msg/detail/armor_pose__type_support.cpp.o[0m
[1.933s] [ 35%] [32mBuilding CXX object CMakeFiles/armor_interface__rosidl_typesupport_fastrtps_cpp.dir/rosidl_typesupport_fastrtps_cpp/armor_interface/msg/detail/dds_fastrtps/armor_pose__type_support.cpp.o[0m
[1.934s] [ 38%] [32mBuilding CXX object CMakeFiles/armor_interface__rosidl_typesupport_fastrtps_cpp.dir/rosidl_typesupport_fastrtps_cpp/armor_interface/msg/detail/dds_fastrtps/armor_points__type_support.cpp.o[0m
[1.939s] [ 41%] [32mBuilding CXX object CMakeFiles/armor_interface__rosidl_typesupport_c.dir/rosidl_typesupport_c/armor_interface/msg/armor_points__type_support.cpp.o[0m
[1.942s] [ 43%] [32mBuilding CXX object CMakeFiles/armor_interface__rosidl_typesupport_c.dir/rosidl_typesupport_c/armor_interface/msg/armor_pose__type_support.cpp.o[0m
[1.964s] [ 46%] [32mBuilding C object CMakeFiles/armor_interface__rosidl_typesupport_introspection_c.dir/rosidl_typesupport_introspection_c/armor_interface/msg/detail/armor_pose__type_support.c.o[0m
[1.967s] [ 48%] [32mBuilding C object CMakeFiles/armor_interface__rosidl_typesupport_introspection_c.dir/rosidl_typesupport_introspection_c/armor_interface/msg/detail/armor_points__type_support.c.o[0m
[1.972s] [ 51%] [32m[1mLinking CXX shared library libarmor_interface__rosidl_typesupport_c.so[0m
[1.973s] [ 53%] [32mBuilding CXX object CMakeFiles/armor_interface__rosidl_typesupport_fastrtps_c.dir/rosidl_typesupport_fastrtps_c/armor_interface/msg/detail/armor_pose__type_support_c.cpp.o[0m
[1.975s] [ 56%] [32mBuilding CXX object CMakeFiles/armor_interface__rosidl_typesupport_fastrtps_c.dir/rosidl_typesupport_fastrtps_c/armor_interface/msg/detail/armor_points__type_support_c.cpp.o[0m
[1.994s] [ 61%] [32mBuilding CXX object CMakeFiles/armor_interface__rosidl_typesupport_cpp.dir/rosidl_typesupport_cpp/armor_interface/msg/armor_points__type_support.cpp.o[0m
[1.994s] [ 61%] [32mBuilding CXX object CMakeFiles/armor_interface__rosidl_typesupport_cpp.dir/rosidl_typesupport_cpp/armor_interface/msg/armor_pose__type_support.cpp.o[0m
[1.997s] [ 64%] [32m[1mLinking C shared library libarmor_interface__rosidl_typesupport_introspection_c.so[0m
[2.018s] [ 64%] Built target armor_interface__rosidl_typesupport_c
[2.031s] [ 64%] Built target armor_interface__rosidl_typesupport_introspection_c
[2.206s] [ 66%] [32m[1mLinking CXX shared library libarmor_interface__rosidl_typesupport_fastrtps_c.so[0m
[2.217s] [ 69%] [32m[1mLinking CXX shared library libarmor_interface__rosidl_typesupport_fastrtps_cpp.so[0m
[2.241s] [ 71%] [32m[1mLinking CXX shared library libarmor_interface__rosidl_typesupport_cpp.so[0m
[2.259s] [ 74%] [32m[1mLinking CXX shared library libarmor_interface__rosidl_typesupport_introspection_cpp.so[0m
[2.270s] [ 74%] Built target armor_interface__rosidl_typesupport_fastrtps_c
[2.272s] [ 74%] Built target armor_interface__rosidl_typesupport_fastrtps_cpp
[2.273s] [ 74%] Built target armor_interface__rosidl_typesupport_cpp
[2.292s] [ 74%] Built target armor_interface__rosidl_typesupport_introspection_cpp
[2.312s] [ 74%] Built target armor_interface
[2.332s] [ 76%] [34m[1mGenerating Python code for ROS interfaces[0m
[2.840s] [ 76%] Built target armor_interface__py
[2.858s] [ 79%] [32mBuilding C object CMakeFiles/armor_interface__rosidl_generator_py.dir/rosidl_generator_py/armor_interface/msg/_armor_points_s.c.o[0m
[2.858s] [ 82%] [32mBuilding C object CMakeFiles/armor_interface__rosidl_generator_py.dir/rosidl_generator_py/armor_interface/msg/_armor_pose_s.c.o[0m
[2.937s] [ 84%] [32m[1mLinking C shared library rosidl_generator_py/armor_interface/libarmor_interface__rosidl_generator_py.so[0m
[2.967s] [ 84%] Built target armor_interface__rosidl_generator_py
[2.984s] [ 89%] [32mBuilding C object CMakeFiles/armor_interface__rosidl_typesupport_introspection_c__pyext.dir/rosidl_generator_py/armor_interface/_armor_interface_s.ep.rosidl_typesupport_introspection_c.c.o[0m
[2.984s] [ 89%] [32mBuilding C object CMakeFiles/armor_interface__rosidl_typesupport_fastrtps_c__pyext.dir/rosidl_generator_py/armor_interface/_armor_interface_s.ep.rosidl_typesupport_fastrtps_c.c.o[0m
[2.985s] [ 92%] [32mBuilding C object CMakeFiles/armor_interface__rosidl_typesupport_c__pyext.dir/rosidl_generator_py/armor_interface/_armor_interface_s.ep.rosidl_typesupport_c.c.o[0m
[3.045s] [ 94%] [32m[1mLinking C shared library rosidl_generator_py/armor_interface/armor_interface_s__rosidl_typesupport_c.cpython-310-x86_64-linux-gnu.so[0m
[3.047s] [ 97%] [32m[1mLinking C shared library rosidl_generator_py/armor_interface/armor_interface_s__rosidl_typesupport_introspection_c.cpython-310-x86_64-linux-gnu.so[0m
[3.047s] [100%] [32m[1mLinking C shared library rosidl_generator_py/armor_interface/armor_interface_s__rosidl_typesupport_fastrtps_c.cpython-310-x86_64-linux-gnu.so[0m
[3.072s] [100%] Built target armor_interface__rosidl_typesupport_c__pyext
[3.073s] [100%] Built target armor_interface__rosidl_typesupport_fastrtps_c__pyext
[3.074s] [100%] Built target armor_interface__rosidl_typesupport_introspection_c__pyext
[3.084s] Invoked command in '/home/liu/final_assessment/ros_ws/build/armor_interface' returned '0': CMAKE_PREFIX_PATH=${CMAKE_PREFIX_PATH}:/home/liu/ros2_ws/install/launch_testing_examples:/home/liu/ros2_ws/install/examples_rclpy_pointcloud_publisher:/home/liu/ros2_ws/install/examples_rclpy_minimal_subscriber:/home/liu/ros2_ws/install/examples_rclpy_minimal_service:/home/liu/ros2_ws/install/examples_rclpy_minimal_publisher:/home/liu/ros2_ws/install/examples_rclpy_minimal_client:/home/liu/ros2_ws/install/examples_rclpy_minimal_action_server:/home/liu/ros2_ws/install/examples_rclpy_minimal_action_client:/home/liu/ros2_ws/install/examples_rclpy_guard_conditions:/home/liu/ros2_ws/install/examples_rclpy_executors:/opt/ros/humble /usr/bin/cmake --build /home/liu/final_assessment/ros_ws/build/armor_interface -- -j24 -l24
[3.093s] Invoking command in '/home/liu/final_assessment/ros_ws/build/armor_interface': CMAKE_PREFIX_PATH=${CMAKE_PREFIX_PATH}:/home/liu/ros2_ws/install/launch_testing_examples:/home/liu/ros2_ws/install/examples_rclpy_pointcloud_publisher:/home/liu/ros2_ws/install/examples_rclpy_minimal_subscriber:/home/liu/ros2_ws/install/examples_rclpy_minimal_service:/home/liu/ros2_ws/install/examples_rclpy_minimal_publisher:/home/liu/ros2_ws/install/examples_rclpy_minimal_client:/home/liu/ros2_ws/install/examples_rclpy_minimal_action_server:/home/liu/ros2_ws/install/examples_rclpy_minimal_action_client:/home/liu/ros2_ws/install/examples_rclpy_guard_conditions:/home/liu/ros2_ws/install/examples_rclpy_executors:/opt/ros/humble /usr/bin/cmake --install /home/liu/final_assessment/ros_ws/build/armor_interface
[3.098s] -- Install configuration: ""
[3.098s] -- Installing: /home/liu/final_assessment/ros_ws/install/armor_interface/share/ament_index/resource_index/rosidl_interfaces/armor_interface
[3.099s] -- Installing: /home/liu/final_assessment/ros_ws/install/armor_interface/include/armor_interface/armor_interface
[3.099s] -- Installing: /home/liu/final_assessment/ros_ws/install/armor_interface/include/armor_interface/armor_interface/msg
[3.099s] -- Installing: /home/liu/final_assessment/ros_ws/install/armor_interface/include/armor_interface/armor_interface/msg/detail
[3.099s] -- Installing: /home/liu/final_assessment/ros_ws/install/armor_interface/include/armor_interface/armor_interface/msg/detail/armor_points__functions.h
[3.099s] -- Installing: /home/liu/final_assessment/ros_ws/install/armor_interface/include/armor_interface/armor_interface/msg/detail/armor_pose__struct.h
[3.099s] -- Installing: /home/liu/final_assessment/ros_ws/install/armor_interface/include/armor_interface/armor_interface/msg/detail/armor_pose__type_support.h
[3.099s] -- Installing: /home/liu/final_assessment/ros_ws/install/armor_interface/include/armor_interface/armor_interface/msg/detail/armor_pose__functions.h
[3.100s] -- Installing: /home/liu/final_assessment/ros_ws/install/armor_interface/include/armor_interface/armor_interface/msg/detail/armor_points__type_support.h
[3.100s] -- Installing: /home/liu/final_assessment/ros_ws/install/armor_interface/include/armor_interface/armor_interface/msg/detail/armor_points__struct.h
[3.100s] -- Installing: /home/liu/final_assessment/ros_ws/install/armor_interface/include/armor_interface/armor_interface/msg/detail/armor_points__functions.c
[3.100s] -- Installing: /home/liu/final_assessment/ros_ws/install/armor_interface/include/armor_interface/armor_interface/msg/detail/armor_pose__functions.c
[3.100s] -- Installing: /home/liu/final_assessment/ros_ws/install/armor_interface/include/armor_interface/armor_interface/msg/armor_pose.h
[3.100s] -- Installing: /home/liu/final_assessment/ros_ws/install/armor_interface/include/armor_interface/armor_interface/msg/rosidl_generator_c__visibility_control.h
[3.100s] -- Installing: /home/liu/final_assessment/ros_ws/install/armor_interface/include/armor_interface/armor_interface/msg/armor_points.h
[3.100s] -- Installing: /home/liu/final_assessment/ros_ws/install/armor_interface/share/armor_interface/environment/library_path.sh
[3.100s] -- Installing: /home/liu/final_assessment/ros_ws/install/armor_interface/share/armor_interface/environment/library_path.dsv
[3.100s] -- Installing: /home/liu/final_assessment/ros_ws/install/armor_interface/lib/libarmor_interface__rosidl_generator_c.so
[3.100s] -- Set runtime path of "/home/liu/final_assessment/ros_ws/install/armor_interface/lib/libarmor_interface__rosidl_generator_c.so" to ""
[3.100s] -- Up-to-date: /home/liu/final_assessment/ros_ws/install/armor_interface/include/armor_interface/armor_interface
[3.100s] -- Up-to-date: /home/liu/final_assessment/ros_ws/install/armor_interface/include/armor_interface/armor_interface/msg
[3.100s] -- Up-to-date: /home/liu/final_assessment/ros_ws/install/armor_interface/include/armor_interface/armor_interface/msg/detail
[3.100s] -- Installing: /home/liu/final_assessment/ros_ws/install/armor_interface/include/armor_interface/armor_interface/msg/detail/armor_pose__rosidl_typesupport_fastrtps_c.h
[3.100s] -- Installing: /home/liu/final_assessment/ros_ws/install/armor_interface/include/armor_interface/armor_interface/msg/detail/armor_points__rosidl_typesupport_fastrtps_c.h
[3.100s] -- Installing: /home/liu/final_assessment/ros_ws/install/armor_interface/include/armor_interface/armor_interface/msg/rosidl_typesupport_fastrtps_c__visibility_control.h
[3.100s] -- Installing: /home/liu/final_assessment/ros_ws/install/armor_interface/lib/libarmor_interface__rosidl_typesupport_fastrtps_c.so
[3.100s] -- Set runtime path of "/home/liu/final_assessment/ros_ws/install/armor_interface/lib/libarmor_interface__rosidl_typesupport_fastrtps_c.so" to ""
[3.100s] -- Up-to-date: /home/liu/final_assessment/ros_ws/install/armor_interface/include/armor_interface/armor_interface
[3.101s] -- Up-to-date: /home/liu/final_assessment/ros_ws/install/armor_interface/include/armor_interface/armor_interface/msg
[3.101s] -- Up-to-date: /home/liu/final_assessment/ros_ws/install/armor_interface/include/armor_interface/armor_interface/msg/detail
[3.101s] -- Installing: /home/liu/final_assessment/ros_ws/install/armor_interface/include/armor_interface/armor_interface/msg/detail/armor_pose__rosidl_typesupport_introspection_c.h
[3.101s] -- Installing: /home/liu/final_assessment/ros_ws/install/armor_interface/include/armor_interface/armor_interface/msg/detail/armor_pose__type_support.c
[3.101s] -- Installing: /home/liu/final_assessment/ros_ws/install/armor_interface/include/armor_interface/armor_interface/msg/detail/armor_points__rosidl_typesupport_introspection_c.h
[3.101s] -- Installing: /home/liu/final_assessment/ros_ws/install/armor_interface/include/armor_interface/armor_interface/msg/detail/armor_points__type_support.c
[3.101s] -- Installing: /home/liu/final_assessment/ros_ws/install/armor_interface/include/armor_interface/armor_interface/msg/rosidl_typesupport_introspection_c__visibility_control.h
[3.101s] -- Installing: /home/liu/final_assessment/ros_ws/install/armor_interface/lib/libarmor_interface__rosidl_typesupport_introspection_c.so
[3.101s] -- Set runtime path of "/home/liu/final_assessment/ros_ws/install/armor_interface/lib/libarmor_interface__rosidl_typesupport_introspection_c.so" to ""
[3.101s] -- Installing: /home/liu/final_assessment/ros_ws/install/armor_interface/lib/libarmor_interface__rosidl_typesupport_c.so
[3.101s] -- Set runtime path of "/home/liu/final_assessment/ros_ws/install/armor_interface/lib/libarmor_interface__rosidl_typesupport_c.so" to ""
[3.101s] -- Up-to-date: /home/liu/final_assessment/ros_ws/install/armor_interface/include/armor_interface/armor_interface
[3.101s] -- Up-to-date: /home/liu/final_assessment/ros_ws/install/armor_interface/include/armor_interface/armor_interface/msg
[3.101s] -- Up-to-date: /home/liu/final_assessment/ros_ws/install/armor_interface/include/armor_interface/armor_interface/msg/detail
[3.101s] -- Installing: /home/liu/final_assessment/ros_ws/install/armor_interface/include/armor_interface/armor_interface/msg/detail/armor_pose__type_support.hpp
[3.101s] -- Installing: /home/liu/final_assessment/ros_ws/install/armor_interface/include/armor_interface/armor_interface/msg/detail/armor_pose__builder.hpp
[3.101s] -- Installing: /home/liu/final_assessment/ros_ws/install/armor_interface/include/armor_interface/armor_interface/msg/detail/armor_pose__struct.hpp
[3.101s] -- Installing: /home/liu/final_assessment/ros_ws/install/armor_interface/include/armor_interface/armor_interface/msg/detail/armor_points__traits.hpp
[3.101s] -- Installing: /home/liu/final_assessment/ros_ws/install/armor_interface/include/armor_interface/armor_interface/msg/detail/armor_pose__traits.hpp
[3.101s] -- Installing: /home/liu/final_assessment/ros_ws/install/armor_interface/include/armor_interface/armor_interface/msg/detail/armor_points__builder.hpp
[3.101s] -- Installing: /home/liu/final_assessment/ros_ws/install/armor_interface/include/armor_interface/armor_interface/msg/detail/armor_points__type_support.hpp
[3.101s] -- Installing: /home/liu/final_assessment/ros_ws/install/armor_interface/include/armor_interface/armor_interface/msg/detail/armor_points__struct.hpp
[3.101s] -- Installing: /home/liu/final_assessment/ros_ws/install/armor_interface/include/armor_interface/armor_interface/msg/armor_pose.hpp
[3.101s] -- Installing: /home/liu/final_assessment/ros_ws/install/armor_interface/include/armor_interface/armor_interface/msg/armor_points.hpp
[3.101s] -- Installing: /home/liu/final_assessment/ros_ws/install/armor_interface/include/armor_interface/armor_interface/msg/rosidl_generator_cpp__visibility_control.hpp
[3.101s] -- Up-to-date: /home/liu/final_assessment/ros_ws/install/armor_interface/include/armor_interface/armor_interface
[3.101s] -- Up-to-date: /home/liu/final_assessment/ros_ws/install/armor_interface/include/armor_interface/armor_interface/msg
[3.101s] -- Up-to-date: /home/liu/final_assessment/ros_ws/install/armor_interface/include/armor_interface/armor_interface/msg/detail
[3.101s] -- Installing: /home/liu/final_assessment/ros_ws/install/armor_interface/include/armor_interface/armor_interface/msg/detail/armor_points__rosidl_typesupport_fastrtps_cpp.hpp
[3.101s] -- Installing: /home/liu/final_assessment/ros_ws/install/armor_interface/include/armor_interface/armor_interface/msg/detail/armor_pose__rosidl_typesupport_fastrtps_cpp.hpp
[3.101s] -- Installing: /home/liu/final_assessment/ros_ws/install/armor_interface/include/armor_interface/armor_interface/msg/detail/dds_fastrtps
[3.102s] -- Installing: /home/liu/final_assessment/ros_ws/install/armor_interface/include/armor_interface/armor_interface/msg/rosidl_typesupport_fastrtps_cpp__visibility_control.h
[3.102s] -- Installing: /home/liu/final_assessment/ros_ws/install/armor_interface/lib/libarmor_interface__rosidl_typesupport_fastrtps_cpp.so
[3.102s] -- Set runtime path of "/home/liu/final_assessment/ros_ws/install/armor_interface/lib/libarmor_interface__rosidl_typesupport_fastrtps_cpp.so" to ""
[3.102s] -- Up-to-date: /home/liu/final_assessment/ros_ws/install/armor_interface/include/armor_interface/armor_interface
[3.102s] -- Up-to-date: /home/liu/final_assessment/ros_ws/install/armor_interface/include/armor_interface/armor_interface/msg
[3.102s] -- Up-to-date: /home/liu/final_assessment/ros_ws/install/armor_interface/include/armor_interface/armor_interface/msg/detail
[3.102s] -- Installing: /home/liu/final_assessment/ros_ws/install/armor_interface/include/armor_interface/armor_interface/msg/detail/armor_points__rosidl_typesupport_introspection_cpp.hpp
[3.102s] -- Installing: /home/liu/final_assessment/ros_ws/install/armor_interface/include/armor_interface/armor_interface/msg/detail/armor_pose__type_support.cpp
[3.102s] -- Installing: /home/liu/final_assessment/ros_ws/install/armor_interface/include/armor_interface/armor_interface/msg/detail/armor_pose__rosidl_typesupport_introspection_cpp.hpp
[3.102s] -- Installing: /home/liu/final_assessment/ros_ws/install/armor_interface/include/armor_interface/armor_interface/msg/detail/armor_points__type_support.cpp
[3.102s] -- Installing: /home/liu/final_assessment/ros_ws/install/armor_interface/lib/libarmor_interface__rosidl_typesupport_introspection_cpp.so
[3.102s] -- Set runtime path of "/home/liu/final_assessment/ros_ws/install/armor_interface/lib/libarmor_interface__rosidl_typesupport_introspection_cpp.so" to ""
[3.102s] -- Installing: /home/liu/final_assessment/ros_ws/install/armor_interface/lib/libarmor_interface__rosidl_typesupport_cpp.so
[3.102s] -- Set runtime path of "/home/liu/final_assessment/ros_ws/install/armor_interface/lib/libarmor_interface__rosidl_typesupport_cpp.so" to ""
[3.102s] -- Installing: /home/liu/final_assessment/ros_ws/install/armor_interface/share/armor_interface/environment/pythonpath.sh
[3.102s] -- Installing: /home/liu/final_assessment/ros_ws/install/armor_interface/share/armor_interface/environment/pythonpath.dsv
[3.102s] -- Installing: /home/liu/final_assessment/ros_ws/install/armor_interface/local/lib/python3.10/dist-packages/armor_interface-0.0.1-py3.10.egg-info
[3.102s] -- Installing: /home/liu/final_assessment/ros_ws/install/armor_interface/local/lib/python3.10/dist-packages/armor_interface-0.0.1-py3.10.egg-info/PKG-INFO
[3.102s] -- Installing: /home/liu/final_assessment/ros_ws/install/armor_interface/local/lib/python3.10/dist-packages/armor_interface-0.0.1-py3.10.egg-info/SOURCES.txt
[3.102s] -- Installing: /home/liu/final_assessment/ros_ws/install/armor_interface/local/lib/python3.10/dist-packages/armor_interface-0.0.1-py3.10.egg-info/dependency_links.txt
[3.102s] -- Installing: /home/liu/final_assessment/ros_ws/install/armor_interface/local/lib/python3.10/dist-packages/armor_interface-0.0.1-py3.10.egg-info/top_level.txt
[3.102s] -- Installing: /home/liu/final_assessment/ros_ws/install/armor_interface/local/lib/python3.10/dist-packages/armor_interface
[3.102s] -- Installing: /home/liu/final_assessment/ros_ws/install/armor_interface/local/lib/python3.10/dist-packages/armor_interface/libarmor_interface__rosidl_generator_py.so
[3.102s] -- Installing: /home/liu/final_assessment/ros_ws/install/armor_interface/local/lib/python3.10/dist-packages/armor_interface/__init__.py
[3.102s] -- Installing: /home/liu/final_assessment/ros_ws/install/armor_interface/local/lib/python3.10/dist-packages/armor_interface/armor_interface_s__rosidl_typesupport_introspection_c.cpython-310-x86_64-linux-gnu.so
[3.102s] -- Installing: /home/liu/final_assessment/ros_ws/install/armor_interface/local/lib/python3.10/dist-packages/armor_interface/_armor_interface_s.ep.rosidl_typesupport_fastrtps_c.c
[3.103s] -- Installing: /home/liu/final_assessment/ros_ws/install/armor_interface/local/lib/python3.10/dist-packages/armor_interface/armor_interface_s__rosidl_typesupport_c.cpython-310-x86_64-linux-gnu.so
[3.103s] -- Installing: /home/liu/final_assessment/ros_ws/install/armor_interface/local/lib/python3.10/dist-packages/armor_interface/_armor_interface_s.ep.rosidl_typesupport_c.c
[3.103s] -- Installing: /home/liu/final_assessment/ros_ws/install/armor_interface/local/lib/python3.10/dist-packages/armor_interface/msg
[3.103s] -- Installing: /home/liu/final_assessment/ros_ws/install/armor_interface/local/lib/python3.10/dist-packages/armor_interface/msg/_armor_pose.py
[3.103s] -- Installing: /home/liu/final_assessment/ros_ws/install/armor_interface/local/lib/python3.10/dist-packages/armor_interface/msg/_armor_points.py
[3.103s] -- Installing: /home/liu/final_assessment/ros_ws/install/armor_interface/local/lib/python3.10/dist-packages/armor_interface/msg/__init__.py
[3.103s] -- Installing: /home/liu/final_assessment/ros_ws/install/armor_interface/local/lib/python3.10/dist-packages/armor_interface/msg/_armor_points_s.c
[3.103s] -- Installing: /home/liu/final_assessment/ros_ws/install/armor_interface/local/lib/python3.10/dist-packages/armor_interface/msg/_armor_pose_s.c
[3.103s] -- Installing: /home/liu/final_assessment/ros_ws/install/armor_interface/local/lib/python3.10/dist-packages/armor_interface/armor_interface_s__rosidl_typesupport_fastrtps_c.cpython-310-x86_64-linux-gnu.so
[3.103s] -- Installing: /home/liu/final_assessment/ros_ws/install/armor_interface/local/lib/python3.10/dist-packages/armor_interface/_armor_interface_s.ep.rosidl_typesupport_introspection_c.c
[3.131s] Listing '/home/liu/final_assessment/ros_ws/install/armor_interface/local/lib/python3.10/dist-packages/armor_interface'...
[3.131s] Compiling '/home/liu/final_assessment/ros_ws/install/armor_interface/local/lib/python3.10/dist-packages/armor_interface/__init__.py'...
[3.131s] Listing '/home/liu/final_assessment/ros_ws/install/armor_interface/local/lib/python3.10/dist-packages/armor_interface/msg'...
[3.131s] Compiling '/home/liu/final_assessment/ros_ws/install/armor_interface/local/lib/python3.10/dist-packages/armor_interface/msg/__init__.py'...
[3.131s] Compiling '/home/liu/final_assessment/ros_ws/install/armor_interface/local/lib/python3.10/dist-packages/armor_interface/msg/_armor_points.py'...
[3.131s] Compiling '/home/liu/final_assessment/ros_ws/install/armor_interface/local/lib/python3.10/dist-packages/armor_interface/msg/_armor_pose.py'...
[3.134s] -- Installing: /home/liu/final_assessment/ros_ws/install/armor_interface/local/lib/python3.10/dist-packages/armor_interface/armor_interface_s__rosidl_typesupport_fastrtps_c.cpython-310-x86_64-linux-gnu.so
[3.134s] -- Set runtime path of "/home/liu/final_assessment/ros_ws/install/armor_interface/local/lib/python3.10/dist-packages/armor_interface/armor_interface_s__rosidl_typesupport_fastrtps_c.cpython-310-x86_64-linux-gnu.so" to ""
[3.134s] -- Installing: /home/liu/final_assessment/ros_ws/install/armor_interface/local/lib/python3.10/dist-packages/armor_interface/armor_interface_s__rosidl_typesupport_introspection_c.cpython-310-x86_64-linux-gnu.so
[3.135s] -- Set runtime path of "/home/liu/final_assessment/ros_ws/install/armor_interface/local/lib/python3.10/dist-packages/armor_interface/armor_interface_s__rosidl_typesupport_introspection_c.cpython-310-x86_64-linux-gnu.so" to ""
[3.135s] -- Installing: /home/liu/final_assessment/ros_ws/install/armor_interface/local/lib/python3.10/dist-packages/armor_interface/armor_interface_s__rosidl_typesupport_c.cpython-310-x86_64-linux-gnu.so
[3.135s] -- Set runtime path of "/home/liu/final_assessment/ros_ws/install/armor_interface/local/lib/python3.10/dist-packages/armor_interface/armor_interface_s__rosidl_typesupport_c.cpython-310-x86_64-linux-gnu.so" to ""
[3.135s] -- Installing: /home/liu/final_assessment/ros_ws/install/armor_interface/lib/libarmor_interface__rosidl_generator_py.so
[3.135s] -- Set runtime path of "/home/liu/final_assessment/ros_ws/install/armor_interface/lib/libarmor_interface__rosidl_generator_py.so" to ""
[3.135s] -- Installing: /home/liu/final_assessment/ros_ws/install/armor_interface/share/armor_interface/msg/ArmorPose.idl
[3.135s] -- Installing: /home/liu/final_assessment/ros_ws/install/armor_interface/share/armor_interface/msg/ArmorPoints.idl
[3.135s] -- Installing: /home/liu/final_assessment/ros_ws/install/armor_interface/share/armor_interface/msg/ArmorPose.msg
[3.135s] -- Installing: /home/liu/final_assessment/ros_ws/install/armor_interface/share/armor_interface/msg/ArmorPoints.msg
[3.135s] -- Installing: /home/liu/final_assessment/ros_ws/install/armor_interface/share/ament_index/resource_index/package_run_dependencies/armor_interface
[3.136s] -- Installing: /home/liu/final_assessment/ros_ws/install/armor_interface/share/ament_index/resource_index/parent_prefix_path/armor_interface
[3.136s] -- Installing: /home/liu/final_assessment/ros_ws/install/armor_interface/share/armor_interface/environment/ament_prefix_path.sh
[3.136s] -- Installing: /home/liu/final_assessment/ros_ws/install/armor_interface/share/armor_interface/environment/ament_prefix_path.dsv
[3.136s] -- Installing: /home/liu/final_assessment/ros_ws/install/armor_interface/share/armor_interface/environment/path.sh
[3.136s] -- Installing: /home/liu/final_assessment/ros_ws/install/armor_interface/share/armor_interface/environment/path.dsv
[3.136s] -- Installing: /home/liu/final_assessment/ros_ws/install/armor_interface/share/armor_interface/local_setup.bash
[3.136s] -- Installing: /home/liu/final_assessment/ros_ws/install/armor_interface/share/armor_interface/local_setup.sh
[3.136s] -- Installing: /home/liu/final_assessment/ros_ws/install/armor_interface/share/armor_interface/local_setup.zsh
[3.136s] -- Installing: /home/liu/final_assessment/ros_ws/install/armor_interface/share/armor_interface/local_setup.dsv
[3.136s] -- Installing: /home/liu/final_assessment/ros_ws/install/armor_interface/share/armor_interface/package.dsv
[3.136s] -- Installing: /home/liu/final_assessment/ros_ws/install/armor_interface/share/ament_index/resource_index/packages/armor_interface
[3.136s] -- Installing: /home/liu/final_assessment/ros_ws/install/armor_interface/share/armor_interface/cmake/export_armor_interface__rosidl_generator_cExport.cmake
[3.136s] -- Installing: /home/liu/final_assessment/ros_ws/install/armor_interface/share/armor_interface/cmake/export_armor_interface__rosidl_generator_cExport-noconfig.cmake
[3.136s] -- Installing: /home/liu/final_assessment/ros_ws/install/armor_interface/share/armor_interface/cmake/export_armor_interface__rosidl_typesupport_fastrtps_cExport.cmake
[3.136s] -- Installing: /home/liu/final_assessment/ros_ws/install/armor_interface/share/armor_interface/cmake/export_armor_interface__rosidl_typesupport_fastrtps_cExport-noconfig.cmake
[3.136s] -- Installing: /home/liu/final_assessment/ros_ws/install/armor_interface/share/armor_interface/cmake/armor_interface__rosidl_typesupport_introspection_cExport.cmake
[3.136s] -- Installing: /home/liu/final_assessment/ros_ws/install/armor_interface/share/armor_interface/cmake/armor_interface__rosidl_typesupport_introspection_cExport-noconfig.cmake
[3.136s] -- Installing: /home/liu/final_assessment/ros_ws/install/armor_interface/share/armor_interface/cmake/armor_interface__rosidl_typesupport_cExport.cmake
[3.136s] -- Installing: /home/liu/final_assessment/ros_ws/install/armor_interface/share/armor_interface/cmake/armor_interface__rosidl_typesupport_cExport-noconfig.cmake
[3.136s] -- Installing: /home/liu/final_assessment/ros_ws/install/armor_interface/share/armor_interface/cmake/export_armor_interface__rosidl_generator_cppExport.cmake
[3.136s] -- Installing: /home/liu/final_assessment/ros_ws/install/armor_interface/share/armor_interface/cmake/export_armor_interface__rosidl_typesupport_fastrtps_cppExport.cmake
[3.136s] -- Installing: /home/liu/final_assessment/ros_ws/install/armor_interface/share/armor_interface/cmake/export_armor_interface__rosidl_typesupport_fastrtps_cppExport-noconfig.cmake
[3.136s] -- Installing: /home/liu/final_assessment/ros_ws/install/armor_interface/share/armor_interface/cmake/armor_interface__rosidl_typesupport_introspection_cppExport.cmake
[3.136s] -- Installing: /home/liu/final_assessment/ros_ws/install/armor_interface/share/armor_interface/cmake/armor_interface__rosidl_typesupport_introspection_cppExport-noconfig.cmake
[3.137s] -- Installing: /home/liu/final_assessment/ros_ws/install/armor_interface/share/armor_interface/cmake/armor_interface__rosidl_typesupport_cppExport.cmake
[3.137s] -- Installing: /home/liu/final_assessment/ros_ws/install/armor_interface/share/armor_interface/cmake/armor_interface__rosidl_typesupport_cppExport-noconfig.cmake
[3.137s] -- Installing: /home/liu/final_assessment/ros_ws/install/armor_interface/share/armor_interface/cmake/export_armor_interface__rosidl_generator_pyExport.cmake
[3.137s] -- Installing: /home/liu/final_assessment/ros_ws/install/armor_interface/share/armor_interface/cmake/export_armor_interface__rosidl_generator_pyExport-noconfig.cmake
[3.137s] -- Installing: /home/liu/final_assessment/ros_ws/install/armor_interface/share/armor_interface/cmake/rosidl_cmake-extras.cmake
[3.137s] -- Installing: /home/liu/final_assessment/ros_ws/install/armor_interface/share/armor_interface/cmake/ament_cmake_export_include_directories-extras.cmake
[3.137s] -- Installing: /home/liu/final_assessment/ros_ws/install/armor_interface/share/armor_interface/cmake/ament_cmake_export_libraries-extras.cmake
[3.137s] -- Installing: /home/liu/final_assessment/ros_ws/install/armor_interface/share/armor_interface/cmake/ament_cmake_export_targets-extras.cmake
[3.137s] -- Installing: /home/liu/final_assessment/ros_ws/install/armor_interface/share/armor_interface/cmake/rosidl_cmake_export_typesupport_targets-extras.cmake
[3.137s] -- Installing: /home/liu/final_assessment/ros_ws/install/armor_interface/share/armor_interface/cmake/ament_cmake_export_dependencies-extras.cmake
[3.137s] -- Installing: /home/liu/final_assessment/ros_ws/install/armor_interface/share/armor_interface/cmake/rosidl_cmake_export_typesupport_libraries-extras.cmake
[3.137s] -- Installing: /home/liu/final_assessment/ros_ws/install/armor_interface/share/armor_interface/cmake/armor_interfaceConfig.cmake
[3.137s] -- Installing: /home/liu/final_assessment/ros_ws/install/armor_interface/share/armor_interface/cmake/armor_interfaceConfig-version.cmake
[3.137s] -- Installing: /home/liu/final_assessment/ros_ws/install/armor_interface/share/armor_interface/package.xml
[3.139s] Invoked command in '/home/liu/final_assessment/ros_ws/build/armor_interface' returned '0': CMAKE_PREFIX_PATH=${CMAKE_PREFIX_PATH}:/home/liu/ros2_ws/install/launch_testing_examples:/home/liu/ros2_ws/install/examples_rclpy_pointcloud_publisher:/home/liu/ros2_ws/install/examples_rclpy_minimal_subscriber:/home/liu/ros2_ws/install/examples_rclpy_minimal_service:/home/liu/ros2_ws/install/examples_rclpy_minimal_publisher:/home/liu/ros2_ws/install/examples_rclpy_minimal_client:/home/liu/ros2_ws/install/examples_rclpy_minimal_action_server:/home/liu/ros2_ws/install/examples_rclpy_minimal_action_client:/home/liu/ros2_ws/install/examples_rclpy_guard_conditions:/home/liu/ros2_ws/install/examples_rclpy_executors:/opt/ros/humble /usr/bin/cmake --install /home/liu/final_assessment/ros_ws/build/armor_interface
