-- Found ament_cmake: 1.3.12 (/opt/ros/humble/share/ament_cmake/cmake)
-- Found rclcpp: 16.0.14 (/opt/ros/humble/share/rclcpp/cmake)
-- Found rosidl_generator_c: 3.1.7 (/opt/ros/humble/share/rosidl_generator_c/cmake)
-- Found rosidl_adapter: 3.1.7 (/opt/ros/humble/share/rosidl_adapter/cmake)
-- Found rosidl_generator_cpp: 3.1.7 (/opt/ros/humble/share/rosidl_generator_cpp/cmake)
-- Using all available rosidl_typesupport_c: rosidl_typesupport_fastrtps_c;rosidl_typesupport_introspection_c
-- Using all available rosidl_typesupport_cpp: rosidl_typesupport_fastrtps_cpp;rosidl_typesupport_introspection_cpp
-- Found rmw_implementation_cmake: 6.1.2 (/opt/ros/humble/share/rmw_implementation_cmake/cmake)
-- Found rmw_fastrtps_cpp: 6.2.8 (/opt/ros/humble/share/rmw_fastrtps_cpp/cmake)
-- Using RMW implementation 'rmw_fastrtps_cpp' as default
-- Found sensor_msgs: 4.9.0 (/opt/ros/humble/share/sensor_msgs/cmake)
-- Found armor_interface: 0.0.1 (/home/liu/final_assessment/ros_ws/install/armor_interface/share/armor_interface/cmake)
-- Configuring done
-- Generating done
-- Build files have been written to: /home/liu/final_assessment/ros_ws/build/pnp_solve
[35m[1mConsolidate compiler generated dependencies of target pnp_solve[0m
[100%] Built target pnp_solve
-- Install configuration: ""
-- Up-to-date: /home/liu/final_assessment/ros_ws/install/pnp_solve/share/pnp_solve/environment/library_path.sh
-- Installing: /home/liu/final_assessment/ros_ws/install/pnp_solve/share/pnp_solve/environment/library_path.dsv
-- Up-to-date: /home/liu/final_assessment/ros_ws/install/pnp_solve/lib/libpnp_solve.so
-- Up-to-date: /home/liu/final_assessment/ros_ws/install/pnp_solve/include
-- Up-to-date: /home/liu/final_assessment/ros_ws/install/pnp_solve/include/pnp_solve
-- Up-to-date: /home/liu/final_assessment/ros_ws/install/pnp_solve/include/pnp_solve/pnp_solve.hpp
-- Up-to-date: /home/liu/final_assessment/ros_ws/install/pnp_solve/share/ament_index/resource_index/package_run_dependencies/pnp_solve
-- Up-to-date: /home/liu/final_assessment/ros_ws/install/pnp_solve/share/ament_index/resource_index/parent_prefix_path/pnp_solve
-- Up-to-date: /home/liu/final_assessment/ros_ws/install/pnp_solve/share/pnp_solve/environment/ament_prefix_path.sh
-- Installing: /home/liu/final_assessment/ros_ws/install/pnp_solve/share/pnp_solve/environment/ament_prefix_path.dsv
-- Up-to-date: /home/liu/final_assessment/ros_ws/install/pnp_solve/share/pnp_solve/environment/path.sh
-- Installing: /home/liu/final_assessment/ros_ws/install/pnp_solve/share/pnp_solve/environment/path.dsv
-- Up-to-date: /home/liu/final_assessment/ros_ws/install/pnp_solve/share/pnp_solve/local_setup.bash
-- Up-to-date: /home/liu/final_assessment/ros_ws/install/pnp_solve/share/pnp_solve/local_setup.sh
-- Up-to-date: /home/liu/final_assessment/ros_ws/install/pnp_solve/share/pnp_solve/local_setup.zsh
-- Installing: /home/liu/final_assessment/ros_ws/install/pnp_solve/share/pnp_solve/local_setup.dsv
-- Installing: /home/liu/final_assessment/ros_ws/install/pnp_solve/share/pnp_solve/package.dsv
-- Up-to-date: /home/liu/final_assessment/ros_ws/install/pnp_solve/share/ament_index/resource_index/packages/pnp_solve
-- Up-to-date: /home/liu/final_assessment/ros_ws/install/pnp_solve/share/pnp_solve/cmake/export_pnp_solveExport.cmake
-- Up-to-date: /home/liu/final_assessment/ros_ws/install/pnp_solve/share/pnp_solve/cmake/export_pnp_solveExport-noconfig.cmake
-- Up-to-date: /home/liu/final_assessment/ros_ws/install/pnp_solve/share/pnp_solve/cmake/ament_cmake_export_targets-extras.cmake
-- Up-to-date: /home/liu/final_assessment/ros_ws/install/pnp_solve/share/pnp_solve/cmake/ament_cmake_export_dependencies-extras.cmake
-- Up-to-date: /home/liu/final_assessment/ros_ws/install/pnp_solve/share/pnp_solve/cmake/pnp_solveConfig.cmake
-- Up-to-date: /home/liu/final_assessment/ros_ws/install/pnp_solve/share/pnp_solve/cmake/pnp_solveConfig-version.cmake
-- Up-to-date: /home/liu/final_assessment/ros_ws/install/pnp_solve/share/pnp_solve/package.xml
