[0.009s] Invoking command in '/home/liu/final_assessment/ros_ws/build/publisher_armor': AMENT_PREFIX_PATH=/home/liu/final_assessment/ros_ws/install/armor_interface:${AMENT_PREFIX_PATH} CMAKE_PREFIX_PATH=/home/liu/final_assessment/ros_ws/install/armor_interface:/home/liu/ros2_ws/install/cpp_srvcli:/home/liu/ros2_ws/install/cpp_pubsub:/home/liu/ros2_ws/install/tutorial_interfaces:/home/liu/ros2_ws/install/turtlesim:/home/liu/ros2_ws/install/more_interfaces:/home/liu/ros2_ws/install/rosidl_tutorials_msgs:/home/liu/ros2_ws/install/polygon_plugins:/home/liu/ros2_ws/install/polygon_base:/home/liu/ros2_ws/install/my_package:/home/liu/ros2_ws/install/examples_rclcpp_wait_set:/home/liu/ros2_ws/install/examples_rclcpp_multithreaded_executor:/home/liu/ros2_ws/install/examples_rclcpp_minimal_timer:/home/liu/ros2_ws/install/examples_rclcpp_minimal_subscriber:/home/liu/ros2_ws/install/examples_rclcpp_minimal_service:/home/liu/ros2_ws/install/examples_rclcpp_minimal_publisher:/home/liu/ros2_ws/install/examples_rclcpp_minimal_composition:/home/liu/ros2_ws/install/examples_rclcpp_minimal_client:/home/liu/ros2_ws/install/examples_rclcpp_minimal_action_server:/home/liu/ros2_ws/install/examples_rclcpp_minimal_action_client:/home/liu/ros2_ws/install/examples_rclcpp_cbg_executor:/home/liu/ros2_ws/install/examples_rclcpp_async_client:/home/liu/ros2_ws/install/cpp_parameters:/home/liu/ros2_ws/install/cpp_parameter_event_handler:/home/liu/ros2_ws/install/action_tutorials_cpp:/home/liu/ros2_ws/install/action_tutorials_interfaces:/home/liu/ros2_ws/install/launch_testing_examples:/home/liu/ros2_ws/install/examples_rclpy_pointcloud_publisher:/home/liu/ros2_ws/install/examples_rclpy_minimal_subscriber:/home/liu/ros2_ws/install/examples_rclpy_minimal_service:/home/liu/ros2_ws/install/examples_rclpy_minimal_publisher:/home/liu/ros2_ws/install/examples_rclpy_minimal_client:/home/liu/ros2_ws/install/examples_rclpy_minimal_action_server:/home/liu/ros2_ws/install/examples_rclpy_minimal_action_client:/home/liu/ros2_ws/install/examples_rclpy_guard_conditions:/home/liu/ros2_ws/install/examples_rclpy_executors:/opt/ros/humble LD_LIBRARY_PATH=/home/liu/final_assessment/ros_ws/install/armor_interface/lib:${LD_LIBRARY_PATH} PYTHONPATH=/home/liu/final_assessment/ros_ws/install/armor_interface/local/lib/python3.10/dist-packages:${PYTHONPATH} /usr/bin/cmake /home/liu/final_assessment/ros_ws/src/publisher_armor -DCMAKE_INSTALL_PREFIX=/home/liu/final_assessment/ros_ws/install/publisher_armor
[0.056s] -- The C compiler identification is GNU 11.4.0
[0.100s] -- The CXX compiler identification is GNU 11.4.0
[0.105s] -- Detecting C compiler ABI info
[0.159s] -- Detecting C compiler ABI info - done
[0.166s] -- Check for working C compiler: /usr/bin/cc - skipped
[0.166s] -- Detecting C compile features
[0.167s] -- Detecting C compile features - done
[0.170s] -- Detecting CXX compiler ABI info
[0.230s] -- Detecting CXX compiler ABI info - done
[0.235s] -- Check for working CXX compiler: /usr/bin/c++ - skipped
[0.235s] -- Detecting CXX compile features
[0.235s] -- Detecting CXX compile features - done
[0.238s] -- Found ament_cmake: 1.3.12 (/opt/ros/humble/share/ament_cmake/cmake)
[0.372s] -- Found Python3: /usr/bin/python3 (found version "3.10.12") found components: Interpreter 
[0.455s] -- Found rclcpp: 16.0.14 (/opt/ros/humble/share/rclcpp/cmake)
[0.497s] -- Found rosidl_generator_c: 3.1.7 (/opt/ros/humble/share/rosidl_generator_c/cmake)
[0.503s] -- Found rosidl_adapter: 3.1.7 (/opt/ros/humble/share/rosidl_adapter/cmake)
[0.510s] -- Found rosidl_generator_cpp: 3.1.7 (/opt/ros/humble/share/rosidl_generator_cpp/cmake)
[0.521s] -- Using all available rosidl_typesupport_c: rosidl_typesupport_fastrtps_c;rosidl_typesupport_introspection_c
[0.536s] -- Using all available rosidl_typesupport_cpp: rosidl_typesupport_fastrtps_cpp;rosidl_typesupport_introspection_cpp
[0.579s] -- Found rmw_implementation_cmake: 6.1.2 (/opt/ros/humble/share/rmw_implementation_cmake/cmake)
[0.582s] -- Found rmw_fastrtps_cpp: 6.2.8 (/opt/ros/humble/share/rmw_fastrtps_cpp/cmake)
[0.660s] -- Found OpenSSL: /usr/lib/x86_64-linux-gnu/libcrypto.so (found version "3.0.2")  
[0.681s] -- Found FastRTPS: /opt/ros/humble/include  
[0.715s] -- Using RMW implementation 'rmw_fastrtps_cpp' as default
[0.724s] -- Looking for pthread.h
[0.786s] -- Looking for pthread.h - found
[0.786s] -- Performing Test CMAKE_HAVE_LIBC_PTHREAD
[0.842s] -- Performing Test CMAKE_HAVE_LIBC_PTHREAD - Success
[0.843s] -- Found Threads: TRUE  
[0.883s] -- Found armor_interface: 0.0.1 (/home/liu/final_assessment/ros_ws/install/armor_interface/share/armor_interface/cmake)
[0.892s] -- Found ament_lint_auto: 0.12.14 (/opt/ros/humble/share/ament_lint_auto/cmake)
[0.956s] -- Added test 'cppcheck' to perform static code analysis on C / C++ code
[0.956s] -- Configured cppcheck include dirs: 
[0.956s] -- Configured cppcheck exclude dirs and/or files: 
[0.956s] -- Added test 'lint_cmake' to check CMake code style
[0.957s] -- Added test 'uncrustify' to check C / C++ code style
[0.957s] -- Configured uncrustify additional arguments: 
[0.957s] -- Added test 'xmllint' to check XML markup files
[0.959s] -- Configuring done
[0.963s] -- Generating done
[0.966s] -- Build files have been written to: /home/liu/final_assessment/ros_ws/build/publisher_armor
[0.975s] Invoked command in '/home/liu/final_assessment/ros_ws/build/publisher_armor' returned '0': AMENT_PREFIX_PATH=/home/liu/final_assessment/ros_ws/install/armor_interface:${AMENT_PREFIX_PATH} CMAKE_PREFIX_PATH=/home/liu/final_assessment/ros_ws/install/armor_interface:/home/liu/ros2_ws/install/cpp_srvcli:/home/liu/ros2_ws/install/cpp_pubsub:/home/liu/ros2_ws/install/tutorial_interfaces:/home/liu/ros2_ws/install/turtlesim:/home/liu/ros2_ws/install/more_interfaces:/home/liu/ros2_ws/install/rosidl_tutorials_msgs:/home/liu/ros2_ws/install/polygon_plugins:/home/liu/ros2_ws/install/polygon_base:/home/liu/ros2_ws/install/my_package:/home/liu/ros2_ws/install/examples_rclcpp_wait_set:/home/liu/ros2_ws/install/examples_rclcpp_multithreaded_executor:/home/liu/ros2_ws/install/examples_rclcpp_minimal_timer:/home/liu/ros2_ws/install/examples_rclcpp_minimal_subscriber:/home/liu/ros2_ws/install/examples_rclcpp_minimal_service:/home/liu/ros2_ws/install/examples_rclcpp_minimal_publisher:/home/liu/ros2_ws/install/examples_rclcpp_minimal_composition:/home/liu/ros2_ws/install/examples_rclcpp_minimal_client:/home/liu/ros2_ws/install/examples_rclcpp_minimal_action_server:/home/liu/ros2_ws/install/examples_rclcpp_minimal_action_client:/home/liu/ros2_ws/install/examples_rclcpp_cbg_executor:/home/liu/ros2_ws/install/examples_rclcpp_async_client:/home/liu/ros2_ws/install/cpp_parameters:/home/liu/ros2_ws/install/cpp_parameter_event_handler:/home/liu/ros2_ws/install/action_tutorials_cpp:/home/liu/ros2_ws/install/action_tutorials_interfaces:/home/liu/ros2_ws/install/launch_testing_examples:/home/liu/ros2_ws/install/examples_rclpy_pointcloud_publisher:/home/liu/ros2_ws/install/examples_rclpy_minimal_subscriber:/home/liu/ros2_ws/install/examples_rclpy_minimal_service:/home/liu/ros2_ws/install/examples_rclpy_minimal_publisher:/home/liu/ros2_ws/install/examples_rclpy_minimal_client:/home/liu/ros2_ws/install/examples_rclpy_minimal_action_server:/home/liu/ros2_ws/install/examples_rclpy_minimal_action_client:/home/liu/ros2_ws/install/examples_rclpy_guard_conditions:/home/liu/ros2_ws/install/examples_rclpy_executors:/opt/ros/humble LD_LIBRARY_PATH=/home/liu/final_assessment/ros_ws/install/armor_interface/lib:${LD_LIBRARY_PATH} PYTHONPATH=/home/liu/final_assessment/ros_ws/install/armor_interface/local/lib/python3.10/dist-packages:${PYTHONPATH} /usr/bin/cmake /home/liu/final_assessment/ros_ws/src/publisher_armor -DCMAKE_INSTALL_PREFIX=/home/liu/final_assessment/ros_ws/install/publisher_armor
[0.975s] Invoking command in '/home/liu/final_assessment/ros_ws/build/publisher_armor': AMENT_PREFIX_PATH=/home/liu/final_assessment/ros_ws/install/armor_interface:${AMENT_PREFIX_PATH} CMAKE_PREFIX_PATH=/home/liu/final_assessment/ros_ws/install/armor_interface:/home/liu/ros2_ws/install/cpp_srvcli:/home/liu/ros2_ws/install/cpp_pubsub:/home/liu/ros2_ws/install/tutorial_interfaces:/home/liu/ros2_ws/install/turtlesim:/home/liu/ros2_ws/install/more_interfaces:/home/liu/ros2_ws/install/rosidl_tutorials_msgs:/home/liu/ros2_ws/install/polygon_plugins:/home/liu/ros2_ws/install/polygon_base:/home/liu/ros2_ws/install/my_package:/home/liu/ros2_ws/install/examples_rclcpp_wait_set:/home/liu/ros2_ws/install/examples_rclcpp_multithreaded_executor:/home/liu/ros2_ws/install/examples_rclcpp_minimal_timer:/home/liu/ros2_ws/install/examples_rclcpp_minimal_subscriber:/home/liu/ros2_ws/install/examples_rclcpp_minimal_service:/home/liu/ros2_ws/install/examples_rclcpp_minimal_publisher:/home/liu/ros2_ws/install/examples_rclcpp_minimal_composition:/home/liu/ros2_ws/install/examples_rclcpp_minimal_client:/home/liu/ros2_ws/install/examples_rclcpp_minimal_action_server:/home/liu/ros2_ws/install/examples_rclcpp_minimal_action_client:/home/liu/ros2_ws/install/examples_rclcpp_cbg_executor:/home/liu/ros2_ws/install/examples_rclcpp_async_client:/home/liu/ros2_ws/install/cpp_parameters:/home/liu/ros2_ws/install/cpp_parameter_event_handler:/home/liu/ros2_ws/install/action_tutorials_cpp:/home/liu/ros2_ws/install/action_tutorials_interfaces:/home/liu/ros2_ws/install/launch_testing_examples:/home/liu/ros2_ws/install/examples_rclpy_pointcloud_publisher:/home/liu/ros2_ws/install/examples_rclpy_minimal_subscriber:/home/liu/ros2_ws/install/examples_rclpy_minimal_service:/home/liu/ros2_ws/install/examples_rclpy_minimal_publisher:/home/liu/ros2_ws/install/examples_rclpy_minimal_client:/home/liu/ros2_ws/install/examples_rclpy_minimal_action_server:/home/liu/ros2_ws/install/examples_rclpy_minimal_action_client:/home/liu/ros2_ws/install/examples_rclpy_guard_conditions:/home/liu/ros2_ws/install/examples_rclpy_executors:/opt/ros/humble LD_LIBRARY_PATH=/home/liu/final_assessment/ros_ws/install/armor_interface/lib:${LD_LIBRARY_PATH} PYTHONPATH=/home/liu/final_assessment/ros_ws/install/armor_interface/local/lib/python3.10/dist-packages:${PYTHONPATH} /usr/bin/cmake --build /home/liu/final_assessment/ros_ws/build/publisher_armor -- -j24 -l24
[1.016s] [ 50%] [32mBuilding CXX object CMakeFiles/publisher_armor.dir/src/publisher_armor.cpp.o[0m
[3.686s] [100%] [32m[1mLinking CXX executable publisher_armor[0m
[3.805s] [100%] Built target publisher_armor
[3.814s] Invoked command in '/home/liu/final_assessment/ros_ws/build/publisher_armor' returned '0': AMENT_PREFIX_PATH=/home/liu/final_assessment/ros_ws/install/armor_interface:${AMENT_PREFIX_PATH} CMAKE_PREFIX_PATH=/home/liu/final_assessment/ros_ws/install/armor_interface:/home/liu/ros2_ws/install/cpp_srvcli:/home/liu/ros2_ws/install/cpp_pubsub:/home/liu/ros2_ws/install/tutorial_interfaces:/home/liu/ros2_ws/install/turtlesim:/home/liu/ros2_ws/install/more_interfaces:/home/liu/ros2_ws/install/rosidl_tutorials_msgs:/home/liu/ros2_ws/install/polygon_plugins:/home/liu/ros2_ws/install/polygon_base:/home/liu/ros2_ws/install/my_package:/home/liu/ros2_ws/install/examples_rclcpp_wait_set:/home/liu/ros2_ws/install/examples_rclcpp_multithreaded_executor:/home/liu/ros2_ws/install/examples_rclcpp_minimal_timer:/home/liu/ros2_ws/install/examples_rclcpp_minimal_subscriber:/home/liu/ros2_ws/install/examples_rclcpp_minimal_service:/home/liu/ros2_ws/install/examples_rclcpp_minimal_publisher:/home/liu/ros2_ws/install/examples_rclcpp_minimal_composition:/home/liu/ros2_ws/install/examples_rclcpp_minimal_client:/home/liu/ros2_ws/install/examples_rclcpp_minimal_action_server:/home/liu/ros2_ws/install/examples_rclcpp_minimal_action_client:/home/liu/ros2_ws/install/examples_rclcpp_cbg_executor:/home/liu/ros2_ws/install/examples_rclcpp_async_client:/home/liu/ros2_ws/install/cpp_parameters:/home/liu/ros2_ws/install/cpp_parameter_event_handler:/home/liu/ros2_ws/install/action_tutorials_cpp:/home/liu/ros2_ws/install/action_tutorials_interfaces:/home/liu/ros2_ws/install/launch_testing_examples:/home/liu/ros2_ws/install/examples_rclpy_pointcloud_publisher:/home/liu/ros2_ws/install/examples_rclpy_minimal_subscriber:/home/liu/ros2_ws/install/examples_rclpy_minimal_service:/home/liu/ros2_ws/install/examples_rclpy_minimal_publisher:/home/liu/ros2_ws/install/examples_rclpy_minimal_client:/home/liu/ros2_ws/install/examples_rclpy_minimal_action_server:/home/liu/ros2_ws/install/examples_rclpy_minimal_action_client:/home/liu/ros2_ws/install/examples_rclpy_guard_conditions:/home/liu/ros2_ws/install/examples_rclpy_executors:/opt/ros/humble LD_LIBRARY_PATH=/home/liu/final_assessment/ros_ws/install/armor_interface/lib:${LD_LIBRARY_PATH} PYTHONPATH=/home/liu/final_assessment/ros_ws/install/armor_interface/local/lib/python3.10/dist-packages:${PYTHONPATH} /usr/bin/cmake --build /home/liu/final_assessment/ros_ws/build/publisher_armor -- -j24 -l24
[3.815s] Invoking command in '/home/liu/final_assessment/ros_ws/build/publisher_armor': AMENT_PREFIX_PATH=/home/liu/final_assessment/ros_ws/install/armor_interface:${AMENT_PREFIX_PATH} CMAKE_PREFIX_PATH=/home/liu/final_assessment/ros_ws/install/armor_interface:/home/liu/ros2_ws/install/cpp_srvcli:/home/liu/ros2_ws/install/cpp_pubsub:/home/liu/ros2_ws/install/tutorial_interfaces:/home/liu/ros2_ws/install/turtlesim:/home/liu/ros2_ws/install/more_interfaces:/home/liu/ros2_ws/install/rosidl_tutorials_msgs:/home/liu/ros2_ws/install/polygon_plugins:/home/liu/ros2_ws/install/polygon_base:/home/liu/ros2_ws/install/my_package:/home/liu/ros2_ws/install/examples_rclcpp_wait_set:/home/liu/ros2_ws/install/examples_rclcpp_multithreaded_executor:/home/liu/ros2_ws/install/examples_rclcpp_minimal_timer:/home/liu/ros2_ws/install/examples_rclcpp_minimal_subscriber:/home/liu/ros2_ws/install/examples_rclcpp_minimal_service:/home/liu/ros2_ws/install/examples_rclcpp_minimal_publisher:/home/liu/ros2_ws/install/examples_rclcpp_minimal_composition:/home/liu/ros2_ws/install/examples_rclcpp_minimal_client:/home/liu/ros2_ws/install/examples_rclcpp_minimal_action_server:/home/liu/ros2_ws/install/examples_rclcpp_minimal_action_client:/home/liu/ros2_ws/install/examples_rclcpp_cbg_executor:/home/liu/ros2_ws/install/examples_rclcpp_async_client:/home/liu/ros2_ws/install/cpp_parameters:/home/liu/ros2_ws/install/cpp_parameter_event_handler:/home/liu/ros2_ws/install/action_tutorials_cpp:/home/liu/ros2_ws/install/action_tutorials_interfaces:/home/liu/ros2_ws/install/launch_testing_examples:/home/liu/ros2_ws/install/examples_rclpy_pointcloud_publisher:/home/liu/ros2_ws/install/examples_rclpy_minimal_subscriber:/home/liu/ros2_ws/install/examples_rclpy_minimal_service:/home/liu/ros2_ws/install/examples_rclpy_minimal_publisher:/home/liu/ros2_ws/install/examples_rclpy_minimal_client:/home/liu/ros2_ws/install/examples_rclpy_minimal_action_server:/home/liu/ros2_ws/install/examples_rclpy_minimal_action_client:/home/liu/ros2_ws/install/examples_rclpy_guard_conditions:/home/liu/ros2_ws/install/examples_rclpy_executors:/opt/ros/humble LD_LIBRARY_PATH=/home/liu/final_assessment/ros_ws/install/armor_interface/lib:${LD_LIBRARY_PATH} PYTHONPATH=/home/liu/final_assessment/ros_ws/install/armor_interface/local/lib/python3.10/dist-packages:${PYTHONPATH} /usr/bin/cmake --install /home/liu/final_assessment/ros_ws/build/publisher_armor
[3.823s] -- Install configuration: ""
[3.823s] -- Installing: /home/liu/final_assessment/ros_ws/install/publisher_armor/lib/publisher_armor/publisher_armor
[3.824s] -- Set runtime path of "/home/liu/final_assessment/ros_ws/install/publisher_armor/lib/publisher_armor/publisher_armor" to ""
[3.824s] -- Installing: /home/liu/final_assessment/ros_ws/install/publisher_armor/share/ament_index/resource_index/package_run_dependencies/publisher_armor
[3.824s] -- Installing: /home/liu/final_assessment/ros_ws/install/publisher_armor/share/ament_index/resource_index/parent_prefix_path/publisher_armor
[3.824s] -- Installing: /home/liu/final_assessment/ros_ws/install/publisher_armor/share/publisher_armor/environment/ament_prefix_path.sh
[3.824s] -- Installing: /home/liu/final_assessment/ros_ws/install/publisher_armor/share/publisher_armor/environment/ament_prefix_path.dsv
[3.824s] -- Installing: /home/liu/final_assessment/ros_ws/install/publisher_armor/share/publisher_armor/environment/path.sh
[3.824s] -- Installing: /home/liu/final_assessment/ros_ws/install/publisher_armor/share/publisher_armor/environment/path.dsv
[3.824s] -- Installing: /home/liu/final_assessment/ros_ws/install/publisher_armor/share/publisher_armor/local_setup.bash
[3.824s] -- Installing: /home/liu/final_assessment/ros_ws/install/publisher_armor/share/publisher_armor/local_setup.sh
[3.825s] -- Installing: /home/liu/final_assessment/ros_ws/install/publisher_armor/share/publisher_armor/local_setup.zsh
[3.825s] -- Installing: /home/liu/final_assessment/ros_ws/install/publisher_armor/share/publisher_armor/local_setup.dsv
[3.825s] -- Installing: /home/liu/final_assessment/ros_ws/install/publisher_armor/share/publisher_armor/package.dsv
[3.825s] -- Installing: /home/liu/final_assessment/ros_ws/install/publisher_armor/share/ament_index/resource_index/packages/publisher_armor
[3.825s] -- Installing: /home/liu/final_assessment/ros_ws/install/publisher_armor/share/publisher_armor/cmake/publisher_armorConfig.cmake
[3.825s] -- Installing: /home/liu/final_assessment/ros_ws/install/publisher_armor/share/publisher_armor/cmake/publisher_armorConfig-version.cmake
[3.825s] -- Installing: /home/liu/final_assessment/ros_ws/install/publisher_armor/share/publisher_armor/package.xml
[3.826s] Invoked command in '/home/liu/final_assessment/ros_ws/build/publisher_armor' returned '0': AMENT_PREFIX_PATH=/home/liu/final_assessment/ros_ws/install/armor_interface:${AMENT_PREFIX_PATH} CMAKE_PREFIX_PATH=/home/liu/final_assessment/ros_ws/install/armor_interface:/home/liu/ros2_ws/install/cpp_srvcli:/home/liu/ros2_ws/install/cpp_pubsub:/home/liu/ros2_ws/install/tutorial_interfaces:/home/liu/ros2_ws/install/turtlesim:/home/liu/ros2_ws/install/more_interfaces:/home/liu/ros2_ws/install/rosidl_tutorials_msgs:/home/liu/ros2_ws/install/polygon_plugins:/home/liu/ros2_ws/install/polygon_base:/home/liu/ros2_ws/install/my_package:/home/liu/ros2_ws/install/examples_rclcpp_wait_set:/home/liu/ros2_ws/install/examples_rclcpp_multithreaded_executor:/home/liu/ros2_ws/install/examples_rclcpp_minimal_timer:/home/liu/ros2_ws/install/examples_rclcpp_minimal_subscriber:/home/liu/ros2_ws/install/examples_rclcpp_minimal_service:/home/liu/ros2_ws/install/examples_rclcpp_minimal_publisher:/home/liu/ros2_ws/install/examples_rclcpp_minimal_composition:/home/liu/ros2_ws/install/examples_rclcpp_minimal_client:/home/liu/ros2_ws/install/examples_rclcpp_minimal_action_server:/home/liu/ros2_ws/install/examples_rclcpp_minimal_action_client:/home/liu/ros2_ws/install/examples_rclcpp_cbg_executor:/home/liu/ros2_ws/install/examples_rclcpp_async_client:/home/liu/ros2_ws/install/cpp_parameters:/home/liu/ros2_ws/install/cpp_parameter_event_handler:/home/liu/ros2_ws/install/action_tutorials_cpp:/home/liu/ros2_ws/install/action_tutorials_interfaces:/home/liu/ros2_ws/install/launch_testing_examples:/home/liu/ros2_ws/install/examples_rclpy_pointcloud_publisher:/home/liu/ros2_ws/install/examples_rclpy_minimal_subscriber:/home/liu/ros2_ws/install/examples_rclpy_minimal_service:/home/liu/ros2_ws/install/examples_rclpy_minimal_publisher:/home/liu/ros2_ws/install/examples_rclpy_minimal_client:/home/liu/ros2_ws/install/examples_rclpy_minimal_action_server:/home/liu/ros2_ws/install/examples_rclpy_minimal_action_client:/home/liu/ros2_ws/install/examples_rclpy_guard_conditions:/home/liu/ros2_ws/install/examples_rclpy_executors:/opt/ros/humble LD_LIBRARY_PATH=/home/liu/final_assessment/ros_ws/install/armor_interface/lib:${LD_LIBRARY_PATH} PYTHONPATH=/home/liu/final_assessment/ros_ws/install/armor_interface/local/lib/python3.10/dist-packages:${PYTHONPATH} /usr/bin/cmake --install /home/liu/final_assessment/ros_ws/build/publisher_armor
