[0.009s] Invoking command in '/home/liu/final_assessment/ros_ws/build/final_assessment': CMAKE_PREFIX_PATH=${CMAKE_PREFIX_PATH}:/home/liu/ros2_ws/install/launch_testing_examples:/home/liu/ros2_ws/install/examples_rclpy_pointcloud_publisher:/home/liu/ros2_ws/install/examples_rclpy_minimal_subscriber:/home/liu/ros2_ws/install/examples_rclpy_minimal_service:/home/liu/ros2_ws/install/examples_rclpy_minimal_publisher:/home/liu/ros2_ws/install/examples_rclpy_minimal_client:/home/liu/ros2_ws/install/examples_rclpy_minimal_action_server:/home/liu/ros2_ws/install/examples_rclpy_minimal_action_client:/home/liu/ros2_ws/install/examples_rclpy_guard_conditions:/home/liu/ros2_ws/install/examples_rclpy_executors:/opt/ros/humble /usr/bin/cmake --build /home/liu/final_assessment/ros_ws/build/final_assessment -- -j24 -l24
[0.067s] [35m[1mConsolidate compiler generated dependencies of target publisher[0m
[0.086s] [ 50%] [32mBuilding CXX object CMakeFiles/publisher.dir/src/calculated_armor_plate_attitude.cpp.o[0m
[2.635s] [100%] [32m[1mLinking CXX executable publisher[0m
[2.756s] [100%] Built target publisher
[2.766s] Invoked command in '/home/liu/final_assessment/ros_ws/build/final_assessment' returned '0': CMAKE_PREFIX_PATH=${CMAKE_PREFIX_PATH}:/home/liu/ros2_ws/install/launch_testing_examples:/home/liu/ros2_ws/install/examples_rclpy_pointcloud_publisher:/home/liu/ros2_ws/install/examples_rclpy_minimal_subscriber:/home/liu/ros2_ws/install/examples_rclpy_minimal_service:/home/liu/ros2_ws/install/examples_rclpy_minimal_publisher:/home/liu/ros2_ws/install/examples_rclpy_minimal_client:/home/liu/ros2_ws/install/examples_rclpy_minimal_action_server:/home/liu/ros2_ws/install/examples_rclpy_minimal_action_client:/home/liu/ros2_ws/install/examples_rclpy_guard_conditions:/home/liu/ros2_ws/install/examples_rclpy_executors:/opt/ros/humble /usr/bin/cmake --build /home/liu/final_assessment/ros_ws/build/final_assessment -- -j24 -l24
[2.780s] Invoking command in '/home/liu/final_assessment/ros_ws/build/final_assessment': CMAKE_PREFIX_PATH=${CMAKE_PREFIX_PATH}:/home/liu/ros2_ws/install/launch_testing_examples:/home/liu/ros2_ws/install/examples_rclpy_pointcloud_publisher:/home/liu/ros2_ws/install/examples_rclpy_minimal_subscriber:/home/liu/ros2_ws/install/examples_rclpy_minimal_service:/home/liu/ros2_ws/install/examples_rclpy_minimal_publisher:/home/liu/ros2_ws/install/examples_rclpy_minimal_client:/home/liu/ros2_ws/install/examples_rclpy_minimal_action_server:/home/liu/ros2_ws/install/examples_rclpy_minimal_action_client:/home/liu/ros2_ws/install/examples_rclpy_guard_conditions:/home/liu/ros2_ws/install/examples_rclpy_executors:/opt/ros/humble /usr/bin/cmake --install /home/liu/final_assessment/ros_ws/build/final_assessment
[2.787s] -- Install configuration: ""
[2.787s] -- Installing: /home/liu/final_assessment/ros_ws/install/final_assessment/lib/final_assessment/publisher
[2.788s] -- Set runtime path of "/home/liu/final_assessment/ros_ws/install/final_assessment/lib/final_assessment/publisher" to ""
[2.788s] -- Installing: /home/liu/final_assessment/ros_ws/install/final_assessment/share/ament_index/resource_index/package_run_dependencies/final_assessment
[2.788s] -- Installing: /home/liu/final_assessment/ros_ws/install/final_assessment/share/ament_index/resource_index/parent_prefix_path/final_assessment
[2.788s] -- Installing: /home/liu/final_assessment/ros_ws/install/final_assessment/share/final_assessment/environment/ament_prefix_path.sh
[2.788s] -- Installing: /home/liu/final_assessment/ros_ws/install/final_assessment/share/final_assessment/environment/ament_prefix_path.dsv
[2.788s] -- Installing: /home/liu/final_assessment/ros_ws/install/final_assessment/share/final_assessment/environment/path.sh
[2.789s] -- Installing: /home/liu/final_assessment/ros_ws/install/final_assessment/share/final_assessment/environment/path.dsv
[2.789s] -- Installing: /home/liu/final_assessment/ros_ws/install/final_assessment/share/final_assessment/local_setup.bash
[2.789s] -- Installing: /home/liu/final_assessment/ros_ws/install/final_assessment/share/final_assessment/local_setup.sh
[2.789s] -- Installing: /home/liu/final_assessment/ros_ws/install/final_assessment/share/final_assessment/local_setup.zsh
[2.789s] -- Installing: /home/liu/final_assessment/ros_ws/install/final_assessment/share/final_assessment/local_setup.dsv
[2.789s] -- Installing: /home/liu/final_assessment/ros_ws/install/final_assessment/share/final_assessment/package.dsv
[2.789s] -- Installing: /home/liu/final_assessment/ros_ws/install/final_assessment/share/ament_index/resource_index/packages/final_assessment
[2.789s] -- Installing: /home/liu/final_assessment/ros_ws/install/final_assessment/share/final_assessment/cmake/final_assessmentConfig.cmake
[2.789s] -- Installing: /home/liu/final_assessment/ros_ws/install/final_assessment/share/final_assessment/cmake/final_assessmentConfig-version.cmake
[2.789s] -- Installing: /home/liu/final_assessment/ros_ws/install/final_assessment/share/final_assessment/package.xml
[2.791s] Invoked command in '/home/liu/final_assessment/ros_ws/build/final_assessment' returned '0': CMAKE_PREFIX_PATH=${CMAKE_PREFIX_PATH}:/home/liu/ros2_ws/install/launch_testing_examples:/home/liu/ros2_ws/install/examples_rclpy_pointcloud_publisher:/home/liu/ros2_ws/install/examples_rclpy_minimal_subscriber:/home/liu/ros2_ws/install/examples_rclpy_minimal_service:/home/liu/ros2_ws/install/examples_rclpy_minimal_publisher:/home/liu/ros2_ws/install/examples_rclpy_minimal_client:/home/liu/ros2_ws/install/examples_rclpy_minimal_action_server:/home/liu/ros2_ws/install/examples_rclpy_minimal_action_client:/home/liu/ros2_ws/install/examples_rclpy_guard_conditions:/home/liu/ros2_ws/install/examples_rclpy_executors:/opt/ros/humble /usr/bin/cmake --install /home/liu/final_assessment/ros_ws/build/final_assessment
