[0.178s] Invoking command in '/home/liu/final_assessment/ros_ws/build/publisher_camera': CMAKE_PREFIX_PATH=${CMAKE_PREFIX_PATH}:/home/liu/final_assessment/ros_ws/install/bringup:/home/liu/ros2_ws/install/launch_testing_examples:/home/liu/ros2_ws/install/examples_rclpy_pointcloud_publisher:/home/liu/ros2_ws/install/examples_rclpy_minimal_subscriber:/home/liu/ros2_ws/install/examples_rclpy_minimal_service:/home/liu/ros2_ws/install/examples_rclpy_minimal_publisher:/home/liu/ros2_ws/install/examples_rclpy_minimal_client:/home/liu/ros2_ws/install/examples_rclpy_minimal_action_server:/home/liu/ros2_ws/install/examples_rclpy_minimal_action_client:/home/liu/ros2_ws/install/examples_rclpy_guard_conditions:/home/liu/ros2_ws/install/examples_rclpy_executors:/opt/ros/humble /usr/bin/cmake --build /home/liu/final_assessment/ros_ws/build/publisher_camera -- -j24 -l24
[0.224s] [100%] Built target publisher_camera
[0.232s] Invoked command in '/home/liu/final_assessment/ros_ws/build/publisher_camera' returned '0': CMAKE_PREFIX_PATH=${CMAKE_PREFIX_PATH}:/home/liu/final_assessment/ros_ws/install/bringup:/home/liu/ros2_ws/install/launch_testing_examples:/home/liu/ros2_ws/install/examples_rclpy_pointcloud_publisher:/home/liu/ros2_ws/install/examples_rclpy_minimal_subscriber:/home/liu/ros2_ws/install/examples_rclpy_minimal_service:/home/liu/ros2_ws/install/examples_rclpy_minimal_publisher:/home/liu/ros2_ws/install/examples_rclpy_minimal_client:/home/liu/ros2_ws/install/examples_rclpy_minimal_action_server:/home/liu/ros2_ws/install/examples_rclpy_minimal_action_client:/home/liu/ros2_ws/install/examples_rclpy_guard_conditions:/home/liu/ros2_ws/install/examples_rclpy_executors:/opt/ros/humble /usr/bin/cmake --build /home/liu/final_assessment/ros_ws/build/publisher_camera -- -j24 -l24
[0.234s] Invoking command in '/home/liu/final_assessment/ros_ws/build/publisher_camera': CMAKE_PREFIX_PATH=${CMAKE_PREFIX_PATH}:/home/liu/final_assessment/ros_ws/install/bringup:/home/liu/ros2_ws/install/launch_testing_examples:/home/liu/ros2_ws/install/examples_rclpy_pointcloud_publisher:/home/liu/ros2_ws/install/examples_rclpy_minimal_subscriber:/home/liu/ros2_ws/install/examples_rclpy_minimal_service:/home/liu/ros2_ws/install/examples_rclpy_minimal_publisher:/home/liu/ros2_ws/install/examples_rclpy_minimal_client:/home/liu/ros2_ws/install/examples_rclpy_minimal_action_server:/home/liu/ros2_ws/install/examples_rclpy_minimal_action_client:/home/liu/ros2_ws/install/examples_rclpy_guard_conditions:/home/liu/ros2_ws/install/examples_rclpy_executors:/opt/ros/humble /usr/bin/cmake --install /home/liu/final_assessment/ros_ws/build/publisher_camera
[0.240s] -- Install configuration: ""
[0.240s] -- Up-to-date: /home/liu/final_assessment/ros_ws/install/publisher_camera/lib/publisher_camera/publisher_camera
[0.240s] -- Up-to-date: /home/liu/final_assessment/ros_ws/install/publisher_camera/share/ament_index/resource_index/package_run_dependencies/publisher_camera
[0.240s] -- Up-to-date: /home/liu/final_assessment/ros_ws/install/publisher_camera/share/ament_index/resource_index/parent_prefix_path/publisher_camera
[0.241s] -- Up-to-date: /home/liu/final_assessment/ros_ws/install/publisher_camera/share/publisher_camera/environment/ament_prefix_path.sh
[0.241s] -- Up-to-date: /home/liu/final_assessment/ros_ws/install/publisher_camera/share/publisher_camera/environment/ament_prefix_path.dsv
[0.241s] -- Up-to-date: /home/liu/final_assessment/ros_ws/install/publisher_camera/share/publisher_camera/environment/path.sh
[0.241s] -- Up-to-date: /home/liu/final_assessment/ros_ws/install/publisher_camera/share/publisher_camera/environment/path.dsv
[0.241s] -- Up-to-date: /home/liu/final_assessment/ros_ws/install/publisher_camera/share/publisher_camera/local_setup.bash
[0.241s] -- Up-to-date: /home/liu/final_assessment/ros_ws/install/publisher_camera/share/publisher_camera/local_setup.sh
[0.241s] -- Up-to-date: /home/liu/final_assessment/ros_ws/install/publisher_camera/share/publisher_camera/local_setup.zsh
[0.241s] -- Up-to-date: /home/liu/final_assessment/ros_ws/install/publisher_camera/share/publisher_camera/local_setup.dsv
[0.241s] -- Installing: /home/liu/final_assessment/ros_ws/install/publisher_camera/share/publisher_camera/package.dsv
[0.241s] -- Up-to-date: /home/liu/final_assessment/ros_ws/install/publisher_camera/share/ament_index/resource_index/packages/publisher_camera
[0.241s] -- Up-to-date: /home/liu/final_assessment/ros_ws/install/publisher_camera/share/publisher_camera/cmake/publisher_cameraConfig.cmake
[0.241s] -- Up-to-date: /home/liu/final_assessment/ros_ws/install/publisher_camera/share/publisher_camera/cmake/publisher_cameraConfig-version.cmake
[0.241s] -- Up-to-date: /home/liu/final_assessment/ros_ws/install/publisher_camera/share/publisher_camera/package.xml
[0.243s] Invoked command in '/home/liu/final_assessment/ros_ws/build/publisher_camera' returned '0': CMAKE_PREFIX_PATH=${CMAKE_PREFIX_PATH}:/home/liu/final_assessment/ros_ws/install/bringup:/home/liu/ros2_ws/install/launch_testing_examples:/home/liu/ros2_ws/install/examples_rclpy_pointcloud_publisher:/home/liu/ros2_ws/install/examples_rclpy_minimal_subscriber:/home/liu/ros2_ws/install/examples_rclpy_minimal_service:/home/liu/ros2_ws/install/examples_rclpy_minimal_publisher:/home/liu/ros2_ws/install/examples_rclpy_minimal_client:/home/liu/ros2_ws/install/examples_rclpy_minimal_action_server:/home/liu/ros2_ws/install/examples_rclpy_minimal_action_client:/home/liu/ros2_ws/install/examples_rclpy_guard_conditions:/home/liu/ros2_ws/install/examples_rclpy_executors:/opt/ros/humble /usr/bin/cmake --install /home/liu/final_assessment/ros_ws/build/publisher_camera
