-- Found ament_cmake: 1.3.12 (/opt/ros/humble/share/ament_cmake/cmake)
-- Configuring done
-- Generating done
-- Build files have been written to: /home/liu/final_assessment/ros_ws/build/kf_solve
[35m[1mConsolidate compiler generated dependencies of target kf_solve[0m
[ 50%] [32mBuilding CXX object CMakeFiles/kf_solve.dir/src/kalman_filter.cpp.o[0m
[100%] [32m[1mLinking CXX shared library libkf_solve.so[0m
[100%] Built target kf_solve
-- Install configuration: ""
-- Up-to-date: /home/liu/final_assessment/ros_ws/install/kf_solve/share/kf_solve/environment/library_path.sh
-- Installing: /home/liu/final_assessment/ros_ws/install/kf_solve/share/kf_solve/environment/library_path.dsv
-- Installing: /home/liu/final_assessment/ros_ws/install/kf_solve/lib/libkf_solve.so
-- Up-to-date: /home/liu/final_assessment/ros_ws/install/kf_solve/include
-- Up-to-date: /home/liu/final_assessment/ros_ws/install/kf_solve/include/kf_solve
-- Installing: /home/liu/final_assessment/ros_ws/install/kf_solve/include/kf_solve/kalman_filter.hpp
-- Up-to-date: /home/liu/final_assessment/ros_ws/install/kf_solve/share/ament_index/resource_index/package_run_dependencies/kf_solve
-- Up-to-date: /home/liu/final_assessment/ros_ws/install/kf_solve/share/ament_index/resource_index/parent_prefix_path/kf_solve
-- Up-to-date: /home/liu/final_assessment/ros_ws/install/kf_solve/share/kf_solve/environment/ament_prefix_path.sh
-- Installing: /home/liu/final_assessment/ros_ws/install/kf_solve/share/kf_solve/environment/ament_prefix_path.dsv
-- Up-to-date: /home/liu/final_assessment/ros_ws/install/kf_solve/share/kf_solve/environment/path.sh
-- Installing: /home/liu/final_assessment/ros_ws/install/kf_solve/share/kf_solve/environment/path.dsv
-- Up-to-date: /home/liu/final_assessment/ros_ws/install/kf_solve/share/kf_solve/local_setup.bash
-- Up-to-date: /home/liu/final_assessment/ros_ws/install/kf_solve/share/kf_solve/local_setup.sh
-- Up-to-date: /home/liu/final_assessment/ros_ws/install/kf_solve/share/kf_solve/local_setup.zsh
-- Installing: /home/liu/final_assessment/ros_ws/install/kf_solve/share/kf_solve/local_setup.dsv
-- Installing: /home/liu/final_assessment/ros_ws/install/kf_solve/share/kf_solve/package.dsv
-- Up-to-date: /home/liu/final_assessment/ros_ws/install/kf_solve/share/ament_index/resource_index/packages/kf_solve
-- Up-to-date: /home/liu/final_assessment/ros_ws/install/kf_solve/share/kf_solve/cmake/export_kf_solveExport.cmake
-- Up-to-date: /home/liu/final_assessment/ros_ws/install/kf_solve/share/kf_solve/cmake/export_kf_solveExport-noconfig.cmake
-- Up-to-date: /home/liu/final_assessment/ros_ws/install/kf_solve/share/kf_solve/cmake/ament_cmake_export_targets-extras.cmake
-- Up-to-date: /home/liu/final_assessment/ros_ws/install/kf_solve/share/kf_solve/cmake/ament_cmake_export_dependencies-extras.cmake
-- Up-to-date: /home/liu/final_assessment/ros_ws/install/kf_solve/share/kf_solve/cmake/kf_solveConfig.cmake
-- Up-to-date: /home/liu/final_assessment/ros_ws/install/kf_solve/share/kf_solve/cmake/kf_solveConfig-version.cmake
-- Up-to-date: /home/liu/final_assessment/ros_ws/install/kf_solve/share/kf_solve/package.xml
