[0.016s] Invoking command in '/home/liu/final_assessment/ros_ws/build/kf_solve': CMAKE_PREFIX_PATH=${CMAKE_PREFIX_PATH}:/home/liu/ros2_ws/install/launch_testing_examples:/home/liu/ros2_ws/install/examples_rclpy_pointcloud_publisher:/home/liu/ros2_ws/install/examples_rclpy_minimal_subscriber:/home/liu/ros2_ws/install/examples_rclpy_minimal_service:/home/liu/ros2_ws/install/examples_rclpy_minimal_publisher:/home/liu/ros2_ws/install/examples_rclpy_minimal_client:/home/liu/ros2_ws/install/examples_rclpy_minimal_action_server:/home/liu/ros2_ws/install/examples_rclpy_minimal_action_client:/home/liu/ros2_ws/install/examples_rclpy_guard_conditions:/home/liu/ros2_ws/install/examples_rclpy_executors:/opt/ros/humble /usr/bin/cmake /home/liu/final_assessment/ros_ws/src/kf_solve -DCMAKE_EXPORT_COMPILE_COMMANDS=1 -DCMAKE_INSTALL_PREFIX=/home/liu/final_assessment/ros_ws/install/kf_solve
[0.180s] -- Found ament_cmake: 1.3.12 (/opt/ros/humble/share/ament_cmake/cmake)
[0.199s] -- Configuring done
[0.202s] -- Generating done
[0.203s] -- Build files have been written to: /home/liu/final_assessment/ros_ws/build/kf_solve
[0.205s] Invoked command in '/home/liu/final_assessment/ros_ws/build/kf_solve' returned '0': CMAKE_PREFIX_PATH=${CMAKE_PREFIX_PATH}:/home/liu/ros2_ws/install/launch_testing_examples:/home/liu/ros2_ws/install/examples_rclpy_pointcloud_publisher:/home/liu/ros2_ws/install/examples_rclpy_minimal_subscriber:/home/liu/ros2_ws/install/examples_rclpy_minimal_service:/home/liu/ros2_ws/install/examples_rclpy_minimal_publisher:/home/liu/ros2_ws/install/examples_rclpy_minimal_client:/home/liu/ros2_ws/install/examples_rclpy_minimal_action_server:/home/liu/ros2_ws/install/examples_rclpy_minimal_action_client:/home/liu/ros2_ws/install/examples_rclpy_guard_conditions:/home/liu/ros2_ws/install/examples_rclpy_executors:/opt/ros/humble /usr/bin/cmake /home/liu/final_assessment/ros_ws/src/kf_solve -DCMAKE_EXPORT_COMPILE_COMMANDS=1 -DCMAKE_INSTALL_PREFIX=/home/liu/final_assessment/ros_ws/install/kf_solve
[0.207s] Invoking command in '/home/liu/final_assessment/ros_ws/build/kf_solve': CMAKE_PREFIX_PATH=${CMAKE_PREFIX_PATH}:/home/liu/ros2_ws/install/launch_testing_examples:/home/liu/ros2_ws/install/examples_rclpy_pointcloud_publisher:/home/liu/ros2_ws/install/examples_rclpy_minimal_subscriber:/home/liu/ros2_ws/install/examples_rclpy_minimal_service:/home/liu/ros2_ws/install/examples_rclpy_minimal_publisher:/home/liu/ros2_ws/install/examples_rclpy_minimal_client:/home/liu/ros2_ws/install/examples_rclpy_minimal_action_server:/home/liu/ros2_ws/install/examples_rclpy_minimal_action_client:/home/liu/ros2_ws/install/examples_rclpy_guard_conditions:/home/liu/ros2_ws/install/examples_rclpy_executors:/opt/ros/humble /usr/bin/cmake --build /home/liu/final_assessment/ros_ws/build/kf_solve -- -j24 -l24
[0.242s] [35m[1mConsolidate compiler generated dependencies of target kf_solve[0m
[0.254s] [ 50%] [32mBuilding CXX object CMakeFiles/kf_solve.dir/src/kalman_filter.cpp.o[0m
[4.973s] [100%] [32m[1mLinking CXX shared library libkf_solve.so[0m
[5.120s] [100%] Built target kf_solve
[5.131s] Invoked command in '/home/liu/final_assessment/ros_ws/build/kf_solve' returned '0': CMAKE_PREFIX_PATH=${CMAKE_PREFIX_PATH}:/home/liu/ros2_ws/install/launch_testing_examples:/home/liu/ros2_ws/install/examples_rclpy_pointcloud_publisher:/home/liu/ros2_ws/install/examples_rclpy_minimal_subscriber:/home/liu/ros2_ws/install/examples_rclpy_minimal_service:/home/liu/ros2_ws/install/examples_rclpy_minimal_publisher:/home/liu/ros2_ws/install/examples_rclpy_minimal_client:/home/liu/ros2_ws/install/examples_rclpy_minimal_action_server:/home/liu/ros2_ws/install/examples_rclpy_minimal_action_client:/home/liu/ros2_ws/install/examples_rclpy_guard_conditions:/home/liu/ros2_ws/install/examples_rclpy_executors:/opt/ros/humble /usr/bin/cmake --build /home/liu/final_assessment/ros_ws/build/kf_solve -- -j24 -l24
[5.133s] Invoking command in '/home/liu/final_assessment/ros_ws/build/kf_solve': CMAKE_PREFIX_PATH=${CMAKE_PREFIX_PATH}:/home/liu/ros2_ws/install/launch_testing_examples:/home/liu/ros2_ws/install/examples_rclpy_pointcloud_publisher:/home/liu/ros2_ws/install/examples_rclpy_minimal_subscriber:/home/liu/ros2_ws/install/examples_rclpy_minimal_service:/home/liu/ros2_ws/install/examples_rclpy_minimal_publisher:/home/liu/ros2_ws/install/examples_rclpy_minimal_client:/home/liu/ros2_ws/install/examples_rclpy_minimal_action_server:/home/liu/ros2_ws/install/examples_rclpy_minimal_action_client:/home/liu/ros2_ws/install/examples_rclpy_guard_conditions:/home/liu/ros2_ws/install/examples_rclpy_executors:/opt/ros/humble /usr/bin/cmake --install /home/liu/final_assessment/ros_ws/build/kf_solve
[5.141s] -- Install configuration: ""
[5.141s] -- Up-to-date: /home/liu/final_assessment/ros_ws/install/kf_solve/share/kf_solve/environment/library_path.sh
[5.141s] -- Installing: /home/liu/final_assessment/ros_ws/install/kf_solve/share/kf_solve/environment/library_path.dsv
[5.141s] -- Installing: /home/liu/final_assessment/ros_ws/install/kf_solve/lib/libkf_solve.so
[5.145s] -- Up-to-date: /home/liu/final_assessment/ros_ws/install/kf_solve/include
[5.145s] -- Up-to-date: /home/liu/final_assessment/ros_ws/install/kf_solve/include/kf_solve
[5.145s] -- Installing: /home/liu/final_assessment/ros_ws/install/kf_solve/include/kf_solve/kalman_filter.hpp
[5.145s] -- Up-to-date: /home/liu/final_assessment/ros_ws/install/kf_solve/share/ament_index/resource_index/package_run_dependencies/kf_solve
[5.145s] -- Up-to-date: /home/liu/final_assessment/ros_ws/install/kf_solve/share/ament_index/resource_index/parent_prefix_path/kf_solve
[5.146s] -- Up-to-date: /home/liu/final_assessment/ros_ws/install/kf_solve/share/kf_solve/environment/ament_prefix_path.sh
[5.146s] -- Installing: /home/liu/final_assessment/ros_ws/install/kf_solve/share/kf_solve/environment/ament_prefix_path.dsv
[5.146s] -- Up-to-date: /home/liu/final_assessment/ros_ws/install/kf_solve/share/kf_solve/environment/path.sh
[5.146s] -- Installing: /home/liu/final_assessment/ros_ws/install/kf_solve/share/kf_solve/environment/path.dsv
[5.146s] -- Up-to-date: /home/liu/final_assessment/ros_ws/install/kf_solve/share/kf_solve/local_setup.bash
[5.146s] -- Up-to-date: /home/liu/final_assessment/ros_ws/install/kf_solve/share/kf_solve/local_setup.sh
[5.146s] -- Up-to-date: /home/liu/final_assessment/ros_ws/install/kf_solve/share/kf_solve/local_setup.zsh
[5.146s] -- Installing: /home/liu/final_assessment/ros_ws/install/kf_solve/share/kf_solve/local_setup.dsv
[5.146s] -- Installing: /home/liu/final_assessment/ros_ws/install/kf_solve/share/kf_solve/package.dsv
[5.146s] -- Up-to-date: /home/liu/final_assessment/ros_ws/install/kf_solve/share/ament_index/resource_index/packages/kf_solve
[5.146s] -- Up-to-date: /home/liu/final_assessment/ros_ws/install/kf_solve/share/kf_solve/cmake/export_kf_solveExport.cmake
[5.146s] -- Up-to-date: /home/liu/final_assessment/ros_ws/install/kf_solve/share/kf_solve/cmake/export_kf_solveExport-noconfig.cmake
[5.146s] -- Up-to-date: /home/liu/final_assessment/ros_ws/install/kf_solve/share/kf_solve/cmake/ament_cmake_export_targets-extras.cmake
[5.146s] -- Up-to-date: /home/liu/final_assessment/ros_ws/install/kf_solve/share/kf_solve/cmake/ament_cmake_export_dependencies-extras.cmake
[5.146s] -- Up-to-date: /home/liu/final_assessment/ros_ws/install/kf_solve/share/kf_solve/cmake/kf_solveConfig.cmake
[5.146s] -- Up-to-date: /home/liu/final_assessment/ros_ws/install/kf_solve/share/kf_solve/cmake/kf_solveConfig-version.cmake
[5.146s] -- Up-to-date: /home/liu/final_assessment/ros_ws/install/kf_solve/share/kf_solve/package.xml
[5.148s] Invoked command in '/home/liu/final_assessment/ros_ws/build/kf_solve' returned '0': CMAKE_PREFIX_PATH=${CMAKE_PREFIX_PATH}:/home/liu/ros2_ws/install/launch_testing_examples:/home/liu/ros2_ws/install/examples_rclpy_pointcloud_publisher:/home/liu/ros2_ws/install/examples_rclpy_minimal_subscriber:/home/liu/ros2_ws/install/examples_rclpy_minimal_service:/home/liu/ros2_ws/install/examples_rclpy_minimal_publisher:/home/liu/ros2_ws/install/examples_rclpy_minimal_client:/home/liu/ros2_ws/install/examples_rclpy_minimal_action_server:/home/liu/ros2_ws/install/examples_rclpy_minimal_action_client:/home/liu/ros2_ws/install/examples_rclpy_guard_conditions:/home/liu/ros2_ws/install/examples_rclpy_executors:/opt/ros/humble /usr/bin/cmake --install /home/liu/final_assessment/ros_ws/build/kf_solve
