[0.472s] Invoking command in '/home/liu/final_assessment/ros_ws/src/bringup': PYTHONPATH=/home/liu/final_assessment/ros_ws/build/bringup/prefix_override:/usr/lib/python3/dist-packages/colcon_core/task/python/colcon_distutils_commands:/home/liu/final_assessment/ros_ws/install/bringup/lib/python3.10/site-packages:${PYTHONPATH} /usr/bin/python3 -W ignore:setup.py install is deprecated -W ignore:easy_install command is deprecated setup.py egg_info --egg-base ../../build/bringup build --build-base /home/liu/final_assessment/ros_ws/build/bringup/build install --record /home/liu/final_assessment/ros_ws/build/bringup/install.log --single-version-externally-managed install_data
[0.638s] running egg_info
[0.638s] writing ../../build/bringup/bringup.egg-info/PKG-INFO
[0.639s] writing dependency_links to ../../build/bringup/bringup.egg-info/dependency_links.txt
[0.639s] writing entry points to ../../build/bringup/bringup.egg-info/entry_points.txt
[0.639s] writing requirements to ../../build/bringup/bringup.egg-info/requires.txt
[0.639s] writing top-level names to ../../build/bringup/bringup.egg-info/top_level.txt
[0.640s] reading manifest file '../../build/bringup/bringup.egg-info/SOURCES.txt'
[0.640s] adding license file 'LICENSE'
[0.641s] writing manifest file '../../build/bringup/bringup.egg-info/SOURCES.txt'
[0.641s] running build
[0.641s] running build_py
[0.641s] running install
[0.641s] running install_lib
[0.642s] running install_data
[0.642s] running install_egg_info
[0.643s] removing '/home/liu/final_assessment/ros_ws/install/bringup/lib/python3.10/site-packages/bringup-0.0.0-py3.10.egg-info' (and everything under it)
[0.643s] Copying ../../build/bringup/bringup.egg-info to /home/liu/final_assessment/ros_ws/install/bringup/lib/python3.10/site-packages/bringup-0.0.0-py3.10.egg-info
[0.644s] running install_scripts
[0.661s] writing list of installed files to '/home/liu/final_assessment/ros_ws/build/bringup/install.log'
[0.677s] Invoked command in '/home/liu/final_assessment/ros_ws/src/bringup' returned '0': PYTHONPATH=/home/liu/final_assessment/ros_ws/build/bringup/prefix_override:/usr/lib/python3/dist-packages/colcon_core/task/python/colcon_distutils_commands:/home/liu/final_assessment/ros_ws/install/bringup/lib/python3.10/site-packages:${PYTHONPATH} /usr/bin/python3 -W ignore:setup.py install is deprecated -W ignore:easy_install command is deprecated setup.py egg_info --egg-base ../../build/bringup build --build-base /home/liu/final_assessment/ros_ws/build/bringup/build install --record /home/liu/final_assessment/ros_ws/build/bringup/install.log --single-version-externally-managed install_data
