[0.417s] Invoking command in '/home/liu/final_assessment/ros_ws/src/bringup': PYTHONPATH=/home/liu/final_assessment/ros_ws/build/bringup/prefix_override:/usr/lib/python3/dist-packages/colcon_core/task/python/colcon_distutils_commands:/home/liu/final_assessment/ros_ws/install/bringup/lib/python3.10/site-packages:${PYTHONPATH} /usr/bin/python3 -W ignore:setup.py install is deprecated -W ignore:easy_install command is deprecated setup.py egg_info --egg-base ../../build/bringup build --build-base /home/liu/final_assessment/ros_ws/build/bringup/build install --record /home/liu/final_assessment/ros_ws/build/bringup/install.log --single-version-externally-managed install_data
[0.561s] running egg_info
[0.562s] writing ../../build/bringup/bringup.egg-info/PKG-INFO
[0.562s] writing dependency_links to ../../build/bringup/bringup.egg-info/dependency_links.txt
[0.562s] writing entry points to ../../build/bringup/bringup.egg-info/entry_points.txt
[0.562s] writing requirements to ../../build/bringup/bringup.egg-info/requires.txt
[0.562s] writing top-level names to ../../build/bringup/bringup.egg-info/top_level.txt
[0.563s] reading manifest file '../../build/bringup/bringup.egg-info/SOURCES.txt'
[0.563s] adding license file 'LICENSE'
[0.563s] writing manifest file '../../build/bringup/bringup.egg-info/SOURCES.txt'
[0.563s] running build
[0.563s] running build_py
[0.563s] running install
[0.564s] running install_lib
[0.564s] running install_data
[0.564s] copying config/kalman.yaml -> /home/liu/final_assessment/ros_ws/install/bringup/share/bringup/config
[0.564s] running install_egg_info
[0.566s] removing '/home/liu/final_assessment/ros_ws/install/bringup/lib/python3.10/site-packages/bringup-0.0.0-py3.10.egg-info' (and everything under it)
[0.566s] Copying ../../build/bringup/bringup.egg-info to /home/liu/final_assessment/ros_ws/install/bringup/lib/python3.10/site-packages/bringup-0.0.0-py3.10.egg-info
[0.566s] running install_scripts
[0.580s] writing list of installed files to '/home/liu/final_assessment/ros_ws/build/bringup/install.log'
[0.593s] Invoked command in '/home/liu/final_assessment/ros_ws/src/bringup' returned '0': PYTHONPATH=/home/liu/final_assessment/ros_ws/build/bringup/prefix_override:/usr/lib/python3/dist-packages/colcon_core/task/python/colcon_distutils_commands:/home/liu/final_assessment/ros_ws/install/bringup/lib/python3.10/site-packages:${PYTHONPATH} /usr/bin/python3 -W ignore:setup.py install is deprecated -W ignore:easy_install command is deprecated setup.py egg_info --egg-base ../../build/bringup build --build-base /home/liu/final_assessment/ros_ws/build/bringup/build install --record /home/liu/final_assessment/ros_ws/build/bringup/install.log --single-version-externally-managed install_data
