-- The C compiler identification is GNU 11.4.0
-- The CXX compiler identification is GNU 11.4.0
-- Detecting C compiler ABI info
-- Detecting C compiler ABI info - done
-- Check for working C compiler: /usr/bin/cc - skipped
-- Detecting C compile features
-- Detecting C compile features - done
-- Detecting CXX compiler ABI info
-- Detecting CXX compiler ABI info - done
-- Check for working CXX compiler: /usr/bin/c++ - skipped
-- Detecting CXX compile features
-- Detecting CXX compile features - done
-- Found ament_cmake: 1.3.12 (/opt/ros/humble/share/ament_cmake/cmake)
-- Found Python3: /usr/bin/python3 (found version "3.10.12") found components: Interpreter 
-- Found rclcpp: 16.0.14 (/opt/ros/humble/share/rclcpp/cmake)
-- Found rosidl_generator_c: 3.1.7 (/opt/ros/humble/share/rosidl_generator_c/cmake)
-- Found rosidl_adapter: 3.1.7 (/opt/ros/humble/share/rosidl_adapter/cmake)
-- Found rosidl_generator_cpp: 3.1.7 (/opt/ros/humble/share/rosidl_generator_cpp/cmake)
-- Using all available rosidl_typesupport_c: rosidl_typesupport_fastrtps_c;rosidl_typesupport_introspection_c
-- Using all available rosidl_typesupport_cpp: rosidl_typesupport_fastrtps_cpp;rosidl_typesupport_introspection_cpp
-- Found rmw_implementation_cmake: 6.1.2 (/opt/ros/humble/share/rmw_implementation_cmake/cmake)
-- Found rmw_fastrtps_cpp: 6.2.8 (/opt/ros/humble/share/rmw_fastrtps_cpp/cmake)
-- Found OpenSSL: /usr/lib/x86_64-linux-gnu/libcrypto.so (found version "3.0.2")  
-- Found FastRTPS: /opt/ros/humble/include  
-- Using RMW implementation 'rmw_fastrtps_cpp' as default
-- Looking for pthread.h
-- Looking for pthread.h - found
-- Performing Test CMAKE_HAVE_LIBC_PTHREAD
-- Performing Test CMAKE_HAVE_LIBC_PTHREAD - Success
-- Found Threads: TRUE  
-- Found sensor_msgs: 4.9.0 (/opt/ros/humble/share/sensor_msgs/cmake)
-- Found armor_interface: 0.0.1 (/home/liu/final_assessment/ros_ws/install/armor_interface/share/armor_interface/cmake)
-- Found OpenCV: /usr (found version "4.5.4") 
-- Configuring done
-- Generating done
-- Build files have been written to: /home/liu/final_assessment/ros_ws/build/pnp_solve
[ 50%] [32mBuilding CXX object CMakeFiles/pnp_solve.dir/src/pnp_solve.cpp.o[0m
[100%] [32m[1mLinking CXX shared library libpnp_solve.so[0m
[100%] Built target pnp_solve
-- Install configuration: ""
-- Installing: /home/liu/final_assessment/ros_ws/install/pnp_solve/share/pnp_solve/environment/library_path.sh
-- Installing: /home/liu/final_assessment/ros_ws/install/pnp_solve/share/pnp_solve/environment/library_path.dsv
-- Installing: /home/liu/final_assessment/ros_ws/install/pnp_solve/lib/libpnp_solve.so
-- Set runtime path of "/home/liu/final_assessment/ros_ws/install/pnp_solve/lib/libpnp_solve.so" to ""
-- Installing: /home/liu/final_assessment/ros_ws/install/pnp_solve/include
-- Installing: /home/liu/final_assessment/ros_ws/install/pnp_solve/include/pnp_solve
-- Installing: /home/liu/final_assessment/ros_ws/install/pnp_solve/include/pnp_solve/pnp_solve.hpp
-- Installing: /home/liu/final_assessment/ros_ws/install/pnp_solve/share/ament_index/resource_index/package_run_dependencies/pnp_solve
-- Installing: /home/liu/final_assessment/ros_ws/install/pnp_solve/share/ament_index/resource_index/parent_prefix_path/pnp_solve
-- Installing: /home/liu/final_assessment/ros_ws/install/pnp_solve/share/pnp_solve/environment/ament_prefix_path.sh
-- Installing: /home/liu/final_assessment/ros_ws/install/pnp_solve/share/pnp_solve/environment/ament_prefix_path.dsv
-- Installing: /home/liu/final_assessment/ros_ws/install/pnp_solve/share/pnp_solve/environment/path.sh
-- Installing: /home/liu/final_assessment/ros_ws/install/pnp_solve/share/pnp_solve/environment/path.dsv
-- Installing: /home/liu/final_assessment/ros_ws/install/pnp_solve/share/pnp_solve/local_setup.bash
-- Installing: /home/liu/final_assessment/ros_ws/install/pnp_solve/share/pnp_solve/local_setup.sh
-- Installing: /home/liu/final_assessment/ros_ws/install/pnp_solve/share/pnp_solve/local_setup.zsh
-- Installing: /home/liu/final_assessment/ros_ws/install/pnp_solve/share/pnp_solve/local_setup.dsv
-- Installing: /home/liu/final_assessment/ros_ws/install/pnp_solve/share/pnp_solve/package.dsv
-- Installing: /home/liu/final_assessment/ros_ws/install/pnp_solve/share/ament_index/resource_index/packages/pnp_solve
-- Installing: /home/liu/final_assessment/ros_ws/install/pnp_solve/share/pnp_solve/cmake/export_pnp_solveExport.cmake
-- Installing: /home/liu/final_assessment/ros_ws/install/pnp_solve/share/pnp_solve/cmake/export_pnp_solveExport-noconfig.cmake
-- Installing: /home/liu/final_assessment/ros_ws/install/pnp_solve/share/pnp_solve/cmake/ament_cmake_export_targets-extras.cmake
-- Installing: /home/liu/final_assessment/ros_ws/install/pnp_solve/share/pnp_solve/cmake/ament_cmake_export_dependencies-extras.cmake
-- Installing: /home/liu/final_assessment/ros_ws/install/pnp_solve/share/pnp_solve/cmake/pnp_solveConfig.cmake
-- Installing: /home/liu/final_assessment/ros_ws/install/pnp_solve/share/pnp_solve/cmake/pnp_solveConfig-version.cmake
-- Installing: /home/liu/final_assessment/ros_ws/install/pnp_solve/share/pnp_solve/package.xml
