[0.010s] Invoking command in '/home/liu/final_assessment/ros_ws/build/pnp_solve': AMENT_PREFIX_PATH=/home/liu/final_assessment/ros_ws/install/armor_interface:${AMENT_PREFIX_PATH} CMAKE_PREFIX_PATH=/home/liu/final_assessment/ros_ws/install/armor_interface:/home/liu/ros2_ws/install/cpp_srvcli:/home/liu/ros2_ws/install/cpp_pubsub:/home/liu/ros2_ws/install/tutorial_interfaces:/home/liu/ros2_ws/install/turtlesim:/home/liu/ros2_ws/install/more_interfaces:/home/liu/ros2_ws/install/rosidl_tutorials_msgs:/home/liu/ros2_ws/install/polygon_plugins:/home/liu/ros2_ws/install/polygon_base:/home/liu/ros2_ws/install/my_package:/home/liu/ros2_ws/install/examples_rclcpp_wait_set:/home/liu/ros2_ws/install/examples_rclcpp_multithreaded_executor:/home/liu/ros2_ws/install/examples_rclcpp_minimal_timer:/home/liu/ros2_ws/install/examples_rclcpp_minimal_subscriber:/home/liu/ros2_ws/install/examples_rclcpp_minimal_service:/home/liu/ros2_ws/install/examples_rclcpp_minimal_publisher:/home/liu/ros2_ws/install/examples_rclcpp_minimal_composition:/home/liu/ros2_ws/install/examples_rclcpp_minimal_client:/home/liu/ros2_ws/install/examples_rclcpp_minimal_action_server:/home/liu/ros2_ws/install/examples_rclcpp_minimal_action_client:/home/liu/ros2_ws/install/examples_rclcpp_cbg_executor:/home/liu/ros2_ws/install/examples_rclcpp_async_client:/home/liu/ros2_ws/install/cpp_parameters:/home/liu/ros2_ws/install/cpp_parameter_event_handler:/home/liu/ros2_ws/install/action_tutorials_cpp:/home/liu/ros2_ws/install/action_tutorials_interfaces:/home/liu/ros2_ws/install/launch_testing_examples:/home/liu/ros2_ws/install/examples_rclpy_pointcloud_publisher:/home/liu/ros2_ws/install/examples_rclpy_minimal_subscriber:/home/liu/ros2_ws/install/examples_rclpy_minimal_service:/home/liu/ros2_ws/install/examples_rclpy_minimal_publisher:/home/liu/ros2_ws/install/examples_rclpy_minimal_client:/home/liu/ros2_ws/install/examples_rclpy_minimal_action_server:/home/liu/ros2_ws/install/examples_rclpy_minimal_action_client:/home/liu/ros2_ws/install/examples_rclpy_guard_conditions:/home/liu/ros2_ws/install/examples_rclpy_executors:/opt/ros/humble LD_LIBRARY_PATH=/home/liu/final_assessment/ros_ws/install/armor_interface/lib:${LD_LIBRARY_PATH} PYTHONPATH=/home/liu/final_assessment/ros_ws/install/armor_interface/local/lib/python3.10/dist-packages:${PYTHONPATH} /usr/bin/cmake /home/liu/final_assessment/ros_ws/src/pnp_solve -DCMAKE_INSTALL_PREFIX=/home/liu/final_assessment/ros_ws/install/pnp_solve
[0.058s] -- The C compiler identification is GNU 11.4.0
[0.100s] -- The CXX compiler identification is GNU 11.4.0
[0.106s] -- Detecting C compiler ABI info
[0.164s] -- Detecting C compiler ABI info - done
[0.172s] -- Check for working C compiler: /usr/bin/cc - skipped
[0.172s] -- Detecting C compile features
[0.172s] -- Detecting C compile features - done
[0.174s] -- Detecting CXX compiler ABI info
[0.239s] -- Detecting CXX compiler ABI info - done
[0.244s] -- Check for working CXX compiler: /usr/bin/c++ - skipped
[0.244s] -- Detecting CXX compile features
[0.245s] -- Detecting CXX compile features - done
[0.247s] -- Found ament_cmake: 1.3.12 (/opt/ros/humble/share/ament_cmake/cmake)
[0.382s] -- Found Python3: /usr/bin/python3 (found version "3.10.12") found components: Interpreter 
[0.469s] -- Found rclcpp: 16.0.14 (/opt/ros/humble/share/rclcpp/cmake)
[0.512s] -- Found rosidl_generator_c: 3.1.7 (/opt/ros/humble/share/rosidl_generator_c/cmake)
[0.518s] -- Found rosidl_adapter: 3.1.7 (/opt/ros/humble/share/rosidl_adapter/cmake)
[0.526s] -- Found rosidl_generator_cpp: 3.1.7 (/opt/ros/humble/share/rosidl_generator_cpp/cmake)
[0.537s] -- Using all available rosidl_typesupport_c: rosidl_typesupport_fastrtps_c;rosidl_typesupport_introspection_c
[0.552s] -- Using all available rosidl_typesupport_cpp: rosidl_typesupport_fastrtps_cpp;rosidl_typesupport_introspection_cpp
[0.594s] -- Found rmw_implementation_cmake: 6.1.2 (/opt/ros/humble/share/rmw_implementation_cmake/cmake)
[0.598s] -- Found rmw_fastrtps_cpp: 6.2.8 (/opt/ros/humble/share/rmw_fastrtps_cpp/cmake)
[0.672s] -- Found OpenSSL: /usr/lib/x86_64-linux-gnu/libcrypto.so (found version "3.0.2")  
[0.697s] -- Found FastRTPS: /opt/ros/humble/include  
[0.736s] -- Using RMW implementation 'rmw_fastrtps_cpp' as default
[0.752s] -- Looking for pthread.h
[0.810s] -- Looking for pthread.h - found
[0.811s] -- Performing Test CMAKE_HAVE_LIBC_PTHREAD
[0.869s] -- Performing Test CMAKE_HAVE_LIBC_PTHREAD - Success
[0.870s] -- Found Threads: TRUE  
[0.912s] -- Found sensor_msgs: 4.9.0 (/opt/ros/humble/share/sensor_msgs/cmake)
[0.932s] -- Found armor_interface: 0.0.1 (/home/liu/final_assessment/ros_ws/install/armor_interface/share/armor_interface/cmake)
[0.946s] -- Found OpenCV: /usr (found version "4.5.4") 
[1.000s] -- Configuring done
[1.008s] -- Generating done
[1.011s] -- Build files have been written to: /home/liu/final_assessment/ros_ws/build/pnp_solve
[1.019s] Invoked command in '/home/liu/final_assessment/ros_ws/build/pnp_solve' returned '0': AMENT_PREFIX_PATH=/home/liu/final_assessment/ros_ws/install/armor_interface:${AMENT_PREFIX_PATH} CMAKE_PREFIX_PATH=/home/liu/final_assessment/ros_ws/install/armor_interface:/home/liu/ros2_ws/install/cpp_srvcli:/home/liu/ros2_ws/install/cpp_pubsub:/home/liu/ros2_ws/install/tutorial_interfaces:/home/liu/ros2_ws/install/turtlesim:/home/liu/ros2_ws/install/more_interfaces:/home/liu/ros2_ws/install/rosidl_tutorials_msgs:/home/liu/ros2_ws/install/polygon_plugins:/home/liu/ros2_ws/install/polygon_base:/home/liu/ros2_ws/install/my_package:/home/liu/ros2_ws/install/examples_rclcpp_wait_set:/home/liu/ros2_ws/install/examples_rclcpp_multithreaded_executor:/home/liu/ros2_ws/install/examples_rclcpp_minimal_timer:/home/liu/ros2_ws/install/examples_rclcpp_minimal_subscriber:/home/liu/ros2_ws/install/examples_rclcpp_minimal_service:/home/liu/ros2_ws/install/examples_rclcpp_minimal_publisher:/home/liu/ros2_ws/install/examples_rclcpp_minimal_composition:/home/liu/ros2_ws/install/examples_rclcpp_minimal_client:/home/liu/ros2_ws/install/examples_rclcpp_minimal_action_server:/home/liu/ros2_ws/install/examples_rclcpp_minimal_action_client:/home/liu/ros2_ws/install/examples_rclcpp_cbg_executor:/home/liu/ros2_ws/install/examples_rclcpp_async_client:/home/liu/ros2_ws/install/cpp_parameters:/home/liu/ros2_ws/install/cpp_parameter_event_handler:/home/liu/ros2_ws/install/action_tutorials_cpp:/home/liu/ros2_ws/install/action_tutorials_interfaces:/home/liu/ros2_ws/install/launch_testing_examples:/home/liu/ros2_ws/install/examples_rclpy_pointcloud_publisher:/home/liu/ros2_ws/install/examples_rclpy_minimal_subscriber:/home/liu/ros2_ws/install/examples_rclpy_minimal_service:/home/liu/ros2_ws/install/examples_rclpy_minimal_publisher:/home/liu/ros2_ws/install/examples_rclpy_minimal_client:/home/liu/ros2_ws/install/examples_rclpy_minimal_action_server:/home/liu/ros2_ws/install/examples_rclpy_minimal_action_client:/home/liu/ros2_ws/install/examples_rclpy_guard_conditions:/home/liu/ros2_ws/install/examples_rclpy_executors:/opt/ros/humble LD_LIBRARY_PATH=/home/liu/final_assessment/ros_ws/install/armor_interface/lib:${LD_LIBRARY_PATH} PYTHONPATH=/home/liu/final_assessment/ros_ws/install/armor_interface/local/lib/python3.10/dist-packages:${PYTHONPATH} /usr/bin/cmake /home/liu/final_assessment/ros_ws/src/pnp_solve -DCMAKE_INSTALL_PREFIX=/home/liu/final_assessment/ros_ws/install/pnp_solve
[1.019s] Invoking command in '/home/liu/final_assessment/ros_ws/build/pnp_solve': AMENT_PREFIX_PATH=/home/liu/final_assessment/ros_ws/install/armor_interface:${AMENT_PREFIX_PATH} CMAKE_PREFIX_PATH=/home/liu/final_assessment/ros_ws/install/armor_interface:/home/liu/ros2_ws/install/cpp_srvcli:/home/liu/ros2_ws/install/cpp_pubsub:/home/liu/ros2_ws/install/tutorial_interfaces:/home/liu/ros2_ws/install/turtlesim:/home/liu/ros2_ws/install/more_interfaces:/home/liu/ros2_ws/install/rosidl_tutorials_msgs:/home/liu/ros2_ws/install/polygon_plugins:/home/liu/ros2_ws/install/polygon_base:/home/liu/ros2_ws/install/my_package:/home/liu/ros2_ws/install/examples_rclcpp_wait_set:/home/liu/ros2_ws/install/examples_rclcpp_multithreaded_executor:/home/liu/ros2_ws/install/examples_rclcpp_minimal_timer:/home/liu/ros2_ws/install/examples_rclcpp_minimal_subscriber:/home/liu/ros2_ws/install/examples_rclcpp_minimal_service:/home/liu/ros2_ws/install/examples_rclcpp_minimal_publisher:/home/liu/ros2_ws/install/examples_rclcpp_minimal_composition:/home/liu/ros2_ws/install/examples_rclcpp_minimal_client:/home/liu/ros2_ws/install/examples_rclcpp_minimal_action_server:/home/liu/ros2_ws/install/examples_rclcpp_minimal_action_client:/home/liu/ros2_ws/install/examples_rclcpp_cbg_executor:/home/liu/ros2_ws/install/examples_rclcpp_async_client:/home/liu/ros2_ws/install/cpp_parameters:/home/liu/ros2_ws/install/cpp_parameter_event_handler:/home/liu/ros2_ws/install/action_tutorials_cpp:/home/liu/ros2_ws/install/action_tutorials_interfaces:/home/liu/ros2_ws/install/launch_testing_examples:/home/liu/ros2_ws/install/examples_rclpy_pointcloud_publisher:/home/liu/ros2_ws/install/examples_rclpy_minimal_subscriber:/home/liu/ros2_ws/install/examples_rclpy_minimal_service:/home/liu/ros2_ws/install/examples_rclpy_minimal_publisher:/home/liu/ros2_ws/install/examples_rclpy_minimal_client:/home/liu/ros2_ws/install/examples_rclpy_minimal_action_server:/home/liu/ros2_ws/install/examples_rclpy_minimal_action_client:/home/liu/ros2_ws/install/examples_rclpy_guard_conditions:/home/liu/ros2_ws/install/examples_rclpy_executors:/opt/ros/humble LD_LIBRARY_PATH=/home/liu/final_assessment/ros_ws/install/armor_interface/lib:${LD_LIBRARY_PATH} PYTHONPATH=/home/liu/final_assessment/ros_ws/install/armor_interface/local/lib/python3.10/dist-packages:${PYTHONPATH} /usr/bin/cmake --build /home/liu/final_assessment/ros_ws/build/pnp_solve -- -j24 -l24
[1.062s] [ 50%] [32mBuilding CXX object CMakeFiles/pnp_solve.dir/src/pnp_solve.cpp.o[0m
[2.109s] [100%] [32m[1mLinking CXX shared library libpnp_solve.so[0m
[2.229s] [100%] Built target pnp_solve
[2.238s] Invoked command in '/home/liu/final_assessment/ros_ws/build/pnp_solve' returned '0': AMENT_PREFIX_PATH=/home/liu/final_assessment/ros_ws/install/armor_interface:${AMENT_PREFIX_PATH} CMAKE_PREFIX_PATH=/home/liu/final_assessment/ros_ws/install/armor_interface:/home/liu/ros2_ws/install/cpp_srvcli:/home/liu/ros2_ws/install/cpp_pubsub:/home/liu/ros2_ws/install/tutorial_interfaces:/home/liu/ros2_ws/install/turtlesim:/home/liu/ros2_ws/install/more_interfaces:/home/liu/ros2_ws/install/rosidl_tutorials_msgs:/home/liu/ros2_ws/install/polygon_plugins:/home/liu/ros2_ws/install/polygon_base:/home/liu/ros2_ws/install/my_package:/home/liu/ros2_ws/install/examples_rclcpp_wait_set:/home/liu/ros2_ws/install/examples_rclcpp_multithreaded_executor:/home/liu/ros2_ws/install/examples_rclcpp_minimal_timer:/home/liu/ros2_ws/install/examples_rclcpp_minimal_subscriber:/home/liu/ros2_ws/install/examples_rclcpp_minimal_service:/home/liu/ros2_ws/install/examples_rclcpp_minimal_publisher:/home/liu/ros2_ws/install/examples_rclcpp_minimal_composition:/home/liu/ros2_ws/install/examples_rclcpp_minimal_client:/home/liu/ros2_ws/install/examples_rclcpp_minimal_action_server:/home/liu/ros2_ws/install/examples_rclcpp_minimal_action_client:/home/liu/ros2_ws/install/examples_rclcpp_cbg_executor:/home/liu/ros2_ws/install/examples_rclcpp_async_client:/home/liu/ros2_ws/install/cpp_parameters:/home/liu/ros2_ws/install/cpp_parameter_event_handler:/home/liu/ros2_ws/install/action_tutorials_cpp:/home/liu/ros2_ws/install/action_tutorials_interfaces:/home/liu/ros2_ws/install/launch_testing_examples:/home/liu/ros2_ws/install/examples_rclpy_pointcloud_publisher:/home/liu/ros2_ws/install/examples_rclpy_minimal_subscriber:/home/liu/ros2_ws/install/examples_rclpy_minimal_service:/home/liu/ros2_ws/install/examples_rclpy_minimal_publisher:/home/liu/ros2_ws/install/examples_rclpy_minimal_client:/home/liu/ros2_ws/install/examples_rclpy_minimal_action_server:/home/liu/ros2_ws/install/examples_rclpy_minimal_action_client:/home/liu/ros2_ws/install/examples_rclpy_guard_conditions:/home/liu/ros2_ws/install/examples_rclpy_executors:/opt/ros/humble LD_LIBRARY_PATH=/home/liu/final_assessment/ros_ws/install/armor_interface/lib:${LD_LIBRARY_PATH} PYTHONPATH=/home/liu/final_assessment/ros_ws/install/armor_interface/local/lib/python3.10/dist-packages:${PYTHONPATH} /usr/bin/cmake --build /home/liu/final_assessment/ros_ws/build/pnp_solve -- -j24 -l24
[2.240s] Invoking command in '/home/liu/final_assessment/ros_ws/build/pnp_solve': AMENT_PREFIX_PATH=/home/liu/final_assessment/ros_ws/install/armor_interface:${AMENT_PREFIX_PATH} CMAKE_PREFIX_PATH=/home/liu/final_assessment/ros_ws/install/armor_interface:/home/liu/ros2_ws/install/cpp_srvcli:/home/liu/ros2_ws/install/cpp_pubsub:/home/liu/ros2_ws/install/tutorial_interfaces:/home/liu/ros2_ws/install/turtlesim:/home/liu/ros2_ws/install/more_interfaces:/home/liu/ros2_ws/install/rosidl_tutorials_msgs:/home/liu/ros2_ws/install/polygon_plugins:/home/liu/ros2_ws/install/polygon_base:/home/liu/ros2_ws/install/my_package:/home/liu/ros2_ws/install/examples_rclcpp_wait_set:/home/liu/ros2_ws/install/examples_rclcpp_multithreaded_executor:/home/liu/ros2_ws/install/examples_rclcpp_minimal_timer:/home/liu/ros2_ws/install/examples_rclcpp_minimal_subscriber:/home/liu/ros2_ws/install/examples_rclcpp_minimal_service:/home/liu/ros2_ws/install/examples_rclcpp_minimal_publisher:/home/liu/ros2_ws/install/examples_rclcpp_minimal_composition:/home/liu/ros2_ws/install/examples_rclcpp_minimal_client:/home/liu/ros2_ws/install/examples_rclcpp_minimal_action_server:/home/liu/ros2_ws/install/examples_rclcpp_minimal_action_client:/home/liu/ros2_ws/install/examples_rclcpp_cbg_executor:/home/liu/ros2_ws/install/examples_rclcpp_async_client:/home/liu/ros2_ws/install/cpp_parameters:/home/liu/ros2_ws/install/cpp_parameter_event_handler:/home/liu/ros2_ws/install/action_tutorials_cpp:/home/liu/ros2_ws/install/action_tutorials_interfaces:/home/liu/ros2_ws/install/launch_testing_examples:/home/liu/ros2_ws/install/examples_rclpy_pointcloud_publisher:/home/liu/ros2_ws/install/examples_rclpy_minimal_subscriber:/home/liu/ros2_ws/install/examples_rclpy_minimal_service:/home/liu/ros2_ws/install/examples_rclpy_minimal_publisher:/home/liu/ros2_ws/install/examples_rclpy_minimal_client:/home/liu/ros2_ws/install/examples_rclpy_minimal_action_server:/home/liu/ros2_ws/install/examples_rclpy_minimal_action_client:/home/liu/ros2_ws/install/examples_rclpy_guard_conditions:/home/liu/ros2_ws/install/examples_rclpy_executors:/opt/ros/humble LD_LIBRARY_PATH=/home/liu/final_assessment/ros_ws/install/armor_interface/lib:${LD_LIBRARY_PATH} PYTHONPATH=/home/liu/final_assessment/ros_ws/install/armor_interface/local/lib/python3.10/dist-packages:${PYTHONPATH} /usr/bin/cmake --install /home/liu/final_assessment/ros_ws/build/pnp_solve
[2.246s] -- Install configuration: ""
[2.247s] -- Installing: /home/liu/final_assessment/ros_ws/install/pnp_solve/share/pnp_solve/environment/library_path.sh
[2.247s] -- Installing: /home/liu/final_assessment/ros_ws/install/pnp_solve/share/pnp_solve/environment/library_path.dsv
[2.247s] -- Installing: /home/liu/final_assessment/ros_ws/install/pnp_solve/lib/libpnp_solve.so
[2.247s] -- Set runtime path of "/home/liu/final_assessment/ros_ws/install/pnp_solve/lib/libpnp_solve.so" to ""
[2.247s] -- Installing: /home/liu/final_assessment/ros_ws/install/pnp_solve/include
[2.247s] -- Installing: /home/liu/final_assessment/ros_ws/install/pnp_solve/include/pnp_solve
[2.247s] -- Installing: /home/liu/final_assessment/ros_ws/install/pnp_solve/include/pnp_solve/pnp_solve.hpp
[2.247s] -- Installing: /home/liu/final_assessment/ros_ws/install/pnp_solve/share/ament_index/resource_index/package_run_dependencies/pnp_solve
[2.247s] -- Installing: /home/liu/final_assessment/ros_ws/install/pnp_solve/share/ament_index/resource_index/parent_prefix_path/pnp_solve
[2.247s] -- Installing: /home/liu/final_assessment/ros_ws/install/pnp_solve/share/pnp_solve/environment/ament_prefix_path.sh
[2.247s] -- Installing: /home/liu/final_assessment/ros_ws/install/pnp_solve/share/pnp_solve/environment/ament_prefix_path.dsv
[2.247s] -- Installing: /home/liu/final_assessment/ros_ws/install/pnp_solve/share/pnp_solve/environment/path.sh
[2.247s] -- Installing: /home/liu/final_assessment/ros_ws/install/pnp_solve/share/pnp_solve/environment/path.dsv
[2.247s] -- Installing: /home/liu/final_assessment/ros_ws/install/pnp_solve/share/pnp_solve/local_setup.bash
[2.247s] -- Installing: /home/liu/final_assessment/ros_ws/install/pnp_solve/share/pnp_solve/local_setup.sh
[2.247s] -- Installing: /home/liu/final_assessment/ros_ws/install/pnp_solve/share/pnp_solve/local_setup.zsh
[2.247s] -- Installing: /home/liu/final_assessment/ros_ws/install/pnp_solve/share/pnp_solve/local_setup.dsv
[2.247s] -- Installing: /home/liu/final_assessment/ros_ws/install/pnp_solve/share/pnp_solve/package.dsv
[2.247s] -- Installing: /home/liu/final_assessment/ros_ws/install/pnp_solve/share/ament_index/resource_index/packages/pnp_solve
[2.247s] -- Installing: /home/liu/final_assessment/ros_ws/install/pnp_solve/share/pnp_solve/cmake/export_pnp_solveExport.cmake
[2.247s] -- Installing: /home/liu/final_assessment/ros_ws/install/pnp_solve/share/pnp_solve/cmake/export_pnp_solveExport-noconfig.cmake
[2.247s] -- Installing: /home/liu/final_assessment/ros_ws/install/pnp_solve/share/pnp_solve/cmake/ament_cmake_export_targets-extras.cmake
[2.247s] -- Installing: /home/liu/final_assessment/ros_ws/install/pnp_solve/share/pnp_solve/cmake/ament_cmake_export_dependencies-extras.cmake
[2.247s] -- Installing: /home/liu/final_assessment/ros_ws/install/pnp_solve/share/pnp_solve/cmake/pnp_solveConfig.cmake
[2.247s] -- Installing: /home/liu/final_assessment/ros_ws/install/pnp_solve/share/pnp_solve/cmake/pnp_solveConfig-version.cmake
[2.247s] -- Installing: /home/liu/final_assessment/ros_ws/install/pnp_solve/share/pnp_solve/package.xml
[2.248s] Invoked command in '/home/liu/final_assessment/ros_ws/build/pnp_solve' returned '0': AMENT_PREFIX_PATH=/home/liu/final_assessment/ros_ws/install/armor_interface:${AMENT_PREFIX_PATH} CMAKE_PREFIX_PATH=/home/liu/final_assessment/ros_ws/install/armor_interface:/home/liu/ros2_ws/install/cpp_srvcli:/home/liu/ros2_ws/install/cpp_pubsub:/home/liu/ros2_ws/install/tutorial_interfaces:/home/liu/ros2_ws/install/turtlesim:/home/liu/ros2_ws/install/more_interfaces:/home/liu/ros2_ws/install/rosidl_tutorials_msgs:/home/liu/ros2_ws/install/polygon_plugins:/home/liu/ros2_ws/install/polygon_base:/home/liu/ros2_ws/install/my_package:/home/liu/ros2_ws/install/examples_rclcpp_wait_set:/home/liu/ros2_ws/install/examples_rclcpp_multithreaded_executor:/home/liu/ros2_ws/install/examples_rclcpp_minimal_timer:/home/liu/ros2_ws/install/examples_rclcpp_minimal_subscriber:/home/liu/ros2_ws/install/examples_rclcpp_minimal_service:/home/liu/ros2_ws/install/examples_rclcpp_minimal_publisher:/home/liu/ros2_ws/install/examples_rclcpp_minimal_composition:/home/liu/ros2_ws/install/examples_rclcpp_minimal_client:/home/liu/ros2_ws/install/examples_rclcpp_minimal_action_server:/home/liu/ros2_ws/install/examples_rclcpp_minimal_action_client:/home/liu/ros2_ws/install/examples_rclcpp_cbg_executor:/home/liu/ros2_ws/install/examples_rclcpp_async_client:/home/liu/ros2_ws/install/cpp_parameters:/home/liu/ros2_ws/install/cpp_parameter_event_handler:/home/liu/ros2_ws/install/action_tutorials_cpp:/home/liu/ros2_ws/install/action_tutorials_interfaces:/home/liu/ros2_ws/install/launch_testing_examples:/home/liu/ros2_ws/install/examples_rclpy_pointcloud_publisher:/home/liu/ros2_ws/install/examples_rclpy_minimal_subscriber:/home/liu/ros2_ws/install/examples_rclpy_minimal_service:/home/liu/ros2_ws/install/examples_rclpy_minimal_publisher:/home/liu/ros2_ws/install/examples_rclpy_minimal_client:/home/liu/ros2_ws/install/examples_rclpy_minimal_action_server:/home/liu/ros2_ws/install/examples_rclpy_minimal_action_client:/home/liu/ros2_ws/install/examples_rclpy_guard_conditions:/home/liu/ros2_ws/install/examples_rclpy_executors:/opt/ros/humble LD_LIBRARY_PATH=/home/liu/final_assessment/ros_ws/install/armor_interface/lib:${LD_LIBRARY_PATH} PYTHONPATH=/home/liu/final_assessment/ros_ws/install/armor_interface/local/lib/python3.10/dist-packages:${PYTHONPATH} /usr/bin/cmake --install /home/liu/final_assessment/ros_ws/build/pnp_solve
