-- Found ament_cmake: 1.3.12 (/opt/ros/humble/share/ament_cmake/cmake)
-- Found rosidl_default_generators: 1.2.0 (/opt/ros/humble/share/rosidl_default_generators/cmake)
-- Using all available rosidl_typesupport_c: rosidl_typesupport_fastrtps_c;rosidl_typesupport_introspection_c
-- Found rosidl_adapter: 3.1.7 (/opt/ros/humble/share/rosidl_adapter/cmake)
-- Using all available rosidl_typesupport_cpp: rosidl_typesupport_fastrtps_cpp;rosidl_typesupport_introspection_cpp
-- Found ament_cmake_ros: 0.10.0 (/opt/ros/humble/share/ament_cmake_ros/cmake)
-- Using all available rosidl_typesupport_c: rosidl_typesupport_fastrtps_c;rosidl_typesupport_introspection_c
-- Using all available rosidl_typesupport_cpp: rosidl_typesupport_fastrtps_cpp;rosidl_typesupport_introspection_cpp
-- Found python_cmake_module: 0.10.0 (/opt/ros/humble/share/python_cmake_module/cmake)
-- Using PYTHON_EXECUTABLE: /usr/bin/python3
-- Using PYTHON_INCLUDE_DIRS: /usr/include/python3.10
-- Using PYTHON_LIBRARIES: /usr/lib/x86_64-linux-gnu/libpython3.10.so
-- Configuring done
-- Generating done
-- Build files have been written to: /home/liu/final_assessment/ros_ws/build/armor_interface
[35m[1mConsolidate compiler generated dependencies of target armor_interface__rosidl_generator_c[0m
[ 10%] Built target armor_interface__rosidl_generator_c
[ 12%] Built target armor_interface__cpp
[35m[1mConsolidate compiler generated dependencies of target armor_interface__rosidl_typesupport_introspection_c[0m
[35m[1mConsolidate compiler generated dependencies of target armor_interface__rosidl_typesupport_fastrtps_c[0m
[ 12%] Built target ament_cmake_python_copy_armor_interface
[35m[1mConsolidate compiler generated dependencies of target armor_interface__rosidl_typesupport_introspection_cpp[0m
[35m[1mConsolidate compiler generated dependencies of target armor_interface__rosidl_typesupport_c[0m
[35m[1mConsolidate compiler generated dependencies of target armor_interface__rosidl_typesupport_fastrtps_cpp[0m
[ 23%] Built target armor_interface__rosidl_typesupport_introspection_c
[35m[1mConsolidate compiler generated dependencies of target armor_interface__rosidl_typesupport_cpp[0m
[ 33%] Built target armor_interface__rosidl_typesupport_fastrtps_c
[ 43%] Built target armor_interface__rosidl_typesupport_introspection_cpp
[ 53%] Built target armor_interface__rosidl_typesupport_c
[ 64%] Built target armor_interface__rosidl_typesupport_fastrtps_cpp
[ 74%] Built target armor_interface__rosidl_typesupport_cpp
[ 74%] Built target armor_interface
[ 76%] Built target armor_interface__py
[35m[1mConsolidate compiler generated dependencies of target armor_interface__rosidl_generator_py[0m
[ 84%] Built target armor_interface__rosidl_generator_py
[35m[1mConsolidate compiler generated dependencies of target armor_interface__rosidl_typesupport_introspection_c__pyext[0m
[35m[1mConsolidate compiler generated dependencies of target armor_interface__rosidl_typesupport_c__pyext[0m
[35m[1mConsolidate compiler generated dependencies of target armor_interface__rosidl_typesupport_fastrtps_c__pyext[0m
[ 89%] Built target armor_interface__rosidl_typesupport_introspection_c__pyext
[ 94%] Built target armor_interface__rosidl_typesupport_c__pyext
[100%] Built target armor_interface__rosidl_typesupport_fastrtps_c__pyext
running egg_info
writing armor_interface.egg-info/PKG-INFO
writing dependency_links to armor_interface.egg-info/dependency_links.txt
writing top-level names to armor_interface.egg-info/top_level.txt
reading manifest file 'armor_interface.egg-info/SOURCES.txt'
writing manifest file 'armor_interface.egg-info/SOURCES.txt'
[100%] Built target ament_cmake_python_build_armor_interface_egg
-- Install configuration: ""
-- Up-to-date: /home/liu/final_assessment/ros_ws/install/armor_interface/share/ament_index/resource_index/rosidl_interfaces/armor_interface
-- Up-to-date: /home/liu/final_assessment/ros_ws/install/armor_interface/include/armor_interface/armor_interface
-- Up-to-date: /home/liu/final_assessment/ros_ws/install/armor_interface/include/armor_interface/armor_interface/msg
-- Up-to-date: /home/liu/final_assessment/ros_ws/install/armor_interface/include/armor_interface/armor_interface/msg/detail
-- Up-to-date: /home/liu/final_assessment/ros_ws/install/armor_interface/include/armor_interface/armor_interface/msg/detail/armor_points__functions.h
-- Up-to-date: /home/liu/final_assessment/ros_ws/install/armor_interface/include/armor_interface/armor_interface/msg/detail/armor_pose__struct.h
-- Up-to-date: /home/liu/final_assessment/ros_ws/install/armor_interface/include/armor_interface/armor_interface/msg/detail/armor_pose__type_support.h
-- Up-to-date: /home/liu/final_assessment/ros_ws/install/armor_interface/include/armor_interface/armor_interface/msg/detail/armor_pose__functions.h
-- Up-to-date: /home/liu/final_assessment/ros_ws/install/armor_interface/include/armor_interface/armor_interface/msg/detail/armor_points__type_support.h
-- Up-to-date: /home/liu/final_assessment/ros_ws/install/armor_interface/include/armor_interface/armor_interface/msg/detail/armor_points__struct.h
-- Up-to-date: /home/liu/final_assessment/ros_ws/install/armor_interface/include/armor_interface/armor_interface/msg/detail/armor_points__functions.c
-- Up-to-date: /home/liu/final_assessment/ros_ws/install/armor_interface/include/armor_interface/armor_interface/msg/detail/armor_pose__functions.c
-- Up-to-date: /home/liu/final_assessment/ros_ws/install/armor_interface/include/armor_interface/armor_interface/msg/armor_pose.h
-- Up-to-date: /home/liu/final_assessment/ros_ws/install/armor_interface/include/armor_interface/armor_interface/msg/rosidl_generator_c__visibility_control.h
-- Up-to-date: /home/liu/final_assessment/ros_ws/install/armor_interface/include/armor_interface/armor_interface/msg/armor_points.h
-- Up-to-date: /home/liu/final_assessment/ros_ws/install/armor_interface/share/armor_interface/environment/library_path.sh
-- Installing: /home/liu/final_assessment/ros_ws/install/armor_interface/share/armor_interface/environment/library_path.dsv
-- Up-to-date: /home/liu/final_assessment/ros_ws/install/armor_interface/lib/libarmor_interface__rosidl_generator_c.so
-- Up-to-date: /home/liu/final_assessment/ros_ws/install/armor_interface/include/armor_interface/armor_interface
-- Up-to-date: /home/liu/final_assessment/ros_ws/install/armor_interface/include/armor_interface/armor_interface/msg
-- Up-to-date: /home/liu/final_assessment/ros_ws/install/armor_interface/include/armor_interface/armor_interface/msg/detail
-- Up-to-date: /home/liu/final_assessment/ros_ws/install/armor_interface/include/armor_interface/armor_interface/msg/detail/armor_pose__rosidl_typesupport_fastrtps_c.h
-- Up-to-date: /home/liu/final_assessment/ros_ws/install/armor_interface/include/armor_interface/armor_interface/msg/detail/armor_points__rosidl_typesupport_fastrtps_c.h
-- Up-to-date: /home/liu/final_assessment/ros_ws/install/armor_interface/include/armor_interface/armor_interface/msg/rosidl_typesupport_fastrtps_c__visibility_control.h
-- Up-to-date: /home/liu/final_assessment/ros_ws/install/armor_interface/lib/libarmor_interface__rosidl_typesupport_fastrtps_c.so
-- Up-to-date: /home/liu/final_assessment/ros_ws/install/armor_interface/include/armor_interface/armor_interface
-- Up-to-date: /home/liu/final_assessment/ros_ws/install/armor_interface/include/armor_interface/armor_interface/msg
-- Up-to-date: /home/liu/final_assessment/ros_ws/install/armor_interface/include/armor_interface/armor_interface/msg/detail
-- Up-to-date: /home/liu/final_assessment/ros_ws/install/armor_interface/include/armor_interface/armor_interface/msg/detail/armor_pose__rosidl_typesupport_introspection_c.h
-- Up-to-date: /home/liu/final_assessment/ros_ws/install/armor_interface/include/armor_interface/armor_interface/msg/detail/armor_pose__type_support.c
-- Up-to-date: /home/liu/final_assessment/ros_ws/install/armor_interface/include/armor_interface/armor_interface/msg/detail/armor_points__rosidl_typesupport_introspection_c.h
-- Up-to-date: /home/liu/final_assessment/ros_ws/install/armor_interface/include/armor_interface/armor_interface/msg/detail/armor_points__type_support.c
-- Up-to-date: /home/liu/final_assessment/ros_ws/install/armor_interface/include/armor_interface/armor_interface/msg/rosidl_typesupport_introspection_c__visibility_control.h
-- Up-to-date: /home/liu/final_assessment/ros_ws/install/armor_interface/lib/libarmor_interface__rosidl_typesupport_introspection_c.so
-- Up-to-date: /home/liu/final_assessment/ros_ws/install/armor_interface/lib/libarmor_interface__rosidl_typesupport_c.so
-- Up-to-date: /home/liu/final_assessment/ros_ws/install/armor_interface/include/armor_interface/armor_interface
-- Up-to-date: /home/liu/final_assessment/ros_ws/install/armor_interface/include/armor_interface/armor_interface/msg
-- Up-to-date: /home/liu/final_assessment/ros_ws/install/armor_interface/include/armor_interface/armor_interface/msg/detail
-- Up-to-date: /home/liu/final_assessment/ros_ws/install/armor_interface/include/armor_interface/armor_interface/msg/detail/armor_pose__type_support.hpp
-- Up-to-date: /home/liu/final_assessment/ros_ws/install/armor_interface/include/armor_interface/armor_interface/msg/detail/armor_pose__builder.hpp
-- Up-to-date: /home/liu/final_assessment/ros_ws/install/armor_interface/include/armor_interface/armor_interface/msg/detail/armor_pose__struct.hpp
-- Up-to-date: /home/liu/final_assessment/ros_ws/install/armor_interface/include/armor_interface/armor_interface/msg/detail/armor_points__traits.hpp
-- Up-to-date: /home/liu/final_assessment/ros_ws/install/armor_interface/include/armor_interface/armor_interface/msg/detail/armor_pose__traits.hpp
-- Up-to-date: /home/liu/final_assessment/ros_ws/install/armor_interface/include/armor_interface/armor_interface/msg/detail/armor_points__builder.hpp
-- Up-to-date: /home/liu/final_assessment/ros_ws/install/armor_interface/include/armor_interface/armor_interface/msg/detail/armor_points__type_support.hpp
-- Up-to-date: /home/liu/final_assessment/ros_ws/install/armor_interface/include/armor_interface/armor_interface/msg/detail/armor_points__struct.hpp
-- Up-to-date: /home/liu/final_assessment/ros_ws/install/armor_interface/include/armor_interface/armor_interface/msg/armor_pose.hpp
-- Up-to-date: /home/liu/final_assessment/ros_ws/install/armor_interface/include/armor_interface/armor_interface/msg/armor_points.hpp
-- Up-to-date: /home/liu/final_assessment/ros_ws/install/armor_interface/include/armor_interface/armor_interface/msg/rosidl_generator_cpp__visibility_control.hpp
-- Up-to-date: /home/liu/final_assessment/ros_ws/install/armor_interface/include/armor_interface/armor_interface
-- Up-to-date: /home/liu/final_assessment/ros_ws/install/armor_interface/include/armor_interface/armor_interface/msg
-- Up-to-date: /home/liu/final_assessment/ros_ws/install/armor_interface/include/armor_interface/armor_interface/msg/detail
-- Up-to-date: /home/liu/final_assessment/ros_ws/install/armor_interface/include/armor_interface/armor_interface/msg/detail/armor_points__rosidl_typesupport_fastrtps_cpp.hpp
-- Up-to-date: /home/liu/final_assessment/ros_ws/install/armor_interface/include/armor_interface/armor_interface/msg/detail/armor_pose__rosidl_typesupport_fastrtps_cpp.hpp
-- Up-to-date: /home/liu/final_assessment/ros_ws/install/armor_interface/include/armor_interface/armor_interface/msg/detail/dds_fastrtps
-- Up-to-date: /home/liu/final_assessment/ros_ws/install/armor_interface/include/armor_interface/armor_interface/msg/rosidl_typesupport_fastrtps_cpp__visibility_control.h
-- Up-to-date: /home/liu/final_assessment/ros_ws/install/armor_interface/lib/libarmor_interface__rosidl_typesupport_fastrtps_cpp.so
-- Up-to-date: /home/liu/final_assessment/ros_ws/install/armor_interface/include/armor_interface/armor_interface
-- Up-to-date: /home/liu/final_assessment/ros_ws/install/armor_interface/include/armor_interface/armor_interface/msg
-- Up-to-date: /home/liu/final_assessment/ros_ws/install/armor_interface/include/armor_interface/armor_interface/msg/detail
-- Up-to-date: /home/liu/final_assessment/ros_ws/install/armor_interface/include/armor_interface/armor_interface/msg/detail/armor_points__rosidl_typesupport_introspection_cpp.hpp
-- Up-to-date: /home/liu/final_assessment/ros_ws/install/armor_interface/include/armor_interface/armor_interface/msg/detail/armor_pose__type_support.cpp
-- Up-to-date: /home/liu/final_assessment/ros_ws/install/armor_interface/include/armor_interface/armor_interface/msg/detail/armor_pose__rosidl_typesupport_introspection_cpp.hpp
-- Up-to-date: /home/liu/final_assessment/ros_ws/install/armor_interface/include/armor_interface/armor_interface/msg/detail/armor_points__type_support.cpp
-- Up-to-date: /home/liu/final_assessment/ros_ws/install/armor_interface/lib/libarmor_interface__rosidl_typesupport_introspection_cpp.so
-- Up-to-date: /home/liu/final_assessment/ros_ws/install/armor_interface/lib/libarmor_interface__rosidl_typesupport_cpp.so
-- Up-to-date: /home/liu/final_assessment/ros_ws/install/armor_interface/share/armor_interface/environment/pythonpath.sh
-- Installing: /home/liu/final_assessment/ros_ws/install/armor_interface/share/armor_interface/environment/pythonpath.dsv
-- Up-to-date: /home/liu/final_assessment/ros_ws/install/armor_interface/local/lib/python3.10/dist-packages/armor_interface-0.0.1-py3.10.egg-info
-- Installing: /home/liu/final_assessment/ros_ws/install/armor_interface/local/lib/python3.10/dist-packages/armor_interface-0.0.1-py3.10.egg-info/PKG-INFO
-- Installing: /home/liu/final_assessment/ros_ws/install/armor_interface/local/lib/python3.10/dist-packages/armor_interface-0.0.1-py3.10.egg-info/SOURCES.txt
-- Installing: /home/liu/final_assessment/ros_ws/install/armor_interface/local/lib/python3.10/dist-packages/armor_interface-0.0.1-py3.10.egg-info/dependency_links.txt
-- Installing: /home/liu/final_assessment/ros_ws/install/armor_interface/local/lib/python3.10/dist-packages/armor_interface-0.0.1-py3.10.egg-info/top_level.txt
-- Up-to-date: /home/liu/final_assessment/ros_ws/install/armor_interface/local/lib/python3.10/dist-packages/armor_interface
-- Up-to-date: /home/liu/final_assessment/ros_ws/install/armor_interface/local/lib/python3.10/dist-packages/armor_interface/libarmor_interface__rosidl_generator_py.so
-- Installing: /home/liu/final_assessment/ros_ws/install/armor_interface/local/lib/python3.10/dist-packages/armor_interface/__init__.py
-- Up-to-date: /home/liu/final_assessment/ros_ws/install/armor_interface/local/lib/python3.10/dist-packages/armor_interface/armor_interface_s__rosidl_typesupport_introspection_c.cpython-310-x86_64-linux-gnu.so
-- Up-to-date: /home/liu/final_assessment/ros_ws/install/armor_interface/local/lib/python3.10/dist-packages/armor_interface/_armor_interface_s.ep.rosidl_typesupport_fastrtps_c.c
-- Up-to-date: /home/liu/final_assessment/ros_ws/install/armor_interface/local/lib/python3.10/dist-packages/armor_interface/armor_interface_s__rosidl_typesupport_c.cpython-310-x86_64-linux-gnu.so
-- Up-to-date: /home/liu/final_assessment/ros_ws/install/armor_interface/local/lib/python3.10/dist-packages/armor_interface/_armor_interface_s.ep.rosidl_typesupport_c.c
-- Up-to-date: /home/liu/final_assessment/ros_ws/install/armor_interface/local/lib/python3.10/dist-packages/armor_interface/msg
-- Up-to-date: /home/liu/final_assessment/ros_ws/install/armor_interface/local/lib/python3.10/dist-packages/armor_interface/msg/_armor_pose.py
-- Up-to-date: /home/liu/final_assessment/ros_ws/install/armor_interface/local/lib/python3.10/dist-packages/armor_interface/msg/_armor_points.py
-- Up-to-date: /home/liu/final_assessment/ros_ws/install/armor_interface/local/lib/python3.10/dist-packages/armor_interface/msg/__init__.py
-- Up-to-date: /home/liu/final_assessment/ros_ws/install/armor_interface/local/lib/python3.10/dist-packages/armor_interface/msg/_armor_points_s.c
-- Up-to-date: /home/liu/final_assessment/ros_ws/install/armor_interface/local/lib/python3.10/dist-packages/armor_interface/msg/_armor_pose_s.c
-- Up-to-date: /home/liu/final_assessment/ros_ws/install/armor_interface/local/lib/python3.10/dist-packages/armor_interface/armor_interface_s__rosidl_typesupport_fastrtps_c.cpython-310-x86_64-linux-gnu.so
-- Up-to-date: /home/liu/final_assessment/ros_ws/install/armor_interface/local/lib/python3.10/dist-packages/armor_interface/_armor_interface_s.ep.rosidl_typesupport_introspection_c.c
Listing '/home/liu/final_assessment/ros_ws/install/armor_interface/local/lib/python3.10/dist-packages/armor_interface'...
Compiling '/home/liu/final_assessment/ros_ws/install/armor_interface/local/lib/python3.10/dist-packages/armor_interface/__init__.py'...
Listing '/home/liu/final_assessment/ros_ws/install/armor_interface/local/lib/python3.10/dist-packages/armor_interface/msg'...
-- Up-to-date: /home/liu/final_assessment/ros_ws/install/armor_interface/local/lib/python3.10/dist-packages/armor_interface/armor_interface_s__rosidl_typesupport_fastrtps_c.cpython-310-x86_64-linux-gnu.so
-- Up-to-date: /home/liu/final_assessment/ros_ws/install/armor_interface/local/lib/python3.10/dist-packages/armor_interface/armor_interface_s__rosidl_typesupport_introspection_c.cpython-310-x86_64-linux-gnu.so
-- Up-to-date: /home/liu/final_assessment/ros_ws/install/armor_interface/local/lib/python3.10/dist-packages/armor_interface/armor_interface_s__rosidl_typesupport_c.cpython-310-x86_64-linux-gnu.so
-- Up-to-date: /home/liu/final_assessment/ros_ws/install/armor_interface/lib/libarmor_interface__rosidl_generator_py.so
-- Up-to-date: /home/liu/final_assessment/ros_ws/install/armor_interface/share/armor_interface/msg/ArmorPose.idl
-- Up-to-date: /home/liu/final_assessment/ros_ws/install/armor_interface/share/armor_interface/msg/ArmorPoints.idl
-- Up-to-date: /home/liu/final_assessment/ros_ws/install/armor_interface/share/armor_interface/msg/ArmorPose.msg
-- Up-to-date: /home/liu/final_assessment/ros_ws/install/armor_interface/share/armor_interface/msg/ArmorPoints.msg
-- Up-to-date: /home/liu/final_assessment/ros_ws/install/armor_interface/share/ament_index/resource_index/package_run_dependencies/armor_interface
-- Up-to-date: /home/liu/final_assessment/ros_ws/install/armor_interface/share/ament_index/resource_index/parent_prefix_path/armor_interface
-- Up-to-date: /home/liu/final_assessment/ros_ws/install/armor_interface/share/armor_interface/environment/ament_prefix_path.sh
-- Installing: /home/liu/final_assessment/ros_ws/install/armor_interface/share/armor_interface/environment/ament_prefix_path.dsv
-- Up-to-date: /home/liu/final_assessment/ros_ws/install/armor_interface/share/armor_interface/environment/path.sh
-- Installing: /home/liu/final_assessment/ros_ws/install/armor_interface/share/armor_interface/environment/path.dsv
-- Up-to-date: /home/liu/final_assessment/ros_ws/install/armor_interface/share/armor_interface/local_setup.bash
-- Up-to-date: /home/liu/final_assessment/ros_ws/install/armor_interface/share/armor_interface/local_setup.sh
-- Up-to-date: /home/liu/final_assessment/ros_ws/install/armor_interface/share/armor_interface/local_setup.zsh
-- Installing: /home/liu/final_assessment/ros_ws/install/armor_interface/share/armor_interface/local_setup.dsv
-- Installing: /home/liu/final_assessment/ros_ws/install/armor_interface/share/armor_interface/package.dsv
-- Up-to-date: /home/liu/final_assessment/ros_ws/install/armor_interface/share/ament_index/resource_index/packages/armor_interface
-- Up-to-date: /home/liu/final_assessment/ros_ws/install/armor_interface/share/armor_interface/cmake/export_armor_interface__rosidl_generator_cExport.cmake
-- Up-to-date: /home/liu/final_assessment/ros_ws/install/armor_interface/share/armor_interface/cmake/export_armor_interface__rosidl_generator_cExport-noconfig.cmake
-- Up-to-date: /home/liu/final_assessment/ros_ws/install/armor_interface/share/armor_interface/cmake/export_armor_interface__rosidl_typesupport_fastrtps_cExport.cmake
-- Up-to-date: /home/liu/final_assessment/ros_ws/install/armor_interface/share/armor_interface/cmake/export_armor_interface__rosidl_typesupport_fastrtps_cExport-noconfig.cmake
-- Up-to-date: /home/liu/final_assessment/ros_ws/install/armor_interface/share/armor_interface/cmake/armor_interface__rosidl_typesupport_introspection_cExport.cmake
-- Up-to-date: /home/liu/final_assessment/ros_ws/install/armor_interface/share/armor_interface/cmake/armor_interface__rosidl_typesupport_introspection_cExport-noconfig.cmake
-- Up-to-date: /home/liu/final_assessment/ros_ws/install/armor_interface/share/armor_interface/cmake/armor_interface__rosidl_typesupport_cExport.cmake
-- Up-to-date: /home/liu/final_assessment/ros_ws/install/armor_interface/share/armor_interface/cmake/armor_interface__rosidl_typesupport_cExport-noconfig.cmake
-- Up-to-date: /home/liu/final_assessment/ros_ws/install/armor_interface/share/armor_interface/cmake/export_armor_interface__rosidl_generator_cppExport.cmake
-- Up-to-date: /home/liu/final_assessment/ros_ws/install/armor_interface/share/armor_interface/cmake/export_armor_interface__rosidl_typesupport_fastrtps_cppExport.cmake
-- Up-to-date: /home/liu/final_assessment/ros_ws/install/armor_interface/share/armor_interface/cmake/export_armor_interface__rosidl_typesupport_fastrtps_cppExport-noconfig.cmake
-- Up-to-date: /home/liu/final_assessment/ros_ws/install/armor_interface/share/armor_interface/cmake/armor_interface__rosidl_typesupport_introspection_cppExport.cmake
-- Up-to-date: /home/liu/final_assessment/ros_ws/install/armor_interface/share/armor_interface/cmake/armor_interface__rosidl_typesupport_introspection_cppExport-noconfig.cmake
-- Up-to-date: /home/liu/final_assessment/ros_ws/install/armor_interface/share/armor_interface/cmake/armor_interface__rosidl_typesupport_cppExport.cmake
-- Up-to-date: /home/liu/final_assessment/ros_ws/install/armor_interface/share/armor_interface/cmake/armor_interface__rosidl_typesupport_cppExport-noconfig.cmake
-- Up-to-date: /home/liu/final_assessment/ros_ws/install/armor_interface/share/armor_interface/cmake/export_armor_interface__rosidl_generator_pyExport.cmake
-- Up-to-date: /home/liu/final_assessment/ros_ws/install/armor_interface/share/armor_interface/cmake/export_armor_interface__rosidl_generator_pyExport-noconfig.cmake
-- Up-to-date: /home/liu/final_assessment/ros_ws/install/armor_interface/share/armor_interface/cmake/rosidl_cmake-extras.cmake
-- Up-to-date: /home/liu/final_assessment/ros_ws/install/armor_interface/share/armor_interface/cmake/ament_cmake_export_include_directories-extras.cmake
-- Up-to-date: /home/liu/final_assessment/ros_ws/install/armor_interface/share/armor_interface/cmake/ament_cmake_export_libraries-extras.cmake
-- Up-to-date: /home/liu/final_assessment/ros_ws/install/armor_interface/share/armor_interface/cmake/ament_cmake_export_targets-extras.cmake
-- Up-to-date: /home/liu/final_assessment/ros_ws/install/armor_interface/share/armor_interface/cmake/rosidl_cmake_export_typesupport_targets-extras.cmake
-- Up-to-date: /home/liu/final_assessment/ros_ws/install/armor_interface/share/armor_interface/cmake/ament_cmake_export_dependencies-extras.cmake
-- Up-to-date: /home/liu/final_assessment/ros_ws/install/armor_interface/share/armor_interface/cmake/rosidl_cmake_export_typesupport_libraries-extras.cmake
-- Up-to-date: /home/liu/final_assessment/ros_ws/install/armor_interface/share/armor_interface/cmake/armor_interfaceConfig.cmake
-- Up-to-date: /home/liu/final_assessment/ros_ws/install/armor_interface/share/armor_interface/cmake/armor_interfaceConfig-version.cmake
-- Up-to-date: /home/liu/final_assessment/ros_ws/install/armor_interface/share/armor_interface/package.xml
