[0.022s] Invoking command in '/home/liu/final_assessment/ros_ws/build/armor_interface': CMAKE_PREFIX_PATH=${CMAKE_PREFIX_PATH}:/home/liu/ros2_ws/install/launch_testing_examples:/home/liu/ros2_ws/install/examples_rclpy_pointcloud_publisher:/home/liu/ros2_ws/install/examples_rclpy_minimal_subscriber:/home/liu/ros2_ws/install/examples_rclpy_minimal_service:/home/liu/ros2_ws/install/examples_rclpy_minimal_publisher:/home/liu/ros2_ws/install/examples_rclpy_minimal_client:/home/liu/ros2_ws/install/examples_rclpy_minimal_action_server:/home/liu/ros2_ws/install/examples_rclpy_minimal_action_client:/home/liu/ros2_ws/install/examples_rclpy_guard_conditions:/home/liu/ros2_ws/install/examples_rclpy_executors:/opt/ros/humble /usr/bin/cmake /home/liu/final_assessment/ros_ws/src/armor_interface -DCMAKE_EXPORT_COMPILE_COMMANDS=ON -DCMAKE_INSTALL_PREFIX=/home/liu/final_assessment/ros_ws/install/armor_interface
[0.217s] -- Found ament_cmake: 1.3.12 (/opt/ros/humble/share/ament_cmake/cmake)
[0.218s] -- Found rosidl_default_generators: 1.2.0 (/opt/ros/humble/share/rosidl_default_generators/cmake)
[0.218s] -- Using all available rosidl_typesupport_c: rosidl_typesupport_fastrtps_c;rosidl_typesupport_introspection_c
[0.218s] -- Found rosidl_adapter: 3.1.7 (/opt/ros/humble/share/rosidl_adapter/cmake)
[0.218s] -- Using all available rosidl_typesupport_cpp: rosidl_typesupport_fastrtps_cpp;rosidl_typesupport_introspection_cpp
[0.387s] -- Found ament_cmake_ros: 0.10.0 (/opt/ros/humble/share/ament_cmake_ros/cmake)
[0.543s] -- Using all available rosidl_typesupport_c: rosidl_typesupport_fastrtps_c;rosidl_typesupport_introspection_c
[0.745s] -- Using all available rosidl_typesupport_cpp: rosidl_typesupport_fastrtps_cpp;rosidl_typesupport_introspection_cpp
[0.768s] -- Found python_cmake_module: 0.10.0 (/opt/ros/humble/share/python_cmake_module/cmake)
[0.792s] -- Using PYTHON_EXECUTABLE: /usr/bin/python3
[0.792s] -- Using PYTHON_INCLUDE_DIRS: /usr/include/python3.10
[0.792s] -- Using PYTHON_LIBRARIES: /usr/lib/x86_64-linux-gnu/libpython3.10.so
[0.813s] -- Configuring done
[0.832s] -- Generating done
[0.842s] -- Build files have been written to: /home/liu/final_assessment/ros_ws/build/armor_interface
[0.846s] Invoked command in '/home/liu/final_assessment/ros_ws/build/armor_interface' returned '0': CMAKE_PREFIX_PATH=${CMAKE_PREFIX_PATH}:/home/liu/ros2_ws/install/launch_testing_examples:/home/liu/ros2_ws/install/examples_rclpy_pointcloud_publisher:/home/liu/ros2_ws/install/examples_rclpy_minimal_subscriber:/home/liu/ros2_ws/install/examples_rclpy_minimal_service:/home/liu/ros2_ws/install/examples_rclpy_minimal_publisher:/home/liu/ros2_ws/install/examples_rclpy_minimal_client:/home/liu/ros2_ws/install/examples_rclpy_minimal_action_server:/home/liu/ros2_ws/install/examples_rclpy_minimal_action_client:/home/liu/ros2_ws/install/examples_rclpy_guard_conditions:/home/liu/ros2_ws/install/examples_rclpy_executors:/opt/ros/humble /usr/bin/cmake /home/liu/final_assessment/ros_ws/src/armor_interface -DCMAKE_EXPORT_COMPILE_COMMANDS=ON -DCMAKE_INSTALL_PREFIX=/home/liu/final_assessment/ros_ws/install/armor_interface
[0.846s] Invoking command in '/home/liu/final_assessment/ros_ws/build/armor_interface': CMAKE_PREFIX_PATH=${CMAKE_PREFIX_PATH}:/home/liu/ros2_ws/install/launch_testing_examples:/home/liu/ros2_ws/install/examples_rclpy_pointcloud_publisher:/home/liu/ros2_ws/install/examples_rclpy_minimal_subscriber:/home/liu/ros2_ws/install/examples_rclpy_minimal_service:/home/liu/ros2_ws/install/examples_rclpy_minimal_publisher:/home/liu/ros2_ws/install/examples_rclpy_minimal_client:/home/liu/ros2_ws/install/examples_rclpy_minimal_action_server:/home/liu/ros2_ws/install/examples_rclpy_minimal_action_client:/home/liu/ros2_ws/install/examples_rclpy_guard_conditions:/home/liu/ros2_ws/install/examples_rclpy_executors:/opt/ros/humble /usr/bin/cmake --build /home/liu/final_assessment/ros_ws/build/armor_interface -- -j24 -l24
[0.887s] [35m[1mConsolidate compiler generated dependencies of target armor_interface__rosidl_generator_c[0m
[0.896s] [ 10%] Built target armor_interface__rosidl_generator_c
[0.896s] [ 12%] Built target armor_interface__cpp
[0.905s] [35m[1mConsolidate compiler generated dependencies of target armor_interface__rosidl_typesupport_introspection_c[0m
[0.906s] [35m[1mConsolidate compiler generated dependencies of target armor_interface__rosidl_typesupport_fastrtps_c[0m
[0.906s] [ 12%] Built target ament_cmake_python_copy_armor_interface
[0.908s] [35m[1mConsolidate compiler generated dependencies of target armor_interface__rosidl_typesupport_introspection_cpp[0m
[0.908s] [35m[1mConsolidate compiler generated dependencies of target armor_interface__rosidl_typesupport_c[0m
[0.909s] [35m[1mConsolidate compiler generated dependencies of target armor_interface__rosidl_typesupport_fastrtps_cpp[0m
[0.917s] [ 23%] Built target armor_interface__rosidl_typesupport_introspection_c
[0.921s] [35m[1mConsolidate compiler generated dependencies of target armor_interface__rosidl_typesupport_cpp[0m
[0.922s] [ 33%] Built target armor_interface__rosidl_typesupport_fastrtps_c
[0.922s] [ 43%] Built target armor_interface__rosidl_typesupport_introspection_cpp
[0.924s] [ 53%] Built target armor_interface__rosidl_typesupport_c
[0.925s] [ 64%] Built target armor_interface__rosidl_typesupport_fastrtps_cpp
[0.934s] [ 74%] Built target armor_interface__rosidl_typesupport_cpp
[0.952s] [ 74%] Built target armor_interface
[0.971s] [ 76%] Built target armor_interface__py
[0.979s] [35m[1mConsolidate compiler generated dependencies of target armor_interface__rosidl_generator_py[0m
[0.991s] [ 84%] Built target armor_interface__rosidl_generator_py
[1.000s] [35m[1mConsolidate compiler generated dependencies of target armor_interface__rosidl_typesupport_introspection_c__pyext[0m
[1.001s] [35m[1mConsolidate compiler generated dependencies of target armor_interface__rosidl_typesupport_c__pyext[0m
[1.001s] [35m[1mConsolidate compiler generated dependencies of target armor_interface__rosidl_typesupport_fastrtps_c__pyext[0m
[1.010s] [ 89%] Built target armor_interface__rosidl_typesupport_introspection_c__pyext
[1.011s] [ 94%] Built target armor_interface__rosidl_typesupport_c__pyext
[1.011s] [100%] Built target armor_interface__rosidl_typesupport_fastrtps_c__pyext
[1.063s] running egg_info
[1.064s] writing armor_interface.egg-info/PKG-INFO
[1.064s] writing dependency_links to armor_interface.egg-info/dependency_links.txt
[1.064s] writing top-level names to armor_interface.egg-info/top_level.txt
[1.066s] reading manifest file 'armor_interface.egg-info/SOURCES.txt'
[1.066s] writing manifest file 'armor_interface.egg-info/SOURCES.txt'
[1.087s] [100%] Built target ament_cmake_python_build_armor_interface_egg
[1.096s] Invoked command in '/home/liu/final_assessment/ros_ws/build/armor_interface' returned '0': CMAKE_PREFIX_PATH=${CMAKE_PREFIX_PATH}:/home/liu/ros2_ws/install/launch_testing_examples:/home/liu/ros2_ws/install/examples_rclpy_pointcloud_publisher:/home/liu/ros2_ws/install/examples_rclpy_minimal_subscriber:/home/liu/ros2_ws/install/examples_rclpy_minimal_service:/home/liu/ros2_ws/install/examples_rclpy_minimal_publisher:/home/liu/ros2_ws/install/examples_rclpy_minimal_client:/home/liu/ros2_ws/install/examples_rclpy_minimal_action_server:/home/liu/ros2_ws/install/examples_rclpy_minimal_action_client:/home/liu/ros2_ws/install/examples_rclpy_guard_conditions:/home/liu/ros2_ws/install/examples_rclpy_executors:/opt/ros/humble /usr/bin/cmake --build /home/liu/final_assessment/ros_ws/build/armor_interface -- -j24 -l24
[1.098s] Invoking command in '/home/liu/final_assessment/ros_ws/build/armor_interface': CMAKE_PREFIX_PATH=${CMAKE_PREFIX_PATH}:/home/liu/ros2_ws/install/launch_testing_examples:/home/liu/ros2_ws/install/examples_rclpy_pointcloud_publisher:/home/liu/ros2_ws/install/examples_rclpy_minimal_subscriber:/home/liu/ros2_ws/install/examples_rclpy_minimal_service:/home/liu/ros2_ws/install/examples_rclpy_minimal_publisher:/home/liu/ros2_ws/install/examples_rclpy_minimal_client:/home/liu/ros2_ws/install/examples_rclpy_minimal_action_server:/home/liu/ros2_ws/install/examples_rclpy_minimal_action_client:/home/liu/ros2_ws/install/examples_rclpy_guard_conditions:/home/liu/ros2_ws/install/examples_rclpy_executors:/opt/ros/humble /usr/bin/cmake --install /home/liu/final_assessment/ros_ws/build/armor_interface
[1.111s] -- Install configuration: ""
[1.111s] -- Up-to-date: /home/liu/final_assessment/ros_ws/install/armor_interface/share/ament_index/resource_index/rosidl_interfaces/armor_interface
[1.111s] -- Up-to-date: /home/liu/final_assessment/ros_ws/install/armor_interface/include/armor_interface/armor_interface
[1.111s] -- Up-to-date: /home/liu/final_assessment/ros_ws/install/armor_interface/include/armor_interface/armor_interface/msg
[1.112s] -- Up-to-date: /home/liu/final_assessment/ros_ws/install/armor_interface/include/armor_interface/armor_interface/msg/detail
[1.112s] -- Up-to-date: /home/liu/final_assessment/ros_ws/install/armor_interface/include/armor_interface/armor_interface/msg/detail/armor_points__functions.h
[1.112s] -- Up-to-date: /home/liu/final_assessment/ros_ws/install/armor_interface/include/armor_interface/armor_interface/msg/detail/armor_pose__struct.h
[1.112s] -- Up-to-date: /home/liu/final_assessment/ros_ws/install/armor_interface/include/armor_interface/armor_interface/msg/detail/armor_pose__type_support.h
[1.112s] -- Up-to-date: /home/liu/final_assessment/ros_ws/install/armor_interface/include/armor_interface/armor_interface/msg/detail/armor_pose__functions.h
[1.112s] -- Up-to-date: /home/liu/final_assessment/ros_ws/install/armor_interface/include/armor_interface/armor_interface/msg/detail/armor_points__type_support.h
[1.112s] -- Up-to-date: /home/liu/final_assessment/ros_ws/install/armor_interface/include/armor_interface/armor_interface/msg/detail/armor_points__struct.h
[1.112s] -- Up-to-date: /home/liu/final_assessment/ros_ws/install/armor_interface/include/armor_interface/armor_interface/msg/detail/armor_points__functions.c
[1.112s] -- Up-to-date: /home/liu/final_assessment/ros_ws/install/armor_interface/include/armor_interface/armor_interface/msg/detail/armor_pose__functions.c
[1.112s] -- Up-to-date: /home/liu/final_assessment/ros_ws/install/armor_interface/include/armor_interface/armor_interface/msg/armor_pose.h
[1.112s] -- Up-to-date: /home/liu/final_assessment/ros_ws/install/armor_interface/include/armor_interface/armor_interface/msg/rosidl_generator_c__visibility_control.h
[1.112s] -- Up-to-date: /home/liu/final_assessment/ros_ws/install/armor_interface/include/armor_interface/armor_interface/msg/armor_points.h
[1.112s] -- Up-to-date: /home/liu/final_assessment/ros_ws/install/armor_interface/share/armor_interface/environment/library_path.sh
[1.112s] -- Installing: /home/liu/final_assessment/ros_ws/install/armor_interface/share/armor_interface/environment/library_path.dsv
[1.112s] -- Up-to-date: /home/liu/final_assessment/ros_ws/install/armor_interface/lib/libarmor_interface__rosidl_generator_c.so
[1.112s] -- Up-to-date: /home/liu/final_assessment/ros_ws/install/armor_interface/include/armor_interface/armor_interface
[1.112s] -- Up-to-date: /home/liu/final_assessment/ros_ws/install/armor_interface/include/armor_interface/armor_interface/msg
[1.112s] -- Up-to-date: /home/liu/final_assessment/ros_ws/install/armor_interface/include/armor_interface/armor_interface/msg/detail
[1.112s] -- Up-to-date: /home/liu/final_assessment/ros_ws/install/armor_interface/include/armor_interface/armor_interface/msg/detail/armor_pose__rosidl_typesupport_fastrtps_c.h
[1.113s] -- Up-to-date: /home/liu/final_assessment/ros_ws/install/armor_interface/include/armor_interface/armor_interface/msg/detail/armor_points__rosidl_typesupport_fastrtps_c.h
[1.113s] -- Up-to-date: /home/liu/final_assessment/ros_ws/install/armor_interface/include/armor_interface/armor_interface/msg/rosidl_typesupport_fastrtps_c__visibility_control.h
[1.113s] -- Up-to-date: /home/liu/final_assessment/ros_ws/install/armor_interface/lib/libarmor_interface__rosidl_typesupport_fastrtps_c.so
[1.113s] -- Up-to-date: /home/liu/final_assessment/ros_ws/install/armor_interface/include/armor_interface/armor_interface
[1.113s] -- Up-to-date: /home/liu/final_assessment/ros_ws/install/armor_interface/include/armor_interface/armor_interface/msg
[1.113s] -- Up-to-date: /home/liu/final_assessment/ros_ws/install/armor_interface/include/armor_interface/armor_interface/msg/detail
[1.113s] -- Up-to-date: /home/liu/final_assessment/ros_ws/install/armor_interface/include/armor_interface/armor_interface/msg/detail/armor_pose__rosidl_typesupport_introspection_c.h
[1.113s] -- Up-to-date: /home/liu/final_assessment/ros_ws/install/armor_interface/include/armor_interface/armor_interface/msg/detail/armor_pose__type_support.c
[1.113s] -- Up-to-date: /home/liu/final_assessment/ros_ws/install/armor_interface/include/armor_interface/armor_interface/msg/detail/armor_points__rosidl_typesupport_introspection_c.h
[1.113s] -- Up-to-date: /home/liu/final_assessment/ros_ws/install/armor_interface/include/armor_interface/armor_interface/msg/detail/armor_points__type_support.c
[1.113s] -- Up-to-date: /home/liu/final_assessment/ros_ws/install/armor_interface/include/armor_interface/armor_interface/msg/rosidl_typesupport_introspection_c__visibility_control.h
[1.113s] -- Up-to-date: /home/liu/final_assessment/ros_ws/install/armor_interface/lib/libarmor_interface__rosidl_typesupport_introspection_c.so
[1.113s] -- Up-to-date: /home/liu/final_assessment/ros_ws/install/armor_interface/lib/libarmor_interface__rosidl_typesupport_c.so
[1.113s] -- Up-to-date: /home/liu/final_assessment/ros_ws/install/armor_interface/include/armor_interface/armor_interface
[1.114s] -- Up-to-date: /home/liu/final_assessment/ros_ws/install/armor_interface/include/armor_interface/armor_interface/msg
[1.114s] -- Up-to-date: /home/liu/final_assessment/ros_ws/install/armor_interface/include/armor_interface/armor_interface/msg/detail
[1.114s] -- Up-to-date: /home/liu/final_assessment/ros_ws/install/armor_interface/include/armor_interface/armor_interface/msg/detail/armor_pose__type_support.hpp
[1.114s] -- Up-to-date: /home/liu/final_assessment/ros_ws/install/armor_interface/include/armor_interface/armor_interface/msg/detail/armor_pose__builder.hpp
[1.114s] -- Up-to-date: /home/liu/final_assessment/ros_ws/install/armor_interface/include/armor_interface/armor_interface/msg/detail/armor_pose__struct.hpp
[1.114s] -- Up-to-date: /home/liu/final_assessment/ros_ws/install/armor_interface/include/armor_interface/armor_interface/msg/detail/armor_points__traits.hpp
[1.114s] -- Up-to-date: /home/liu/final_assessment/ros_ws/install/armor_interface/include/armor_interface/armor_interface/msg/detail/armor_pose__traits.hpp
[1.114s] -- Up-to-date: /home/liu/final_assessment/ros_ws/install/armor_interface/include/armor_interface/armor_interface/msg/detail/armor_points__builder.hpp
[1.114s] -- Up-to-date: /home/liu/final_assessment/ros_ws/install/armor_interface/include/armor_interface/armor_interface/msg/detail/armor_points__type_support.hpp
[1.114s] -- Up-to-date: /home/liu/final_assessment/ros_ws/install/armor_interface/include/armor_interface/armor_interface/msg/detail/armor_points__struct.hpp
[1.114s] -- Up-to-date: /home/liu/final_assessment/ros_ws/install/armor_interface/include/armor_interface/armor_interface/msg/armor_pose.hpp
[1.114s] -- Up-to-date: /home/liu/final_assessment/ros_ws/install/armor_interface/include/armor_interface/armor_interface/msg/armor_points.hpp
[1.114s] -- Up-to-date: /home/liu/final_assessment/ros_ws/install/armor_interface/include/armor_interface/armor_interface/msg/rosidl_generator_cpp__visibility_control.hpp
[1.114s] -- Up-to-date: /home/liu/final_assessment/ros_ws/install/armor_interface/include/armor_interface/armor_interface
[1.114s] -- Up-to-date: /home/liu/final_assessment/ros_ws/install/armor_interface/include/armor_interface/armor_interface/msg
[1.114s] -- Up-to-date: /home/liu/final_assessment/ros_ws/install/armor_interface/include/armor_interface/armor_interface/msg/detail
[1.114s] -- Up-to-date: /home/liu/final_assessment/ros_ws/install/armor_interface/include/armor_interface/armor_interface/msg/detail/armor_points__rosidl_typesupport_fastrtps_cpp.hpp
[1.114s] -- Up-to-date: /home/liu/final_assessment/ros_ws/install/armor_interface/include/armor_interface/armor_interface/msg/detail/armor_pose__rosidl_typesupport_fastrtps_cpp.hpp
[1.115s] -- Up-to-date: /home/liu/final_assessment/ros_ws/install/armor_interface/include/armor_interface/armor_interface/msg/detail/dds_fastrtps
[1.115s] -- Up-to-date: /home/liu/final_assessment/ros_ws/install/armor_interface/include/armor_interface/armor_interface/msg/rosidl_typesupport_fastrtps_cpp__visibility_control.h
[1.115s] -- Up-to-date: /home/liu/final_assessment/ros_ws/install/armor_interface/lib/libarmor_interface__rosidl_typesupport_fastrtps_cpp.so
[1.115s] -- Up-to-date: /home/liu/final_assessment/ros_ws/install/armor_interface/include/armor_interface/armor_interface
[1.115s] -- Up-to-date: /home/liu/final_assessment/ros_ws/install/armor_interface/include/armor_interface/armor_interface/msg
[1.115s] -- Up-to-date: /home/liu/final_assessment/ros_ws/install/armor_interface/include/armor_interface/armor_interface/msg/detail
[1.115s] -- Up-to-date: /home/liu/final_assessment/ros_ws/install/armor_interface/include/armor_interface/armor_interface/msg/detail/armor_points__rosidl_typesupport_introspection_cpp.hpp
[1.115s] -- Up-to-date: /home/liu/final_assessment/ros_ws/install/armor_interface/include/armor_interface/armor_interface/msg/detail/armor_pose__type_support.cpp
[1.115s] -- Up-to-date: /home/liu/final_assessment/ros_ws/install/armor_interface/include/armor_interface/armor_interface/msg/detail/armor_pose__rosidl_typesupport_introspection_cpp.hpp
[1.115s] -- Up-to-date: /home/liu/final_assessment/ros_ws/install/armor_interface/include/armor_interface/armor_interface/msg/detail/armor_points__type_support.cpp
[1.115s] -- Up-to-date: /home/liu/final_assessment/ros_ws/install/armor_interface/lib/libarmor_interface__rosidl_typesupport_introspection_cpp.so
[1.115s] -- Up-to-date: /home/liu/final_assessment/ros_ws/install/armor_interface/lib/libarmor_interface__rosidl_typesupport_cpp.so
[1.115s] -- Up-to-date: /home/liu/final_assessment/ros_ws/install/armor_interface/share/armor_interface/environment/pythonpath.sh
[1.115s] -- Installing: /home/liu/final_assessment/ros_ws/install/armor_interface/share/armor_interface/environment/pythonpath.dsv
[1.115s] -- Up-to-date: /home/liu/final_assessment/ros_ws/install/armor_interface/local/lib/python3.10/dist-packages/armor_interface-0.0.1-py3.10.egg-info
[1.115s] -- Installing: /home/liu/final_assessment/ros_ws/install/armor_interface/local/lib/python3.10/dist-packages/armor_interface-0.0.1-py3.10.egg-info/PKG-INFO
[1.115s] -- Installing: /home/liu/final_assessment/ros_ws/install/armor_interface/local/lib/python3.10/dist-packages/armor_interface-0.0.1-py3.10.egg-info/SOURCES.txt
[1.116s] -- Installing: /home/liu/final_assessment/ros_ws/install/armor_interface/local/lib/python3.10/dist-packages/armor_interface-0.0.1-py3.10.egg-info/dependency_links.txt
[1.116s] -- Installing: /home/liu/final_assessment/ros_ws/install/armor_interface/local/lib/python3.10/dist-packages/armor_interface-0.0.1-py3.10.egg-info/top_level.txt
[1.116s] -- Up-to-date: /home/liu/final_assessment/ros_ws/install/armor_interface/local/lib/python3.10/dist-packages/armor_interface
[1.116s] -- Up-to-date: /home/liu/final_assessment/ros_ws/install/armor_interface/local/lib/python3.10/dist-packages/armor_interface/libarmor_interface__rosidl_generator_py.so
[1.116s] -- Installing: /home/liu/final_assessment/ros_ws/install/armor_interface/local/lib/python3.10/dist-packages/armor_interface/__init__.py
[1.116s] -- Up-to-date: /home/liu/final_assessment/ros_ws/install/armor_interface/local/lib/python3.10/dist-packages/armor_interface/armor_interface_s__rosidl_typesupport_introspection_c.cpython-310-x86_64-linux-gnu.so
[1.116s] -- Up-to-date: /home/liu/final_assessment/ros_ws/install/armor_interface/local/lib/python3.10/dist-packages/armor_interface/_armor_interface_s.ep.rosidl_typesupport_fastrtps_c.c
[1.116s] -- Up-to-date: /home/liu/final_assessment/ros_ws/install/armor_interface/local/lib/python3.10/dist-packages/armor_interface/armor_interface_s__rosidl_typesupport_c.cpython-310-x86_64-linux-gnu.so
[1.116s] -- Up-to-date: /home/liu/final_assessment/ros_ws/install/armor_interface/local/lib/python3.10/dist-packages/armor_interface/_armor_interface_s.ep.rosidl_typesupport_c.c
[1.116s] -- Up-to-date: /home/liu/final_assessment/ros_ws/install/armor_interface/local/lib/python3.10/dist-packages/armor_interface/msg
[1.116s] -- Up-to-date: /home/liu/final_assessment/ros_ws/install/armor_interface/local/lib/python3.10/dist-packages/armor_interface/msg/_armor_pose.py
[1.116s] -- Up-to-date: /home/liu/final_assessment/ros_ws/install/armor_interface/local/lib/python3.10/dist-packages/armor_interface/msg/_armor_points.py
[1.116s] -- Up-to-date: /home/liu/final_assessment/ros_ws/install/armor_interface/local/lib/python3.10/dist-packages/armor_interface/msg/__init__.py
[1.116s] -- Up-to-date: /home/liu/final_assessment/ros_ws/install/armor_interface/local/lib/python3.10/dist-packages/armor_interface/msg/_armor_points_s.c
[1.116s] -- Up-to-date: /home/liu/final_assessment/ros_ws/install/armor_interface/local/lib/python3.10/dist-packages/armor_interface/msg/_armor_pose_s.c
[1.116s] -- Up-to-date: /home/liu/final_assessment/ros_ws/install/armor_interface/local/lib/python3.10/dist-packages/armor_interface/armor_interface_s__rosidl_typesupport_fastrtps_c.cpython-310-x86_64-linux-gnu.so
[1.117s] -- Up-to-date: /home/liu/final_assessment/ros_ws/install/armor_interface/local/lib/python3.10/dist-packages/armor_interface/_armor_interface_s.ep.rosidl_typesupport_introspection_c.c
[1.149s] Listing '/home/liu/final_assessment/ros_ws/install/armor_interface/local/lib/python3.10/dist-packages/armor_interface'...
[1.149s] Compiling '/home/liu/final_assessment/ros_ws/install/armor_interface/local/lib/python3.10/dist-packages/armor_interface/__init__.py'...
[1.149s] Listing '/home/liu/final_assessment/ros_ws/install/armor_interface/local/lib/python3.10/dist-packages/armor_interface/msg'...
[1.153s] -- Up-to-date: /home/liu/final_assessment/ros_ws/install/armor_interface/local/lib/python3.10/dist-packages/armor_interface/armor_interface_s__rosidl_typesupport_fastrtps_c.cpython-310-x86_64-linux-gnu.so
[1.153s] -- Up-to-date: /home/liu/final_assessment/ros_ws/install/armor_interface/local/lib/python3.10/dist-packages/armor_interface/armor_interface_s__rosidl_typesupport_introspection_c.cpython-310-x86_64-linux-gnu.so
[1.153s] -- Up-to-date: /home/liu/final_assessment/ros_ws/install/armor_interface/local/lib/python3.10/dist-packages/armor_interface/armor_interface_s__rosidl_typesupport_c.cpython-310-x86_64-linux-gnu.so
[1.153s] -- Up-to-date: /home/liu/final_assessment/ros_ws/install/armor_interface/lib/libarmor_interface__rosidl_generator_py.so
[1.153s] -- Up-to-date: /home/liu/final_assessment/ros_ws/install/armor_interface/share/armor_interface/msg/ArmorPose.idl
[1.153s] -- Up-to-date: /home/liu/final_assessment/ros_ws/install/armor_interface/share/armor_interface/msg/ArmorPoints.idl
[1.153s] -- Up-to-date: /home/liu/final_assessment/ros_ws/install/armor_interface/share/armor_interface/msg/ArmorPose.msg
[1.153s] -- Up-to-date: /home/liu/final_assessment/ros_ws/install/armor_interface/share/armor_interface/msg/ArmorPoints.msg
[1.154s] -- Up-to-date: /home/liu/final_assessment/ros_ws/install/armor_interface/share/ament_index/resource_index/package_run_dependencies/armor_interface
[1.154s] -- Up-to-date: /home/liu/final_assessment/ros_ws/install/armor_interface/share/ament_index/resource_index/parent_prefix_path/armor_interface
[1.154s] -- Up-to-date: /home/liu/final_assessment/ros_ws/install/armor_interface/share/armor_interface/environment/ament_prefix_path.sh
[1.154s] -- Installing: /home/liu/final_assessment/ros_ws/install/armor_interface/share/armor_interface/environment/ament_prefix_path.dsv
[1.154s] -- Up-to-date: /home/liu/final_assessment/ros_ws/install/armor_interface/share/armor_interface/environment/path.sh
[1.154s] -- Installing: /home/liu/final_assessment/ros_ws/install/armor_interface/share/armor_interface/environment/path.dsv
[1.154s] -- Up-to-date: /home/liu/final_assessment/ros_ws/install/armor_interface/share/armor_interface/local_setup.bash
[1.154s] -- Up-to-date: /home/liu/final_assessment/ros_ws/install/armor_interface/share/armor_interface/local_setup.sh
[1.154s] -- Up-to-date: /home/liu/final_assessment/ros_ws/install/armor_interface/share/armor_interface/local_setup.zsh
[1.154s] -- Installing: /home/liu/final_assessment/ros_ws/install/armor_interface/share/armor_interface/local_setup.dsv
[1.154s] -- Installing: /home/liu/final_assessment/ros_ws/install/armor_interface/share/armor_interface/package.dsv
[1.154s] -- Up-to-date: /home/liu/final_assessment/ros_ws/install/armor_interface/share/ament_index/resource_index/packages/armor_interface
[1.154s] -- Up-to-date: /home/liu/final_assessment/ros_ws/install/armor_interface/share/armor_interface/cmake/export_armor_interface__rosidl_generator_cExport.cmake
[1.154s] -- Up-to-date: /home/liu/final_assessment/ros_ws/install/armor_interface/share/armor_interface/cmake/export_armor_interface__rosidl_generator_cExport-noconfig.cmake
[1.154s] -- Up-to-date: /home/liu/final_assessment/ros_ws/install/armor_interface/share/armor_interface/cmake/export_armor_interface__rosidl_typesupport_fastrtps_cExport.cmake
[1.154s] -- Up-to-date: /home/liu/final_assessment/ros_ws/install/armor_interface/share/armor_interface/cmake/export_armor_interface__rosidl_typesupport_fastrtps_cExport-noconfig.cmake
[1.154s] -- Up-to-date: /home/liu/final_assessment/ros_ws/install/armor_interface/share/armor_interface/cmake/armor_interface__rosidl_typesupport_introspection_cExport.cmake
[1.154s] -- Up-to-date: /home/liu/final_assessment/ros_ws/install/armor_interface/share/armor_interface/cmake/armor_interface__rosidl_typesupport_introspection_cExport-noconfig.cmake
[1.154s] -- Up-to-date: /home/liu/final_assessment/ros_ws/install/armor_interface/share/armor_interface/cmake/armor_interface__rosidl_typesupport_cExport.cmake
[1.154s] -- Up-to-date: /home/liu/final_assessment/ros_ws/install/armor_interface/share/armor_interface/cmake/armor_interface__rosidl_typesupport_cExport-noconfig.cmake
[1.154s] -- Up-to-date: /home/liu/final_assessment/ros_ws/install/armor_interface/share/armor_interface/cmake/export_armor_interface__rosidl_generator_cppExport.cmake
[1.154s] -- Up-to-date: /home/liu/final_assessment/ros_ws/install/armor_interface/share/armor_interface/cmake/export_armor_interface__rosidl_typesupport_fastrtps_cppExport.cmake
[1.154s] -- Up-to-date: /home/liu/final_assessment/ros_ws/install/armor_interface/share/armor_interface/cmake/export_armor_interface__rosidl_typesupport_fastrtps_cppExport-noconfig.cmake
[1.154s] -- Up-to-date: /home/liu/final_assessment/ros_ws/install/armor_interface/share/armor_interface/cmake/armor_interface__rosidl_typesupport_introspection_cppExport.cmake
[1.154s] -- Up-to-date: /home/liu/final_assessment/ros_ws/install/armor_interface/share/armor_interface/cmake/armor_interface__rosidl_typesupport_introspection_cppExport-noconfig.cmake
[1.155s] -- Up-to-date: /home/liu/final_assessment/ros_ws/install/armor_interface/share/armor_interface/cmake/armor_interface__rosidl_typesupport_cppExport.cmake
[1.155s] -- Up-to-date: /home/liu/final_assessment/ros_ws/install/armor_interface/share/armor_interface/cmake/armor_interface__rosidl_typesupport_cppExport-noconfig.cmake
[1.155s] -- Up-to-date: /home/liu/final_assessment/ros_ws/install/armor_interface/share/armor_interface/cmake/export_armor_interface__rosidl_generator_pyExport.cmake
[1.155s] -- Up-to-date: /home/liu/final_assessment/ros_ws/install/armor_interface/share/armor_interface/cmake/export_armor_interface__rosidl_generator_pyExport-noconfig.cmake
[1.155s] -- Up-to-date: /home/liu/final_assessment/ros_ws/install/armor_interface/share/armor_interface/cmake/rosidl_cmake-extras.cmake
[1.155s] -- Up-to-date: /home/liu/final_assessment/ros_ws/install/armor_interface/share/armor_interface/cmake/ament_cmake_export_include_directories-extras.cmake
[1.155s] -- Up-to-date: /home/liu/final_assessment/ros_ws/install/armor_interface/share/armor_interface/cmake/ament_cmake_export_libraries-extras.cmake
[1.155s] -- Up-to-date: /home/liu/final_assessment/ros_ws/install/armor_interface/share/armor_interface/cmake/ament_cmake_export_targets-extras.cmake
[1.155s] -- Up-to-date: /home/liu/final_assessment/ros_ws/install/armor_interface/share/armor_interface/cmake/rosidl_cmake_export_typesupport_targets-extras.cmake
[1.155s] -- Up-to-date: /home/liu/final_assessment/ros_ws/install/armor_interface/share/armor_interface/cmake/ament_cmake_export_dependencies-extras.cmake
[1.155s] -- Up-to-date: /home/liu/final_assessment/ros_ws/install/armor_interface/share/armor_interface/cmake/rosidl_cmake_export_typesupport_libraries-extras.cmake
[1.155s] -- Up-to-date: /home/liu/final_assessment/ros_ws/install/armor_interface/share/armor_interface/cmake/armor_interfaceConfig.cmake
[1.155s] -- Up-to-date: /home/liu/final_assessment/ros_ws/install/armor_interface/share/armor_interface/cmake/armor_interfaceConfig-version.cmake
[1.155s] -- Up-to-date: /home/liu/final_assessment/ros_ws/install/armor_interface/share/armor_interface/package.xml
[1.156s] Invoked command in '/home/liu/final_assessment/ros_ws/build/armor_interface' returned '0': CMAKE_PREFIX_PATH=${CMAKE_PREFIX_PATH}:/home/liu/ros2_ws/install/launch_testing_examples:/home/liu/ros2_ws/install/examples_rclpy_pointcloud_publisher:/home/liu/ros2_ws/install/examples_rclpy_minimal_subscriber:/home/liu/ros2_ws/install/examples_rclpy_minimal_service:/home/liu/ros2_ws/install/examples_rclpy_minimal_publisher:/home/liu/ros2_ws/install/examples_rclpy_minimal_client:/home/liu/ros2_ws/install/examples_rclpy_minimal_action_server:/home/liu/ros2_ws/install/examples_rclpy_minimal_action_client:/home/liu/ros2_ws/install/examples_rclpy_guard_conditions:/home/liu/ros2_ws/install/examples_rclpy_executors:/opt/ros/humble /usr/bin/cmake --install /home/liu/final_assessment/ros_ws/build/armor_interface
