[0.458s] Invoking command in '/home/liu/final_assessment/ros_ws/src/bringup': PYTHONPATH=/home/liu/final_assessment/ros_ws/build/bringup/prefix_override:/usr/lib/python3/dist-packages/colcon_core/task/python/colcon_distutils_commands:/home/liu/final_assessment/ros_ws/install/bringup/lib/python3.10/site-packages:${PYTHONPATH} /usr/bin/python3 -W ignore:setup.py install is deprecated -W ignore:easy_install command is deprecated setup.py egg_info --egg-base ../../build/bringup build --build-base /home/liu/final_assessment/ros_ws/build/bringup/build install --record /home/liu/final_assessment/ros_ws/build/bringup/install.log --single-version-externally-managed install_data
[0.632s] running egg_info
[0.633s] creating ../../build/bringup/bringup.egg-info
[0.633s] writing ../../build/bringup/bringup.egg-info/PKG-INFO
[0.633s] writing dependency_links to ../../build/bringup/bringup.egg-info/dependency_links.txt
[0.633s] writing entry points to ../../build/bringup/bringup.egg-info/entry_points.txt
[0.633s] writing requirements to ../../build/bringup/bringup.egg-info/requires.txt
[0.633s] writing top-level names to ../../build/bringup/bringup.egg-info/top_level.txt
[0.633s] writing manifest file '../../build/bringup/bringup.egg-info/SOURCES.txt'
[0.634s] reading manifest file '../../build/bringup/bringup.egg-info/SOURCES.txt'
[0.634s] adding license file 'LICENSE'
[0.634s] writing manifest file '../../build/bringup/bringup.egg-info/SOURCES.txt'
[0.635s] running build
[0.635s] running build_py
[0.635s] creating /home/liu/final_assessment/ros_ws/build/bringup/build
[0.635s] creating /home/liu/final_assessment/ros_ws/build/bringup/build/lib
[0.635s] creating /home/liu/final_assessment/ros_ws/build/bringup/build/lib/bringup
[0.635s] copying bringup/__init__.py -> /home/liu/final_assessment/ros_ws/build/bringup/build/lib/bringup
[0.635s] running install
[0.635s] running install_lib
[0.636s] creating /home/liu/final_assessment/ros_ws/install/bringup/lib/python3.10/site-packages/bringup
[0.636s] copying /home/liu/final_assessment/ros_ws/build/bringup/build/lib/bringup/__init__.py -> /home/liu/final_assessment/ros_ws/install/bringup/lib/python3.10/site-packages/bringup
[0.636s] byte-compiling /home/liu/final_assessment/ros_ws/install/bringup/lib/python3.10/site-packages/bringup/__init__.py to __init__.cpython-310.pyc
[0.636s] running install_data
[0.636s] creating /home/liu/final_assessment/ros_ws/install/bringup/share/ament_index
[0.636s] creating /home/liu/final_assessment/ros_ws/install/bringup/share/ament_index/resource_index
[0.636s] creating /home/liu/final_assessment/ros_ws/install/bringup/share/ament_index/resource_index/packages
[0.636s] copying resource/bringup -> /home/liu/final_assessment/ros_ws/install/bringup/share/ament_index/resource_index/packages
[0.636s] copying package.xml -> /home/liu/final_assessment/ros_ws/install/bringup/share/bringup
[0.637s] creating /home/liu/final_assessment/ros_ws/install/bringup/share/bringup/launch
[0.637s] copying launch/bringup.launch.py -> /home/liu/final_assessment/ros_ws/install/bringup/share/bringup/launch
[0.637s] creating /home/liu/final_assessment/ros_ws/install/bringup/share/bringup/config
[0.637s] copying config/kalman.yaml -> /home/liu/final_assessment/ros_ws/install/bringup/share/bringup/config
[0.637s] copying config/data.csv -> /home/liu/final_assessment/ros_ws/install/bringup/share/bringup/config
[0.637s] copying config/correct_camera_info.yaml -> /home/liu/final_assessment/ros_ws/install/bringup/share/bringup/config
[0.637s] running install_egg_info
[0.638s] Copying ../../build/bringup/bringup.egg-info to /home/liu/final_assessment/ros_ws/install/bringup/lib/python3.10/site-packages/bringup-0.0.0-py3.10.egg-info
[0.639s] running install_scripts
[0.655s] writing list of installed files to '/home/liu/final_assessment/ros_ws/build/bringup/install.log'
[0.671s] Invoked command in '/home/liu/final_assessment/ros_ws/src/bringup' returned '0': PYTHONPATH=/home/liu/final_assessment/ros_ws/build/bringup/prefix_override:/usr/lib/python3/dist-packages/colcon_core/task/python/colcon_distutils_commands:/home/liu/final_assessment/ros_ws/install/bringup/lib/python3.10/site-packages:${PYTHONPATH} /usr/bin/python3 -W ignore:setup.py install is deprecated -W ignore:easy_install command is deprecated setup.py egg_info --egg-base ../../build/bringup build --build-base /home/liu/final_assessment/ros_ws/build/bringup/build install --record /home/liu/final_assessment/ros_ws/build/bringup/install.log --single-version-externally-managed install_data
