[0.009s] Invoking command in '/home/liu/final_assessment/ros_ws/build/final_assessment': CMAKE_PREFIX_PATH=${CMAKE_PREFIX_PATH}:/home/liu/ros2_ws/install/launch_testing_examples:/home/liu/ros2_ws/install/examples_rclpy_pointcloud_publisher:/home/liu/ros2_ws/install/examples_rclpy_minimal_subscriber:/home/liu/ros2_ws/install/examples_rclpy_minimal_service:/home/liu/ros2_ws/install/examples_rclpy_minimal_publisher:/home/liu/ros2_ws/install/examples_rclpy_minimal_client:/home/liu/ros2_ws/install/examples_rclpy_minimal_action_server:/home/liu/ros2_ws/install/examples_rclpy_minimal_action_client:/home/liu/ros2_ws/install/examples_rclpy_guard_conditions:/home/liu/ros2_ws/install/examples_rclpy_executors:/opt/ros/humble /usr/bin/cmake --build /home/liu/final_assessment/ros_ws/build/final_assessment -- -j24 -l24
[0.052s] [35m[1mConsolidate compiler generated dependencies of target publisher[0m
[0.074s] [100%] Built target publisher
[0.088s] Invoked command in '/home/liu/final_assessment/ros_ws/build/final_assessment' returned '0': CMAKE_PREFIX_PATH=${CMAKE_PREFIX_PATH}:/home/liu/ros2_ws/install/launch_testing_examples:/home/liu/ros2_ws/install/examples_rclpy_pointcloud_publisher:/home/liu/ros2_ws/install/examples_rclpy_minimal_subscriber:/home/liu/ros2_ws/install/examples_rclpy_minimal_service:/home/liu/ros2_ws/install/examples_rclpy_minimal_publisher:/home/liu/ros2_ws/install/examples_rclpy_minimal_client:/home/liu/ros2_ws/install/examples_rclpy_minimal_action_server:/home/liu/ros2_ws/install/examples_rclpy_minimal_action_client:/home/liu/ros2_ws/install/examples_rclpy_guard_conditions:/home/liu/ros2_ws/install/examples_rclpy_executors:/opt/ros/humble /usr/bin/cmake --build /home/liu/final_assessment/ros_ws/build/final_assessment -- -j24 -l24
[0.101s] Invoking command in '/home/liu/final_assessment/ros_ws/build/final_assessment': CMAKE_PREFIX_PATH=${CMAKE_PREFIX_PATH}:/home/liu/ros2_ws/install/launch_testing_examples:/home/liu/ros2_ws/install/examples_rclpy_pointcloud_publisher:/home/liu/ros2_ws/install/examples_rclpy_minimal_subscriber:/home/liu/ros2_ws/install/examples_rclpy_minimal_service:/home/liu/ros2_ws/install/examples_rclpy_minimal_publisher:/home/liu/ros2_ws/install/examples_rclpy_minimal_client:/home/liu/ros2_ws/install/examples_rclpy_minimal_action_server:/home/liu/ros2_ws/install/examples_rclpy_minimal_action_client:/home/liu/ros2_ws/install/examples_rclpy_guard_conditions:/home/liu/ros2_ws/install/examples_rclpy_executors:/opt/ros/humble /usr/bin/cmake --install /home/liu/final_assessment/ros_ws/build/final_assessment
[0.111s] -- Install configuration: ""
[0.111s] -- Up-to-date: /home/liu/final_assessment/ros_ws/install/final_assessment/lib/final_assessment/publisher
[0.111s] -- Up-to-date: /home/liu/final_assessment/ros_ws/install/final_assessment/share/ament_index/resource_index/package_run_dependencies/final_assessment
[0.111s] -- Up-to-date: /home/liu/final_assessment/ros_ws/install/final_assessment/share/ament_index/resource_index/parent_prefix_path/final_assessment
[0.111s] -- Up-to-date: /home/liu/final_assessment/ros_ws/install/final_assessment/share/final_assessment/environment/ament_prefix_path.sh
[0.112s] -- Up-to-date: /home/liu/final_assessment/ros_ws/install/final_assessment/share/final_assessment/environment/ament_prefix_path.dsv
[0.112s] -- Up-to-date: /home/liu/final_assessment/ros_ws/install/final_assessment/share/final_assessment/environment/path.sh
[0.112s] -- Up-to-date: /home/liu/final_assessment/ros_ws/install/final_assessment/share/final_assessment/environment/path.dsv
[0.112s] -- Up-to-date: /home/liu/final_assessment/ros_ws/install/final_assessment/share/final_assessment/local_setup.bash
[0.112s] -- Up-to-date: /home/liu/final_assessment/ros_ws/install/final_assessment/share/final_assessment/local_setup.sh
[0.112s] -- Up-to-date: /home/liu/final_assessment/ros_ws/install/final_assessment/share/final_assessment/local_setup.zsh
[0.112s] -- Up-to-date: /home/liu/final_assessment/ros_ws/install/final_assessment/share/final_assessment/local_setup.dsv
[0.112s] -- Installing: /home/liu/final_assessment/ros_ws/install/final_assessment/share/final_assessment/package.dsv
[0.112s] -- Up-to-date: /home/liu/final_assessment/ros_ws/install/final_assessment/share/ament_index/resource_index/packages/final_assessment
[0.112s] -- Up-to-date: /home/liu/final_assessment/ros_ws/install/final_assessment/share/final_assessment/cmake/final_assessmentConfig.cmake
[0.112s] -- Up-to-date: /home/liu/final_assessment/ros_ws/install/final_assessment/share/final_assessment/cmake/final_assessmentConfig-version.cmake
[0.113s] -- Up-to-date: /home/liu/final_assessment/ros_ws/install/final_assessment/share/final_assessment/package.xml
[0.114s] Invoked command in '/home/liu/final_assessment/ros_ws/build/final_assessment' returned '0': CMAKE_PREFIX_PATH=${CMAKE_PREFIX_PATH}:/home/liu/ros2_ws/install/launch_testing_examples:/home/liu/ros2_ws/install/examples_rclpy_pointcloud_publisher:/home/liu/ros2_ws/install/examples_rclpy_minimal_subscriber:/home/liu/ros2_ws/install/examples_rclpy_minimal_service:/home/liu/ros2_ws/install/examples_rclpy_minimal_publisher:/home/liu/ros2_ws/install/examples_rclpy_minimal_client:/home/liu/ros2_ws/install/examples_rclpy_minimal_action_server:/home/liu/ros2_ws/install/examples_rclpy_minimal_action_client:/home/liu/ros2_ws/install/examples_rclpy_guard_conditions:/home/liu/ros2_ws/install/examples_rclpy_executors:/opt/ros/humble /usr/bin/cmake --install /home/liu/final_assessment/ros_ws/build/final_assessment
